[2024-07-12 06:53:24,769] {taskinstance.py:1032} INFO - Dependencies all met for <TaskInstance: task2_file_stg.load_peoples manual__2024-07-12T06:53:22.227163+00:00 [queued]>
[2024-07-12 06:53:24,781] {taskinstance.py:1032} INFO - Dependencies all met for <TaskInstance: task2_file_stg.load_peoples manual__2024-07-12T06:53:22.227163+00:00 [queued]>
[2024-07-12 06:53:24,782] {taskinstance.py:1238} INFO - 
--------------------------------------------------------------------------------
[2024-07-12 06:53:24,782] {taskinstance.py:1239} INFO - Starting attempt 1 of 1
[2024-07-12 06:53:24,782] {taskinstance.py:1240} INFO - 
--------------------------------------------------------------------------------
[2024-07-12 06:53:24,795] {taskinstance.py:1259} INFO - Executing <Task(_PythonDecoratedOperator): load_peoples> on 2024-07-12 06:53:22.227163+00:00
[2024-07-12 06:53:24,801] {standard_task_runner.py:52} INFO - Started process 6747 to run task
[2024-07-12 06:53:24,804] {standard_task_runner.py:76} INFO - Running: ['airflow', 'tasks', 'run', 'task2_file_stg', 'load_peoples', 'manual__2024-07-12T06:53:22.227163+00:00', '--job-id', '14', '--raw', '--subdir', 'DAGS_FOLDER/task2_file_stg.py', '--cfg-path', '/tmp/tmprby_ibn_', '--error-file', '/tmp/tmpdzvk9642']
[2024-07-12 06:53:24,808] {standard_task_runner.py:77} INFO - Job 14: Subtask load_peoples
[2024-07-12 06:53:24,868] {logging_mixin.py:109} INFO - Running <TaskInstance: task2_file_stg.load_peoples manual__2024-07-12T06:53:22.227163+00:00 [running]> on host 676d07ac814a
[2024-07-12 06:53:24,924] {taskinstance.py:1426} INFO - Exporting the following env vars:
AIRFLOW_CTX_DAG_OWNER=airflow
AIRFLOW_CTX_DAG_ID=task2_file_stg
AIRFLOW_CTX_TASK_ID=load_peoples
AIRFLOW_CTX_EXECUTION_DATE=2024-07-12T06:53:22.227163+00:00
AIRFLOW_CTX_DAG_RUN_ID=manual__2024-07-12T06:53:22.227163+00:00
[2024-07-12 06:53:25,328] {python.py:175} INFO - Done. Returned value was: None
[2024-07-12 06:53:25,342] {taskinstance.py:1277} INFO - Marking task as SUCCESS. dag_id=task2_file_stg, task_id=load_peoples, execution_date=20240712T065322, start_date=20240712T065324, end_date=20240712T065325
[2024-07-12 06:53:25,392] {local_task_job.py:154} INFO - Task exited with return code 0
[2024-07-12 06:53:25,430] {local_task_job.py:264} INFO - 1 downstream tasks scheduled from follow-on schedule check
