[2024-08-14 13:52:03,995] {taskinstance.py:1032} INFO - Dependencies all met for <TaskInstance: load_stg_to_dds2.load_data_dds manual__2024-08-14T13:52:03.223671+00:00 [queued]>
[2024-08-14 13:52:04,007] {taskinstance.py:1032} INFO - Dependencies all met for <TaskInstance: load_stg_to_dds2.load_data_dds manual__2024-08-14T13:52:03.223671+00:00 [queued]>
[2024-08-14 13:52:04,008] {taskinstance.py:1238} INFO - 
--------------------------------------------------------------------------------
[2024-08-14 13:52:04,008] {taskinstance.py:1239} INFO - Starting attempt 1 of 1
[2024-08-14 13:52:04,008] {taskinstance.py:1240} INFO - 
--------------------------------------------------------------------------------
[2024-08-14 13:52:04,020] {taskinstance.py:1259} INFO - Executing <Task(_PythonDecoratedOperator): load_data_dds> on 2024-08-14 13:52:03.223671+00:00
[2024-08-14 13:52:04,025] {standard_task_runner.py:52} INFO - Started process 30435 to run task
[2024-08-14 13:52:04,029] {standard_task_runner.py:76} INFO - Running: ['airflow', 'tasks', 'run', 'load_stg_to_dds2', 'load_data_dds', 'manual__2024-08-14T13:52:03.223671+00:00', '--job-id', '92', '--raw', '--subdir', 'DAGS_FOLDER/load_stg_to_dds2.py', '--cfg-path', '/tmp/tmpv1wz4ovk', '--error-file', '/tmp/tmp6kq8z2br']
[2024-08-14 13:52:04,033] {standard_task_runner.py:77} INFO - Job 92: Subtask load_data_dds
[2024-08-14 13:52:04,113] {logging_mixin.py:109} INFO - Running <TaskInstance: load_stg_to_dds2.load_data_dds manual__2024-08-14T13:52:03.223671+00:00 [running]> on host 915f51171463
[2024-08-14 13:52:04,196] {taskinstance.py:1426} INFO - Exporting the following env vars:
AIRFLOW_CTX_DAG_OWNER=airflow
AIRFLOW_CTX_DAG_ID=load_stg_to_dds2
AIRFLOW_CTX_TASK_ID=load_data_dds
AIRFLOW_CTX_EXECUTION_DATE=2024-08-14T13:52:03.223671+00:00
AIRFLOW_CTX_DAG_RUN_ID=manual__2024-08-14T13:52:03.223671+00:00
[2024-08-14 13:53:40,592] {python.py:175} INFO - Done. Returned value was: None
[2024-08-14 13:53:40,607] {taskinstance.py:1277} INFO - Marking task as SUCCESS. dag_id=load_stg_to_dds2, task_id=load_data_dds, execution_date=20240814T135203, start_date=20240814T135203, end_date=20240814T135340
[2024-08-14 13:53:40,658] {local_task_job.py:154} INFO - Task exited with return code 0
[2024-08-14 13:53:40,693] {local_task_job.py:264} INFO - 0 downstream tasks scheduled from follow-on schedule check
