[2024-07-12 06:58:38,012] {taskinstance.py:1032} INFO - Dependencies all met for <TaskInstance: task2_file_stg.load_chats manual__2024-07-12T06:58:36.000041+00:00 [queued]>
[2024-07-12 06:58:38,027] {taskinstance.py:1032} INFO - Dependencies all met for <TaskInstance: task2_file_stg.load_chats manual__2024-07-12T06:58:36.000041+00:00 [queued]>
[2024-07-12 06:58:38,027] {taskinstance.py:1238} INFO - 
--------------------------------------------------------------------------------
[2024-07-12 06:58:38,028] {taskinstance.py:1239} INFO - Starting attempt 1 of 1
[2024-07-12 06:58:38,028] {taskinstance.py:1240} INFO - 
--------------------------------------------------------------------------------
[2024-07-12 06:58:38,043] {taskinstance.py:1259} INFO - Executing <Task(_PythonDecoratedOperator): load_chats> on 2024-07-12 06:58:36.000041+00:00
[2024-07-12 06:58:38,047] {standard_task_runner.py:52} INFO - Started process 6807 to run task
[2024-07-12 06:58:38,050] {standard_task_runner.py:76} INFO - Running: ['airflow', 'tasks', 'run', 'task2_file_stg', 'load_chats', 'manual__2024-07-12T06:58:36.000041+00:00', '--job-id', '19', '--raw', '--subdir', 'DAGS_FOLDER/task2_file_stg.py', '--cfg-path', '/tmp/tmps3bouppy', '--error-file', '/tmp/tmpwu_c6ijd']
[2024-07-12 06:58:38,055] {standard_task_runner.py:77} INFO - Job 19: Subtask load_chats
[2024-07-12 06:58:38,123] {logging_mixin.py:109} INFO - Running <TaskInstance: task2_file_stg.load_chats manual__2024-07-12T06:58:36.000041+00:00 [running]> on host 676d07ac814a
[2024-07-12 06:58:38,221] {taskinstance.py:1426} INFO - Exporting the following env vars:
AIRFLOW_CTX_DAG_OWNER=airflow
AIRFLOW_CTX_DAG_ID=task2_file_stg
AIRFLOW_CTX_TASK_ID=load_chats
AIRFLOW_CTX_EXECUTION_DATE=2024-07-12T06:58:36.000041+00:00
AIRFLOW_CTX_DAG_RUN_ID=manual__2024-07-12T06:58:36.000041+00:00
[2024-07-12 06:58:38,353] {python.py:175} INFO - Done. Returned value was: None
[2024-07-12 06:58:38,391] {taskinstance.py:1277} INFO - Marking task as SUCCESS. dag_id=task2_file_stg, task_id=load_chats, execution_date=20240712T065836, start_date=20240712T065838, end_date=20240712T065838
[2024-07-12 06:58:38,436] {local_task_job.py:154} INFO - Task exited with return code 0
[2024-07-12 06:58:38,477] {local_task_job.py:264} INFO - 1 downstream tasks scheduled from follow-on schedule check
