[2024-07-12 06:58:39,175] {taskinstance.py:1032} INFO - Dependencies all met for <TaskInstance: task2_file_stg.load_groups manual__2024-07-12T06:58:36.000041+00:00 [queued]>
[2024-07-12 06:58:39,188] {taskinstance.py:1032} INFO - Dependencies all met for <TaskInstance: task2_file_stg.load_groups manual__2024-07-12T06:58:36.000041+00:00 [queued]>
[2024-07-12 06:58:39,188] {taskinstance.py:1238} INFO - 
--------------------------------------------------------------------------------
[2024-07-12 06:58:39,189] {taskinstance.py:1239} INFO - Starting attempt 1 of 1
[2024-07-12 06:58:39,189] {taskinstance.py:1240} INFO - 
--------------------------------------------------------------------------------
[2024-07-12 06:58:39,200] {taskinstance.py:1259} INFO - Executing <Task(_PythonDecoratedOperator): load_groups> on 2024-07-12 06:58:36.000041+00:00
[2024-07-12 06:58:39,203] {standard_task_runner.py:52} INFO - Started process 6809 to run task
[2024-07-12 06:58:39,207] {standard_task_runner.py:76} INFO - Running: ['airflow', 'tasks', 'run', 'task2_file_stg', 'load_groups', 'manual__2024-07-12T06:58:36.000041+00:00', '--job-id', '20', '--raw', '--subdir', 'DAGS_FOLDER/task2_file_stg.py', '--cfg-path', '/tmp/tmpk635dai5', '--error-file', '/tmp/tmp5z5oll1j']
[2024-07-12 06:58:39,211] {standard_task_runner.py:77} INFO - Job 20: Subtask load_groups
[2024-07-12 06:58:39,275] {logging_mixin.py:109} INFO - Running <TaskInstance: task2_file_stg.load_groups manual__2024-07-12T06:58:36.000041+00:00 [running]> on host 676d07ac814a
[2024-07-12 06:58:39,336] {taskinstance.py:1426} INFO - Exporting the following env vars:
AIRFLOW_CTX_DAG_OWNER=airflow
AIRFLOW_CTX_DAG_ID=task2_file_stg
AIRFLOW_CTX_TASK_ID=load_groups
AIRFLOW_CTX_EXECUTION_DATE=2024-07-12T06:58:36.000041+00:00
AIRFLOW_CTX_DAG_RUN_ID=manual__2024-07-12T06:58:36.000041+00:00
[2024-07-12 06:58:39,437] {python.py:175} INFO - Done. Returned value was: None
[2024-07-12 06:58:39,451] {taskinstance.py:1277} INFO - Marking task as SUCCESS. dag_id=task2_file_stg, task_id=load_groups, execution_date=20240712T065836, start_date=20240712T065839, end_date=20240712T065839
[2024-07-12 06:58:39,469] {local_task_job.py:154} INFO - Task exited with return code 0
[2024-07-12 06:58:39,503] {local_task_job.py:264} INFO - 0 downstream tasks scheduled from follow-on schedule check
