[2024-07-16 06:43:29,207] {taskinstance.py:1032} INFO - Dependencies all met for <TaskInstance: extract_stg.extract_groups manual__2024-07-16T06:43:25.440073+00:00 [queued]>
[2024-07-16 06:43:29,218] {taskinstance.py:1032} INFO - Dependencies all met for <TaskInstance: extract_stg.extract_groups manual__2024-07-16T06:43:25.440073+00:00 [queued]>
[2024-07-16 06:43:29,219] {taskinstance.py:1238} INFO - 
--------------------------------------------------------------------------------
[2024-07-16 06:43:29,219] {taskinstance.py:1239} INFO - Starting attempt 1 of 1
[2024-07-16 06:43:29,220] {taskinstance.py:1240} INFO - 
--------------------------------------------------------------------------------
[2024-07-16 06:43:29,230] {taskinstance.py:1259} INFO - Executing <Task(_PythonDecoratedOperator): extract_groups> on 2024-07-16 06:43:25.440073+00:00
[2024-07-16 06:43:29,234] {standard_task_runner.py:52} INFO - Started process 17987 to run task
[2024-07-16 06:43:29,238] {standard_task_runner.py:76} INFO - Running: ['airflow', 'tasks', 'run', 'extract_stg', 'extract_groups', 'manual__2024-07-16T06:43:25.440073+00:00', '--job-id', '27', '--raw', '--subdir', 'DAGS_FOLDER/extract_file_stg.py', '--cfg-path', '/tmp/tmpwubqevkz', '--error-file', '/tmp/tmpq9eo18j6']
[2024-07-16 06:43:29,242] {standard_task_runner.py:77} INFO - Job 27: Subtask extract_groups
[2024-07-16 06:43:29,327] {logging_mixin.py:109} INFO - Running <TaskInstance: extract_stg.extract_groups manual__2024-07-16T06:43:25.440073+00:00 [running]> on host 676d07ac814a
[2024-07-16 06:43:29,392] {taskinstance.py:1426} INFO - Exporting the following env vars:
AIRFLOW_CTX_DAG_OWNER=airflow
AIRFLOW_CTX_DAG_ID=extract_stg
AIRFLOW_CTX_TASK_ID=extract_groups
AIRFLOW_CTX_EXECUTION_DATE=2024-07-16T06:43:25.440073+00:00
AIRFLOW_CTX_DAG_RUN_ID=manual__2024-07-16T06:43:25.440073+00:00
[2024-07-16 06:43:29,509] {python.py:175} INFO - Done. Returned value was: None
[2024-07-16 06:43:29,530] {taskinstance.py:1277} INFO - Marking task as SUCCESS. dag_id=extract_stg, task_id=extract_groups, execution_date=20240716T064325, start_date=20240716T064329, end_date=20240716T064329
[2024-07-16 06:43:29,584] {local_task_job.py:154} INFO - Task exited with return code 0
[2024-07-16 06:43:29,620] {local_task_job.py:264} INFO - 0 downstream tasks scheduled from follow-on schedule check
