[2024-07-16 22:15:31,382] {taskinstance.py:1032} INFO - Dependencies all met for <TaskInstance: load_stg_to_dds.load_data_dds manual__2024-07-16T22:15:30.183872+00:00 [queued]>
[2024-07-16 22:15:31,395] {taskinstance.py:1032} INFO - Dependencies all met for <TaskInstance: load_stg_to_dds.load_data_dds manual__2024-07-16T22:15:30.183872+00:00 [queued]>
[2024-07-16 22:15:31,395] {taskinstance.py:1238} INFO - 
--------------------------------------------------------------------------------
[2024-07-16 22:15:31,396] {taskinstance.py:1239} INFO - Starting attempt 1 of 1
[2024-07-16 22:15:31,396] {taskinstance.py:1240} INFO - 
--------------------------------------------------------------------------------
[2024-07-16 22:15:31,410] {taskinstance.py:1259} INFO - Executing <Task(_PythonDecoratedOperator): load_data_dds> on 2024-07-16 22:15:30.183872+00:00
[2024-07-16 22:15:31,414] {standard_task_runner.py:52} INFO - Started process 28670 to run task
[2024-07-16 22:15:31,418] {standard_task_runner.py:76} INFO - Running: ['airflow', 'tasks', 'run', 'load_stg_to_dds', 'load_data_dds', 'manual__2024-07-16T22:15:30.183872+00:00', '--job-id', '49', '--raw', '--subdir', 'DAGS_FOLDER/load_stg_to_dds.py', '--cfg-path', '/tmp/tmp731y3t6e', '--error-file', '/tmp/tmpfo2wg6qs']
[2024-07-16 22:15:31,422] {standard_task_runner.py:77} INFO - Job 49: Subtask load_data_dds
[2024-07-16 22:15:31,507] {logging_mixin.py:109} INFO - Running <TaskInstance: load_stg_to_dds.load_data_dds manual__2024-07-16T22:15:30.183872+00:00 [running]> on host 676d07ac814a
[2024-07-16 22:15:31,622] {taskinstance.py:1426} INFO - Exporting the following env vars:
AIRFLOW_CTX_DAG_OWNER=airflow
AIRFLOW_CTX_DAG_ID=load_stg_to_dds
AIRFLOW_CTX_TASK_ID=load_data_dds
AIRFLOW_CTX_EXECUTION_DATE=2024-07-16T22:15:30.183872+00:00
AIRFLOW_CTX_DAG_RUN_ID=manual__2024-07-16T22:15:30.183872+00:00
[2024-07-16 22:15:32,184] {python.py:175} INFO - Done. Returned value was: None
[2024-07-16 22:15:32,202] {taskinstance.py:1277} INFO - Marking task as SUCCESS. dag_id=load_stg_to_dds, task_id=load_data_dds, execution_date=20240716T221530, start_date=20240716T221531, end_date=20240716T221532
[2024-07-16 22:15:32,264] {local_task_job.py:154} INFO - Task exited with return code 0
[2024-07-16 22:15:32,308] {local_task_job.py:264} INFO - 0 downstream tasks scheduled from follow-on schedule check
