[2024-08-14 23:03:03,406] {taskinstance.py:1032} INFO - Dependencies all met for <TaskInstance: load_stg_to_dds.load_data_dds manual__2024-08-14T23:03:01.955856+00:00 [queued]>
[2024-08-14 23:03:03,420] {taskinstance.py:1032} INFO - Dependencies all met for <TaskInstance: load_stg_to_dds.load_data_dds manual__2024-08-14T23:03:01.955856+00:00 [queued]>
[2024-08-14 23:03:03,421] {taskinstance.py:1238} INFO - 
--------------------------------------------------------------------------------
[2024-08-14 23:03:03,422] {taskinstance.py:1239} INFO - Starting attempt 1 of 1
[2024-08-14 23:03:03,422] {taskinstance.py:1240} INFO - 
--------------------------------------------------------------------------------
[2024-08-14 23:03:03,436] {taskinstance.py:1259} INFO - Executing <Task(_PythonDecoratedOperator): load_data_dds> on 2024-08-14 23:03:01.955856+00:00
[2024-08-14 23:03:03,442] {standard_task_runner.py:52} INFO - Started process 34163 to run task
[2024-08-14 23:03:03,446] {standard_task_runner.py:76} INFO - Running: ['airflow', 'tasks', 'run', 'load_stg_to_dds', 'load_data_dds', 'manual__2024-08-14T23:03:01.955856+00:00', '--job-id', '105', '--raw', '--subdir', 'DAGS_FOLDER/load_stg_to_dds.py', '--cfg-path', '/tmp/tmpoqx5bxb5', '--error-file', '/tmp/tmppbnselmm']
[2024-08-14 23:03:03,453] {standard_task_runner.py:77} INFO - Job 105: Subtask load_data_dds
[2024-08-14 23:03:03,533] {logging_mixin.py:109} INFO - Running <TaskInstance: load_stg_to_dds.load_data_dds manual__2024-08-14T23:03:01.955856+00:00 [running]> on host 915f51171463
[2024-08-14 23:03:03,599] {taskinstance.py:1426} INFO - Exporting the following env vars:
AIRFLOW_CTX_DAG_OWNER=airflow
AIRFLOW_CTX_DAG_ID=load_stg_to_dds
AIRFLOW_CTX_TASK_ID=load_data_dds
AIRFLOW_CTX_EXECUTION_DATE=2024-08-14T23:03:01.955856+00:00
AIRFLOW_CTX_DAG_RUN_ID=manual__2024-08-14T23:03:01.955856+00:00
[2024-08-14 23:06:09,951] {python.py:175} INFO - Done. Returned value was: None
[2024-08-14 23:06:09,969] {taskinstance.py:1277} INFO - Marking task as SUCCESS. dag_id=load_stg_to_dds, task_id=load_data_dds, execution_date=20240814T230301, start_date=20240814T230303, end_date=20240814T230609
[2024-08-14 23:06:10,032] {local_task_job.py:154} INFO - Task exited with return code 0
[2024-08-14 23:06:10,068] {local_task_job.py:264} INFO - 0 downstream tasks scheduled from follow-on schedule check
