[2024-08-12 21:51:45,682] {taskinstance.py:1032} INFO - Dependencies all met for <TaskInstance: load_dds_to_cdm.populate_view_table manual__2024-08-12T21:51:43.984638+00:00 [queued]>
[2024-08-12 21:51:45,696] {taskinstance.py:1032} INFO - Dependencies all met for <TaskInstance: load_dds_to_cdm.populate_view_table manual__2024-08-12T21:51:43.984638+00:00 [queued]>
[2024-08-12 21:51:45,696] {taskinstance.py:1238} INFO - 
--------------------------------------------------------------------------------
[2024-08-12 21:51:45,697] {taskinstance.py:1239} INFO - Starting attempt 1 of 1
[2024-08-12 21:51:45,697] {taskinstance.py:1240} INFO - 
--------------------------------------------------------------------------------
[2024-08-12 21:51:45,710] {taskinstance.py:1259} INFO - Executing <Task(_PythonDecoratedOperator): populate_view_table> on 2024-08-12 21:51:43.984638+00:00
[2024-08-12 21:51:45,713] {standard_task_runner.py:52} INFO - Started process 2293 to run task
[2024-08-12 21:51:45,717] {standard_task_runner.py:76} INFO - Running: ['airflow', 'tasks', 'run', 'load_dds_to_cdm', 'populate_view_table', 'manual__2024-08-12T21:51:43.984638+00:00', '--job-id', '68', '--raw', '--subdir', 'DAGS_FOLDER/load_dds_to_cdm.py', '--cfg-path', '/tmp/tmpfoj7f_x9', '--error-file', '/tmp/tmpxz5hozb6']
[2024-08-12 21:51:45,721] {standard_task_runner.py:77} INFO - Job 68: Subtask populate_view_table
[2024-08-12 21:51:45,792] {logging_mixin.py:109} INFO - Running <TaskInstance: load_dds_to_cdm.populate_view_table manual__2024-08-12T21:51:43.984638+00:00 [running]> on host 915f51171463
[2024-08-12 21:51:45,874] {taskinstance.py:1426} INFO - Exporting the following env vars:
AIRFLOW_CTX_DAG_OWNER=airflow
AIRFLOW_CTX_DAG_ID=load_dds_to_cdm
AIRFLOW_CTX_TASK_ID=populate_view_table
AIRFLOW_CTX_EXECUTION_DATE=2024-08-12T21:51:43.984638+00:00
AIRFLOW_CTX_DAG_RUN_ID=manual__2024-08-12T21:51:43.984638+00:00
[2024-08-12 21:51:46,291] {python.py:175} INFO - Done. Returned value was: None
[2024-08-12 21:51:46,305] {taskinstance.py:1277} INFO - Marking task as SUCCESS. dag_id=load_dds_to_cdm, task_id=populate_view_table, execution_date=20240812T215143, start_date=20240812T215145, end_date=20240812T215146
[2024-08-12 21:51:46,347] {local_task_job.py:154} INFO - Task exited with return code 0
[2024-08-12 21:51:46,387] {local_task_job.py:264} INFO - 0 downstream tasks scheduled from follow-on schedule check
