[2024-08-14 11:41:45,205] {taskinstance.py:1032} INFO - Dependencies all met for <TaskInstance: extract_stg.extract_groups manual__2024-08-14T11:41:24.767930+00:00 [queued]>
[2024-08-14 11:41:45,218] {taskinstance.py:1032} INFO - Dependencies all met for <TaskInstance: extract_stg.extract_groups manual__2024-08-14T11:41:24.767930+00:00 [queued]>
[2024-08-14 11:41:45,219] {taskinstance.py:1238} INFO - 
--------------------------------------------------------------------------------
[2024-08-14 11:41:45,220] {taskinstance.py:1239} INFO - Starting attempt 1 of 1
[2024-08-14 11:41:45,220] {taskinstance.py:1240} INFO - 
--------------------------------------------------------------------------------
[2024-08-14 11:41:45,234] {taskinstance.py:1259} INFO - Executing <Task(_PythonDecoratedOperator): extract_groups> on 2024-08-14 11:41:24.767930+00:00
[2024-08-14 11:41:45,251] {standard_task_runner.py:52} INFO - Started process 26090 to run task
[2024-08-14 11:41:45,261] {standard_task_runner.py:76} INFO - Running: ['airflow', 'tasks', 'run', 'extract_stg', 'extract_groups', 'manual__2024-08-14T11:41:24.767930+00:00', '--job-id', '71', '--raw', '--subdir', 'DAGS_FOLDER/extract_file_stg.py', '--cfg-path', '/tmp/tmps9qrk39_', '--error-file', '/tmp/tmpxha9x39u']
[2024-08-14 11:41:45,265] {standard_task_runner.py:77} INFO - Job 71: Subtask extract_groups
[2024-08-14 11:41:45,367] {logging_mixin.py:109} INFO - Running <TaskInstance: extract_stg.extract_groups manual__2024-08-14T11:41:24.767930+00:00 [running]> on host 915f51171463
[2024-08-14 11:41:45,444] {taskinstance.py:1426} INFO - Exporting the following env vars:
AIRFLOW_CTX_DAG_OWNER=airflow
AIRFLOW_CTX_DAG_ID=extract_stg
AIRFLOW_CTX_TASK_ID=extract_groups
AIRFLOW_CTX_EXECUTION_DATE=2024-08-14T11:41:24.767930+00:00
AIRFLOW_CTX_DAG_RUN_ID=manual__2024-08-14T11:41:24.767930+00:00
[2024-08-14 11:41:48,722] {python.py:175} INFO - Done. Returned value was: None
[2024-08-14 11:41:48,740] {taskinstance.py:1277} INFO - Marking task as SUCCESS. dag_id=extract_stg, task_id=extract_groups, execution_date=20240814T114124, start_date=20240814T114145, end_date=20240814T114148
[2024-08-14 11:41:48,766] {local_task_job.py:154} INFO - Task exited with return code 0
[2024-08-14 11:41:48,825] {local_task_job.py:264} INFO - 0 downstream tasks scheduled from follow-on schedule check
