[2024-07-15 22:48:54,746] {processor.py:163} INFO - Started process (PID=14365) to work on /opt/airflow/dags/extract_file_stg.py
[2024-07-15 22:48:54,749] {processor.py:642} INFO - Processing file /opt/airflow/dags/extract_file_stg.py for tasks to queue
[2024-07-15 22:48:54,750] {logging_mixin.py:109} INFO - [2024-07-15 22:48:54,750] {dagbag.py:500} INFO - Filling up the DagBag from /opt/airflow/dags/extract_file_stg.py
[2024-07-15 22:48:54,835] {processor.py:654} INFO - DAG(s) dict_keys(['extract_stg']) retrieved from /opt/airflow/dags/extract_file_stg.py
[2024-07-15 22:48:55,062] {logging_mixin.py:109} INFO - [2024-07-15 22:48:55,062] {dag.py:2396} INFO - Sync 1 DAGs
[2024-07-15 22:48:55,077] {logging_mixin.py:109} INFO - [2024-07-15 22:48:55,077] {dag.py:2935} INFO - Setting next_dagrun for extract_stg to None
[2024-07-15 22:48:55,095] {processor.py:171} INFO - Processing /opt/airflow/dags/extract_file_stg.py took 0.355 seconds
[2024-07-15 22:49:25,301] {processor.py:163} INFO - Started process (PID=14378) to work on /opt/airflow/dags/extract_file_stg.py
[2024-07-15 22:49:25,303] {processor.py:642} INFO - Processing file /opt/airflow/dags/extract_file_stg.py for tasks to queue
[2024-07-15 22:49:25,304] {logging_mixin.py:109} INFO - [2024-07-15 22:49:25,304] {dagbag.py:500} INFO - Filling up the DagBag from /opt/airflow/dags/extract_file_stg.py
[2024-07-15 22:49:25,370] {processor.py:654} INFO - DAG(s) dict_keys(['extract_stg']) retrieved from /opt/airflow/dags/extract_file_stg.py
[2024-07-15 22:49:25,546] {logging_mixin.py:109} INFO - [2024-07-15 22:49:25,546] {dag.py:2396} INFO - Sync 1 DAGs
[2024-07-15 22:49:25,558] {logging_mixin.py:109} INFO - [2024-07-15 22:49:25,558] {dag.py:2935} INFO - Setting next_dagrun for extract_stg to None
[2024-07-15 22:49:25,572] {processor.py:171} INFO - Processing /opt/airflow/dags/extract_file_stg.py took 0.276 seconds
[2024-07-15 22:49:55,650] {processor.py:163} INFO - Started process (PID=14388) to work on /opt/airflow/dags/extract_file_stg.py
[2024-07-15 22:49:55,653] {processor.py:642} INFO - Processing file /opt/airflow/dags/extract_file_stg.py for tasks to queue
[2024-07-15 22:49:55,655] {logging_mixin.py:109} INFO - [2024-07-15 22:49:55,655] {dagbag.py:500} INFO - Filling up the DagBag from /opt/airflow/dags/extract_file_stg.py
[2024-07-15 22:49:55,721] {processor.py:654} INFO - DAG(s) dict_keys(['extract_stg']) retrieved from /opt/airflow/dags/extract_file_stg.py
[2024-07-15 22:49:55,900] {logging_mixin.py:109} INFO - [2024-07-15 22:49:55,900] {dag.py:2396} INFO - Sync 1 DAGs
[2024-07-15 22:49:55,913] {logging_mixin.py:109} INFO - [2024-07-15 22:49:55,913] {dag.py:2935} INFO - Setting next_dagrun for extract_stg to None
[2024-07-15 22:49:55,926] {processor.py:171} INFO - Processing /opt/airflow/dags/extract_file_stg.py took 0.281 seconds
[2024-07-15 22:50:25,995] {processor.py:163} INFO - Started process (PID=14413) to work on /opt/airflow/dags/extract_file_stg.py
[2024-07-15 22:50:26,002] {processor.py:642} INFO - Processing file /opt/airflow/dags/extract_file_stg.py for tasks to queue
[2024-07-15 22:50:26,006] {logging_mixin.py:109} INFO - [2024-07-15 22:50:26,005] {dagbag.py:500} INFO - Filling up the DagBag from /opt/airflow/dags/extract_file_stg.py
[2024-07-15 22:50:26,144] {processor.py:654} INFO - DAG(s) dict_keys(['extract_stg']) retrieved from /opt/airflow/dags/extract_file_stg.py
[2024-07-15 22:50:26,455] {logging_mixin.py:109} INFO - [2024-07-15 22:50:26,455] {dag.py:2396} INFO - Sync 1 DAGs
[2024-07-15 22:50:26,474] {logging_mixin.py:109} INFO - [2024-07-15 22:50:26,474] {dag.py:2935} INFO - Setting next_dagrun for extract_stg to None
[2024-07-15 22:50:26,490] {processor.py:171} INFO - Processing /opt/airflow/dags/extract_file_stg.py took 0.510 seconds
[2024-07-15 22:50:57,170] {processor.py:163} INFO - Started process (PID=14425) to work on /opt/airflow/dags/extract_file_stg.py
[2024-07-15 22:50:57,172] {processor.py:642} INFO - Processing file /opt/airflow/dags/extract_file_stg.py for tasks to queue
[2024-07-15 22:50:57,174] {logging_mixin.py:109} INFO - [2024-07-15 22:50:57,173] {dagbag.py:500} INFO - Filling up the DagBag from /opt/airflow/dags/extract_file_stg.py
[2024-07-15 22:50:57,238] {processor.py:654} INFO - DAG(s) dict_keys(['extract_stg']) retrieved from /opt/airflow/dags/extract_file_stg.py
[2024-07-15 22:50:57,432] {logging_mixin.py:109} INFO - [2024-07-15 22:50:57,431] {dag.py:2396} INFO - Sync 1 DAGs
[2024-07-15 22:50:57,445] {logging_mixin.py:109} INFO - [2024-07-15 22:50:57,445] {dag.py:2935} INFO - Setting next_dagrun for extract_stg to None
[2024-07-15 22:50:57,458] {processor.py:171} INFO - Processing /opt/airflow/dags/extract_file_stg.py took 0.291 seconds
[2024-07-15 22:51:27,709] {processor.py:163} INFO - Started process (PID=14435) to work on /opt/airflow/dags/extract_file_stg.py
[2024-07-15 22:51:27,711] {processor.py:642} INFO - Processing file /opt/airflow/dags/extract_file_stg.py for tasks to queue
[2024-07-15 22:51:27,712] {logging_mixin.py:109} INFO - [2024-07-15 22:51:27,712] {dagbag.py:500} INFO - Filling up the DagBag from /opt/airflow/dags/extract_file_stg.py
[2024-07-15 22:51:27,778] {processor.py:654} INFO - DAG(s) dict_keys(['extract_stg']) retrieved from /opt/airflow/dags/extract_file_stg.py
[2024-07-15 22:51:27,968] {logging_mixin.py:109} INFO - [2024-07-15 22:51:27,968] {dag.py:2396} INFO - Sync 1 DAGs
[2024-07-15 22:51:27,982] {logging_mixin.py:109} INFO - [2024-07-15 22:51:27,982] {dag.py:2935} INFO - Setting next_dagrun for extract_stg to None
[2024-07-15 22:51:27,996] {processor.py:171} INFO - Processing /opt/airflow/dags/extract_file_stg.py took 0.291 seconds
[2024-07-15 22:51:58,169] {processor.py:163} INFO - Started process (PID=14445) to work on /opt/airflow/dags/extract_file_stg.py
[2024-07-15 22:51:58,171] {processor.py:642} INFO - Processing file /opt/airflow/dags/extract_file_stg.py for tasks to queue
[2024-07-15 22:51:58,172] {logging_mixin.py:109} INFO - [2024-07-15 22:51:58,172] {dagbag.py:500} INFO - Filling up the DagBag from /opt/airflow/dags/extract_file_stg.py
[2024-07-15 22:51:58,236] {processor.py:654} INFO - DAG(s) dict_keys(['extract_stg']) retrieved from /opt/airflow/dags/extract_file_stg.py
[2024-07-15 22:51:58,418] {logging_mixin.py:109} INFO - [2024-07-15 22:51:58,418] {dag.py:2396} INFO - Sync 1 DAGs
[2024-07-15 22:51:58,433] {logging_mixin.py:109} INFO - [2024-07-15 22:51:58,433] {dag.py:2935} INFO - Setting next_dagrun for extract_stg to None
[2024-07-15 22:51:58,449] {processor.py:171} INFO - Processing /opt/airflow/dags/extract_file_stg.py took 0.285 seconds
[2024-07-15 22:52:28,611] {processor.py:163} INFO - Started process (PID=14455) to work on /opt/airflow/dags/extract_file_stg.py
[2024-07-15 22:52:28,613] {processor.py:642} INFO - Processing file /opt/airflow/dags/extract_file_stg.py for tasks to queue
[2024-07-15 22:52:28,615] {logging_mixin.py:109} INFO - [2024-07-15 22:52:28,614] {dagbag.py:500} INFO - Filling up the DagBag from /opt/airflow/dags/extract_file_stg.py
[2024-07-15 22:52:28,683] {processor.py:654} INFO - DAG(s) dict_keys(['extract_stg']) retrieved from /opt/airflow/dags/extract_file_stg.py
[2024-07-15 22:52:28,871] {logging_mixin.py:109} INFO - [2024-07-15 22:52:28,871] {dag.py:2396} INFO - Sync 1 DAGs
[2024-07-15 22:52:28,967] {logging_mixin.py:109} INFO - [2024-07-15 22:52:28,966] {dag.py:2935} INFO - Setting next_dagrun for extract_stg to None
[2024-07-15 22:52:28,981] {processor.py:171} INFO - Processing /opt/airflow/dags/extract_file_stg.py took 0.373 seconds
[2024-07-15 22:52:59,152] {processor.py:163} INFO - Started process (PID=14465) to work on /opt/airflow/dags/extract_file_stg.py
[2024-07-15 22:52:59,154] {processor.py:642} INFO - Processing file /opt/airflow/dags/extract_file_stg.py for tasks to queue
[2024-07-15 22:52:59,156] {logging_mixin.py:109} INFO - [2024-07-15 22:52:59,156] {dagbag.py:500} INFO - Filling up the DagBag from /opt/airflow/dags/extract_file_stg.py
[2024-07-15 22:52:59,223] {processor.py:654} INFO - DAG(s) dict_keys(['extract_stg']) retrieved from /opt/airflow/dags/extract_file_stg.py
[2024-07-15 22:52:59,412] {logging_mixin.py:109} INFO - [2024-07-15 22:52:59,412] {dag.py:2396} INFO - Sync 1 DAGs
[2024-07-15 22:52:59,509] {logging_mixin.py:109} INFO - [2024-07-15 22:52:59,509] {dag.py:2935} INFO - Setting next_dagrun for extract_stg to None
[2024-07-15 22:52:59,527] {processor.py:171} INFO - Processing /opt/airflow/dags/extract_file_stg.py took 0.379 seconds
[2024-07-15 22:53:29,719] {processor.py:163} INFO - Started process (PID=14475) to work on /opt/airflow/dags/extract_file_stg.py
[2024-07-15 22:53:29,721] {processor.py:642} INFO - Processing file /opt/airflow/dags/extract_file_stg.py for tasks to queue
[2024-07-15 22:53:29,722] {logging_mixin.py:109} INFO - [2024-07-15 22:53:29,722] {dagbag.py:500} INFO - Filling up the DagBag from /opt/airflow/dags/extract_file_stg.py
[2024-07-15 22:53:29,789] {processor.py:654} INFO - DAG(s) dict_keys(['extract_stg']) retrieved from /opt/airflow/dags/extract_file_stg.py
[2024-07-15 22:53:29,991] {logging_mixin.py:109} INFO - [2024-07-15 22:53:29,991] {dag.py:2396} INFO - Sync 1 DAGs
[2024-07-15 22:53:30,088] {logging_mixin.py:109} INFO - [2024-07-15 22:53:30,088] {dag.py:2935} INFO - Setting next_dagrun for extract_stg to None
[2024-07-15 22:53:30,103] {processor.py:171} INFO - Processing /opt/airflow/dags/extract_file_stg.py took 0.389 seconds
[2024-07-15 22:54:00,271] {processor.py:163} INFO - Started process (PID=14485) to work on /opt/airflow/dags/extract_file_stg.py
[2024-07-15 22:54:00,273] {processor.py:642} INFO - Processing file /opt/airflow/dags/extract_file_stg.py for tasks to queue
[2024-07-15 22:54:00,274] {logging_mixin.py:109} INFO - [2024-07-15 22:54:00,274] {dagbag.py:500} INFO - Filling up the DagBag from /opt/airflow/dags/extract_file_stg.py
[2024-07-15 22:54:00,342] {processor.py:654} INFO - DAG(s) dict_keys(['extract_stg']) retrieved from /opt/airflow/dags/extract_file_stg.py
[2024-07-15 22:54:00,534] {logging_mixin.py:109} INFO - [2024-07-15 22:54:00,534] {dag.py:2396} INFO - Sync 1 DAGs
[2024-07-15 22:54:00,632] {logging_mixin.py:109} INFO - [2024-07-15 22:54:00,632] {dag.py:2935} INFO - Setting next_dagrun for extract_stg to None
[2024-07-15 22:54:00,647] {processor.py:171} INFO - Processing /opt/airflow/dags/extract_file_stg.py took 0.381 seconds
[2024-07-15 22:54:30,902] {processor.py:163} INFO - Started process (PID=14495) to work on /opt/airflow/dags/extract_file_stg.py
[2024-07-15 22:54:30,904] {processor.py:642} INFO - Processing file /opt/airflow/dags/extract_file_stg.py for tasks to queue
[2024-07-15 22:54:30,905] {logging_mixin.py:109} INFO - [2024-07-15 22:54:30,905] {dagbag.py:500} INFO - Filling up the DagBag from /opt/airflow/dags/extract_file_stg.py
[2024-07-15 22:54:30,971] {processor.py:654} INFO - DAG(s) dict_keys(['extract_stg']) retrieved from /opt/airflow/dags/extract_file_stg.py
[2024-07-15 22:54:31,243] {logging_mixin.py:109} INFO - [2024-07-15 22:54:31,242] {dag.py:2396} INFO - Sync 1 DAGs
[2024-07-15 22:54:31,256] {logging_mixin.py:109} INFO - [2024-07-15 22:54:31,256] {dag.py:2935} INFO - Setting next_dagrun for extract_stg to None
[2024-07-15 22:54:31,271] {processor.py:171} INFO - Processing /opt/airflow/dags/extract_file_stg.py took 0.373 seconds
[2024-07-15 22:55:01,466] {processor.py:163} INFO - Started process (PID=14505) to work on /opt/airflow/dags/extract_file_stg.py
[2024-07-15 22:55:01,468] {processor.py:642} INFO - Processing file /opt/airflow/dags/extract_file_stg.py for tasks to queue
[2024-07-15 22:55:01,469] {logging_mixin.py:109} INFO - [2024-07-15 22:55:01,469] {dagbag.py:500} INFO - Filling up the DagBag from /opt/airflow/dags/extract_file_stg.py
[2024-07-15 22:55:01,537] {processor.py:654} INFO - DAG(s) dict_keys(['extract_stg']) retrieved from /opt/airflow/dags/extract_file_stg.py
[2024-07-15 22:55:01,802] {logging_mixin.py:109} INFO - [2024-07-15 22:55:01,802] {dag.py:2396} INFO - Sync 1 DAGs
[2024-07-15 22:55:01,816] {logging_mixin.py:109} INFO - [2024-07-15 22:55:01,816] {dag.py:2935} INFO - Setting next_dagrun for extract_stg to None
[2024-07-15 22:55:01,830] {processor.py:171} INFO - Processing /opt/airflow/dags/extract_file_stg.py took 0.369 seconds
[2024-07-15 22:55:32,170] {processor.py:163} INFO - Started process (PID=14515) to work on /opt/airflow/dags/extract_file_stg.py
[2024-07-15 22:55:32,180] {processor.py:642} INFO - Processing file /opt/airflow/dags/extract_file_stg.py for tasks to queue
[2024-07-15 22:55:32,184] {logging_mixin.py:109} INFO - [2024-07-15 22:55:32,183] {dagbag.py:500} INFO - Filling up the DagBag from /opt/airflow/dags/extract_file_stg.py
[2024-07-15 22:55:32,278] {processor.py:654} INFO - DAG(s) dict_keys(['extract_stg']) retrieved from /opt/airflow/dags/extract_file_stg.py
[2024-07-15 22:55:32,646] {logging_mixin.py:109} INFO - [2024-07-15 22:55:32,646] {dag.py:2396} INFO - Sync 1 DAGs
[2024-07-15 22:55:32,665] {logging_mixin.py:109} INFO - [2024-07-15 22:55:32,664] {dag.py:2935} INFO - Setting next_dagrun for extract_stg to None
[2024-07-15 22:55:32,683] {processor.py:171} INFO - Processing /opt/airflow/dags/extract_file_stg.py took 0.551 seconds
[2024-07-15 22:56:02,907] {processor.py:163} INFO - Started process (PID=14525) to work on /opt/airflow/dags/extract_file_stg.py
[2024-07-15 22:56:02,909] {processor.py:642} INFO - Processing file /opt/airflow/dags/extract_file_stg.py for tasks to queue
[2024-07-15 22:56:02,910] {logging_mixin.py:109} INFO - [2024-07-15 22:56:02,910] {dagbag.py:500} INFO - Filling up the DagBag from /opt/airflow/dags/extract_file_stg.py
[2024-07-15 22:56:02,978] {processor.py:654} INFO - DAG(s) dict_keys(['extract_stg']) retrieved from /opt/airflow/dags/extract_file_stg.py
[2024-07-15 22:56:03,261] {logging_mixin.py:109} INFO - [2024-07-15 22:56:03,261] {dag.py:2396} INFO - Sync 1 DAGs
[2024-07-15 22:56:03,275] {logging_mixin.py:109} INFO - [2024-07-15 22:56:03,275] {dag.py:2935} INFO - Setting next_dagrun for extract_stg to None
[2024-07-15 22:56:03,288] {processor.py:171} INFO - Processing /opt/airflow/dags/extract_file_stg.py took 0.384 seconds
[2024-07-15 22:56:33,528] {processor.py:163} INFO - Started process (PID=14535) to work on /opt/airflow/dags/extract_file_stg.py
[2024-07-15 22:56:33,530] {processor.py:642} INFO - Processing file /opt/airflow/dags/extract_file_stg.py for tasks to queue
[2024-07-15 22:56:33,531] {logging_mixin.py:109} INFO - [2024-07-15 22:56:33,530] {dagbag.py:500} INFO - Filling up the DagBag from /opt/airflow/dags/extract_file_stg.py
[2024-07-15 22:56:33,598] {processor.py:654} INFO - DAG(s) dict_keys(['extract_stg']) retrieved from /opt/airflow/dags/extract_file_stg.py
[2024-07-15 22:56:33,882] {logging_mixin.py:109} INFO - [2024-07-15 22:56:33,882] {dag.py:2396} INFO - Sync 1 DAGs
[2024-07-15 22:56:33,897] {logging_mixin.py:109} INFO - [2024-07-15 22:56:33,896] {dag.py:2935} INFO - Setting next_dagrun for extract_stg to None
[2024-07-15 22:56:33,913] {processor.py:171} INFO - Processing /opt/airflow/dags/extract_file_stg.py took 0.388 seconds
[2024-07-15 22:57:04,086] {processor.py:163} INFO - Started process (PID=14545) to work on /opt/airflow/dags/extract_file_stg.py
[2024-07-15 22:57:04,088] {processor.py:642} INFO - Processing file /opt/airflow/dags/extract_file_stg.py for tasks to queue
[2024-07-15 22:57:04,089] {logging_mixin.py:109} INFO - [2024-07-15 22:57:04,089] {dagbag.py:500} INFO - Filling up the DagBag from /opt/airflow/dags/extract_file_stg.py
[2024-07-15 22:57:04,164] {processor.py:654} INFO - DAG(s) dict_keys(['extract_stg']) retrieved from /opt/airflow/dags/extract_file_stg.py
[2024-07-15 22:57:04,369] {logging_mixin.py:109} INFO - [2024-07-15 22:57:04,369] {dag.py:2396} INFO - Sync 1 DAGs
[2024-07-15 22:57:04,384] {logging_mixin.py:109} INFO - [2024-07-15 22:57:04,384] {dag.py:2935} INFO - Setting next_dagrun for extract_stg to None
[2024-07-15 22:57:04,398] {processor.py:171} INFO - Processing /opt/airflow/dags/extract_file_stg.py took 0.317 seconds
[2024-07-15 22:57:34,624] {processor.py:163} INFO - Started process (PID=14555) to work on /opt/airflow/dags/extract_file_stg.py
[2024-07-15 22:57:34,626] {processor.py:642} INFO - Processing file /opt/airflow/dags/extract_file_stg.py for tasks to queue
[2024-07-15 22:57:34,628] {logging_mixin.py:109} INFO - [2024-07-15 22:57:34,628] {dagbag.py:500} INFO - Filling up the DagBag from /opt/airflow/dags/extract_file_stg.py
[2024-07-15 22:57:34,707] {processor.py:654} INFO - DAG(s) dict_keys(['extract_stg']) retrieved from /opt/airflow/dags/extract_file_stg.py
[2024-07-15 22:57:34,923] {logging_mixin.py:109} INFO - [2024-07-15 22:57:34,923] {dag.py:2396} INFO - Sync 1 DAGs
[2024-07-15 22:57:34,938] {logging_mixin.py:109} INFO - [2024-07-15 22:57:34,938] {dag.py:2935} INFO - Setting next_dagrun for extract_stg to None
[2024-07-15 22:57:34,953] {processor.py:171} INFO - Processing /opt/airflow/dags/extract_file_stg.py took 0.334 seconds
[2024-07-15 22:58:05,185] {processor.py:163} INFO - Started process (PID=14565) to work on /opt/airflow/dags/extract_file_stg.py
[2024-07-15 22:58:05,187] {processor.py:642} INFO - Processing file /opt/airflow/dags/extract_file_stg.py for tasks to queue
[2024-07-15 22:58:05,188] {logging_mixin.py:109} INFO - [2024-07-15 22:58:05,188] {dagbag.py:500} INFO - Filling up the DagBag from /opt/airflow/dags/extract_file_stg.py
[2024-07-15 22:58:05,253] {processor.py:654} INFO - DAG(s) dict_keys(['extract_stg']) retrieved from /opt/airflow/dags/extract_file_stg.py
[2024-07-15 22:58:05,439] {logging_mixin.py:109} INFO - [2024-07-15 22:58:05,439] {dag.py:2396} INFO - Sync 1 DAGs
[2024-07-15 22:58:05,453] {logging_mixin.py:109} INFO - [2024-07-15 22:58:05,453] {dag.py:2935} INFO - Setting next_dagrun for extract_stg to None
[2024-07-15 22:58:05,468] {processor.py:171} INFO - Processing /opt/airflow/dags/extract_file_stg.py took 0.286 seconds
[2024-07-15 22:58:35,657] {processor.py:163} INFO - Started process (PID=14575) to work on /opt/airflow/dags/extract_file_stg.py
[2024-07-15 22:58:35,659] {processor.py:642} INFO - Processing file /opt/airflow/dags/extract_file_stg.py for tasks to queue
[2024-07-15 22:58:35,661] {logging_mixin.py:109} INFO - [2024-07-15 22:58:35,661] {dagbag.py:500} INFO - Filling up the DagBag from /opt/airflow/dags/extract_file_stg.py
[2024-07-15 22:58:35,746] {processor.py:654} INFO - DAG(s) dict_keys(['extract_stg']) retrieved from /opt/airflow/dags/extract_file_stg.py
[2024-07-15 22:58:35,945] {logging_mixin.py:109} INFO - [2024-07-15 22:58:35,945] {dag.py:2396} INFO - Sync 1 DAGs
[2024-07-15 22:58:35,960] {logging_mixin.py:109} INFO - [2024-07-15 22:58:35,960] {dag.py:2935} INFO - Setting next_dagrun for extract_stg to None
[2024-07-15 22:58:35,975] {processor.py:171} INFO - Processing /opt/airflow/dags/extract_file_stg.py took 0.322 seconds
[2024-07-15 22:59:06,267] {processor.py:163} INFO - Started process (PID=14585) to work on /opt/airflow/dags/extract_file_stg.py
[2024-07-15 22:59:06,269] {processor.py:642} INFO - Processing file /opt/airflow/dags/extract_file_stg.py for tasks to queue
[2024-07-15 22:59:06,270] {logging_mixin.py:109} INFO - [2024-07-15 22:59:06,270] {dagbag.py:500} INFO - Filling up the DagBag from /opt/airflow/dags/extract_file_stg.py
[2024-07-15 22:59:06,336] {processor.py:654} INFO - DAG(s) dict_keys(['extract_stg']) retrieved from /opt/airflow/dags/extract_file_stg.py
[2024-07-15 22:59:06,527] {logging_mixin.py:109} INFO - [2024-07-15 22:59:06,527] {dag.py:2396} INFO - Sync 1 DAGs
[2024-07-15 22:59:06,542] {logging_mixin.py:109} INFO - [2024-07-15 22:59:06,542] {dag.py:2935} INFO - Setting next_dagrun for extract_stg to None
[2024-07-15 22:59:06,556] {processor.py:171} INFO - Processing /opt/airflow/dags/extract_file_stg.py took 0.293 seconds
[2024-07-15 22:59:36,723] {processor.py:163} INFO - Started process (PID=14595) to work on /opt/airflow/dags/extract_file_stg.py
[2024-07-15 22:59:36,726] {processor.py:642} INFO - Processing file /opt/airflow/dags/extract_file_stg.py for tasks to queue
[2024-07-15 22:59:36,728] {logging_mixin.py:109} INFO - [2024-07-15 22:59:36,727] {dagbag.py:500} INFO - Filling up the DagBag from /opt/airflow/dags/extract_file_stg.py
[2024-07-15 22:59:36,811] {processor.py:654} INFO - DAG(s) dict_keys(['extract_stg']) retrieved from /opt/airflow/dags/extract_file_stg.py
[2024-07-15 22:59:37,041] {logging_mixin.py:109} INFO - [2024-07-15 22:59:37,041] {dag.py:2396} INFO - Sync 1 DAGs
[2024-07-15 22:59:37,055] {logging_mixin.py:109} INFO - [2024-07-15 22:59:37,055] {dag.py:2935} INFO - Setting next_dagrun for extract_stg to None
[2024-07-15 22:59:37,071] {processor.py:171} INFO - Processing /opt/airflow/dags/extract_file_stg.py took 0.354 seconds
[2024-07-15 23:00:07,313] {processor.py:163} INFO - Started process (PID=14608) to work on /opt/airflow/dags/extract_file_stg.py
[2024-07-15 23:00:07,315] {processor.py:642} INFO - Processing file /opt/airflow/dags/extract_file_stg.py for tasks to queue
[2024-07-15 23:00:07,316] {logging_mixin.py:109} INFO - [2024-07-15 23:00:07,316] {dagbag.py:500} INFO - Filling up the DagBag from /opt/airflow/dags/extract_file_stg.py
[2024-07-15 23:00:07,395] {processor.py:654} INFO - DAG(s) dict_keys(['extract_stg']) retrieved from /opt/airflow/dags/extract_file_stg.py
[2024-07-15 23:00:07,655] {logging_mixin.py:109} INFO - [2024-07-15 23:00:07,654] {dag.py:2396} INFO - Sync 1 DAGs
[2024-07-15 23:00:07,675] {logging_mixin.py:109} INFO - [2024-07-15 23:00:07,675] {dag.py:2935} INFO - Setting next_dagrun for extract_stg to None
[2024-07-15 23:00:07,690] {processor.py:171} INFO - Processing /opt/airflow/dags/extract_file_stg.py took 0.382 seconds
[2024-07-15 23:00:38,395] {processor.py:163} INFO - Started process (PID=14628) to work on /opt/airflow/dags/extract_file_stg.py
[2024-07-15 23:00:38,397] {processor.py:642} INFO - Processing file /opt/airflow/dags/extract_file_stg.py for tasks to queue
[2024-07-15 23:00:38,398] {logging_mixin.py:109} INFO - [2024-07-15 23:00:38,397] {dagbag.py:500} INFO - Filling up the DagBag from /opt/airflow/dags/extract_file_stg.py
[2024-07-15 23:00:38,463] {processor.py:654} INFO - DAG(s) dict_keys(['extract_stg']) retrieved from /opt/airflow/dags/extract_file_stg.py
[2024-07-15 23:00:38,664] {logging_mixin.py:109} INFO - [2024-07-15 23:00:38,663] {dag.py:2396} INFO - Sync 1 DAGs
[2024-07-15 23:00:38,680] {logging_mixin.py:109} INFO - [2024-07-15 23:00:38,679] {dag.py:2935} INFO - Setting next_dagrun for extract_stg to None
[2024-07-15 23:00:38,695] {processor.py:171} INFO - Processing /opt/airflow/dags/extract_file_stg.py took 0.305 seconds
[2024-07-15 23:01:09,186] {processor.py:163} INFO - Started process (PID=14645) to work on /opt/airflow/dags/extract_file_stg.py
[2024-07-15 23:01:09,188] {processor.py:642} INFO - Processing file /opt/airflow/dags/extract_file_stg.py for tasks to queue
[2024-07-15 23:01:09,190] {logging_mixin.py:109} INFO - [2024-07-15 23:01:09,190] {dagbag.py:500} INFO - Filling up the DagBag from /opt/airflow/dags/extract_file_stg.py
[2024-07-15 23:01:09,257] {processor.py:654} INFO - DAG(s) dict_keys(['extract_stg']) retrieved from /opt/airflow/dags/extract_file_stg.py
[2024-07-15 23:01:09,454] {logging_mixin.py:109} INFO - [2024-07-15 23:01:09,454] {dag.py:2396} INFO - Sync 1 DAGs
[2024-07-15 23:01:09,468] {logging_mixin.py:109} INFO - [2024-07-15 23:01:09,468] {dag.py:2935} INFO - Setting next_dagrun for extract_stg to None
[2024-07-15 23:01:09,483] {processor.py:171} INFO - Processing /opt/airflow/dags/extract_file_stg.py took 0.300 seconds
[2024-07-15 23:01:39,525] {processor.py:163} INFO - Started process (PID=14654) to work on /opt/airflow/dags/extract_file_stg.py
[2024-07-15 23:01:39,528] {processor.py:642} INFO - Processing file /opt/airflow/dags/extract_file_stg.py for tasks to queue
[2024-07-15 23:01:39,529] {logging_mixin.py:109} INFO - [2024-07-15 23:01:39,529] {dagbag.py:500} INFO - Filling up the DagBag from /opt/airflow/dags/extract_file_stg.py
[2024-07-15 23:01:39,597] {processor.py:654} INFO - DAG(s) dict_keys(['extract_stg']) retrieved from /opt/airflow/dags/extract_file_stg.py
[2024-07-15 23:01:39,795] {logging_mixin.py:109} INFO - [2024-07-15 23:01:39,795] {dag.py:2396} INFO - Sync 1 DAGs
[2024-07-15 23:01:39,810] {logging_mixin.py:109} INFO - [2024-07-15 23:01:39,810] {dag.py:2935} INFO - Setting next_dagrun for extract_stg to None
[2024-07-15 23:01:39,824] {processor.py:171} INFO - Processing /opt/airflow/dags/extract_file_stg.py took 0.303 seconds
[2024-07-15 23:02:10,041] {processor.py:163} INFO - Started process (PID=14665) to work on /opt/airflow/dags/extract_file_stg.py
[2024-07-15 23:02:10,044] {processor.py:642} INFO - Processing file /opt/airflow/dags/extract_file_stg.py for tasks to queue
[2024-07-15 23:02:10,045] {logging_mixin.py:109} INFO - [2024-07-15 23:02:10,045] {dagbag.py:500} INFO - Filling up the DagBag from /opt/airflow/dags/extract_file_stg.py
[2024-07-15 23:02:10,114] {processor.py:654} INFO - DAG(s) dict_keys(['extract_stg']) retrieved from /opt/airflow/dags/extract_file_stg.py
[2024-07-15 23:02:10,304] {logging_mixin.py:109} INFO - [2024-07-15 23:02:10,304] {dag.py:2396} INFO - Sync 1 DAGs
[2024-07-15 23:02:10,317] {logging_mixin.py:109} INFO - [2024-07-15 23:02:10,317] {dag.py:2935} INFO - Setting next_dagrun for extract_stg to None
[2024-07-15 23:02:10,331] {processor.py:171} INFO - Processing /opt/airflow/dags/extract_file_stg.py took 0.293 seconds
[2024-07-15 23:04:25,697] {processor.py:163} INFO - Started process (PID=14676) to work on /opt/airflow/dags/extract_file_stg.py
[2024-07-15 23:04:25,701] {processor.py:642} INFO - Processing file /opt/airflow/dags/extract_file_stg.py for tasks to queue
[2024-07-15 23:04:25,807] {logging_mixin.py:109} INFO - [2024-07-15 23:04:25,807] {dagbag.py:500} INFO - Filling up the DagBag from /opt/airflow/dags/extract_file_stg.py
[2024-07-15 23:04:26,436] {processor.py:654} INFO - DAG(s) dict_keys(['extract_stg']) retrieved from /opt/airflow/dags/extract_file_stg.py
[2024-07-15 23:04:28,148] {logging_mixin.py:109} INFO - [2024-07-15 23:04:28,147] {dag.py:2396} INFO - Sync 1 DAGs
[2024-07-15 23:04:28,224] {logging_mixin.py:109} INFO - [2024-07-15 23:04:28,224] {dag.py:2935} INFO - Setting next_dagrun for extract_stg to None
[2024-07-15 23:04:28,271] {processor.py:171} INFO - Processing /opt/airflow/dags/extract_file_stg.py took 2.639 seconds
[2024-07-15 23:05:00,475] {processor.py:163} INFO - Started process (PID=14686) to work on /opt/airflow/dags/extract_file_stg.py
[2024-07-15 23:05:00,669] {processor.py:642} INFO - Processing file /opt/airflow/dags/extract_file_stg.py for tasks to queue
[2024-07-15 23:05:00,824] {logging_mixin.py:109} INFO - [2024-07-15 23:05:00,744] {dagbag.py:500} INFO - Filling up the DagBag from /opt/airflow/dags/extract_file_stg.py
[2024-07-15 23:05:09,777] {processor.py:654} INFO - DAG(s) dict_keys(['extract_stg']) retrieved from /opt/airflow/dags/extract_file_stg.py
[2024-07-15 23:05:23,782] {logging_mixin.py:109} INFO - [2024-07-15 23:05:23,782] {dag.py:2396} INFO - Sync 1 DAGs
[2024-07-15 23:05:23,799] {logging_mixin.py:109} INFO - [2024-07-15 23:05:23,799] {dag.py:2935} INFO - Setting next_dagrun for extract_stg to None
[2024-07-15 23:05:23,830] {processor.py:171} INFO - Processing /opt/airflow/dags/extract_file_stg.py took 23.985 seconds
[2024-07-15 23:05:55,488] {processor.py:163} INFO - Started process (PID=14695) to work on /opt/airflow/dags/extract_file_stg.py
[2024-07-15 23:05:55,655] {processor.py:642} INFO - Processing file /opt/airflow/dags/extract_file_stg.py for tasks to queue
[2024-07-15 23:05:55,690] {logging_mixin.py:109} INFO - [2024-07-15 23:05:55,684] {dagbag.py:500} INFO - Filling up the DagBag from /opt/airflow/dags/extract_file_stg.py
[2024-07-15 23:06:00,084] {processor.py:654} INFO - DAG(s) dict_keys(['extract_stg']) retrieved from /opt/airflow/dags/extract_file_stg.py
[2024-07-15 23:21:37,722] {logging_mixin.py:109} INFO - [2024-07-15 23:21:37,722] {dag.py:2396} INFO - Sync 1 DAGs
[2024-07-15 23:21:38,804] {processor.py:163} INFO - Started process (PID=14706) to work on /opt/airflow/dags/extract_file_stg.py
[2024-07-15 23:21:38,807] {processor.py:642} INFO - Processing file /opt/airflow/dags/extract_file_stg.py for tasks to queue
[2024-07-15 23:21:38,809] {logging_mixin.py:109} INFO - [2024-07-15 23:21:38,809] {dagbag.py:500} INFO - Filling up the DagBag from /opt/airflow/dags/extract_file_stg.py
[2024-07-15 23:21:38,892] {processor.py:654} INFO - DAG(s) dict_keys(['extract_stg']) retrieved from /opt/airflow/dags/extract_file_stg.py
[2024-07-15 23:21:39,183] {logging_mixin.py:109} INFO - [2024-07-15 23:21:39,183] {dag.py:2396} INFO - Sync 1 DAGs
[2024-07-15 23:21:39,208] {logging_mixin.py:109} INFO - [2024-07-15 23:21:39,208] {dag.py:2935} INFO - Setting next_dagrun for extract_stg to None
[2024-07-15 23:21:39,227] {processor.py:171} INFO - Processing /opt/airflow/dags/extract_file_stg.py took 0.430 seconds
[2024-07-15 23:22:10,468] {processor.py:163} INFO - Started process (PID=14717) to work on /opt/airflow/dags/extract_file_stg.py
[2024-07-15 23:22:10,523] {processor.py:642} INFO - Processing file /opt/airflow/dags/extract_file_stg.py for tasks to queue
[2024-07-15 23:22:10,554] {logging_mixin.py:109} INFO - [2024-07-15 23:22:10,547] {dagbag.py:500} INFO - Filling up the DagBag from /opt/airflow/dags/extract_file_stg.py
[2024-07-15 23:22:15,278] {processor.py:654} INFO - DAG(s) dict_keys(['extract_stg']) retrieved from /opt/airflow/dags/extract_file_stg.py
[2024-07-15 23:32:47,480] {processor.py:163} INFO - Started process (PID=14728) to work on /opt/airflow/dags/extract_file_stg.py
[2024-07-15 23:32:47,482] {processor.py:642} INFO - Processing file /opt/airflow/dags/extract_file_stg.py for tasks to queue
[2024-07-15 23:32:47,483] {logging_mixin.py:109} INFO - [2024-07-15 23:32:47,483] {dagbag.py:500} INFO - Filling up the DagBag from /opt/airflow/dags/extract_file_stg.py
[2024-07-15 23:32:47,871] {processor.py:654} INFO - DAG(s) dict_keys(['extract_stg']) retrieved from /opt/airflow/dags/extract_file_stg.py
[2024-07-15 23:32:48,465] {logging_mixin.py:109} INFO - [2024-07-15 23:32:48,465] {dag.py:2396} INFO - Sync 1 DAGs
[2024-07-15 23:32:48,486] {logging_mixin.py:109} INFO - [2024-07-15 23:32:48,486] {dag.py:2935} INFO - Setting next_dagrun for extract_stg to None
[2024-07-15 23:32:48,505] {processor.py:171} INFO - Processing /opt/airflow/dags/extract_file_stg.py took 1.029 seconds
[2024-07-15 23:33:20,264] {processor.py:163} INFO - Started process (PID=14737) to work on /opt/airflow/dags/extract_file_stg.py
[2024-07-15 23:33:20,433] {processor.py:642} INFO - Processing file /opt/airflow/dags/extract_file_stg.py for tasks to queue
[2024-07-15 23:33:20,612] {logging_mixin.py:109} INFO - [2024-07-15 23:33:20,596] {dagbag.py:500} INFO - Filling up the DagBag from /opt/airflow/dags/extract_file_stg.py
[2024-07-15 23:33:30,240] {processor.py:654} INFO - DAG(s) dict_keys(['extract_stg']) retrieved from /opt/airflow/dags/extract_file_stg.py
[2024-07-15 23:38:35,717] {processor.py:163} INFO - Started process (PID=14748) to work on /opt/airflow/dags/extract_file_stg.py
[2024-07-15 23:38:35,720] {processor.py:642} INFO - Processing file /opt/airflow/dags/extract_file_stg.py for tasks to queue
[2024-07-15 23:38:35,725] {logging_mixin.py:109} INFO - [2024-07-15 23:38:35,725] {dagbag.py:500} INFO - Filling up the DagBag from /opt/airflow/dags/extract_file_stg.py
[2024-07-15 23:38:35,883] {processor.py:654} INFO - DAG(s) dict_keys(['extract_stg']) retrieved from /opt/airflow/dags/extract_file_stg.py
[2024-07-15 23:38:36,208] {logging_mixin.py:109} INFO - [2024-07-15 23:38:36,208] {dag.py:2396} INFO - Sync 1 DAGs
[2024-07-15 23:38:36,233] {logging_mixin.py:109} INFO - [2024-07-15 23:38:36,233] {dag.py:2935} INFO - Setting next_dagrun for extract_stg to None
[2024-07-15 23:38:36,255] {processor.py:171} INFO - Processing /opt/airflow/dags/extract_file_stg.py took 0.543 seconds
[2024-07-15 23:39:07,221] {processor.py:163} INFO - Started process (PID=14759) to work on /opt/airflow/dags/extract_file_stg.py
[2024-07-15 23:39:07,392] {processor.py:642} INFO - Processing file /opt/airflow/dags/extract_file_stg.py for tasks to queue
[2024-07-15 23:39:07,451] {logging_mixin.py:109} INFO - [2024-07-15 23:39:07,447] {dagbag.py:500} INFO - Filling up the DagBag from /opt/airflow/dags/extract_file_stg.py
[2024-07-15 23:39:12,691] {processor.py:654} INFO - DAG(s) dict_keys(['extract_stg']) retrieved from /opt/airflow/dags/extract_file_stg.py
[2024-07-15 23:39:31,636] {logging_mixin.py:109} INFO - [2024-07-15 23:39:31,629] {dag.py:2396} INFO - Sync 1 DAGs
[2024-07-15 23:39:32,295] {logging_mixin.py:109} INFO - [2024-07-15 23:39:32,293] {dag.py:2935} INFO - Setting next_dagrun for extract_stg to None
[2024-07-15 23:39:32,815] {processor.py:171} INFO - Processing /opt/airflow/dags/extract_file_stg.py took 25.865 seconds
[2024-07-15 23:40:03,525] {processor.py:163} INFO - Started process (PID=14772) to work on /opt/airflow/dags/extract_file_stg.py
[2024-07-15 23:40:03,528] {processor.py:642} INFO - Processing file /opt/airflow/dags/extract_file_stg.py for tasks to queue
[2024-07-15 23:40:03,530] {logging_mixin.py:109} INFO - [2024-07-15 23:40:03,530] {dagbag.py:500} INFO - Filling up the DagBag from /opt/airflow/dags/extract_file_stg.py
[2024-07-15 23:40:03,600] {processor.py:654} INFO - DAG(s) dict_keys(['extract_stg']) retrieved from /opt/airflow/dags/extract_file_stg.py
[2024-07-15 23:40:03,790] {logging_mixin.py:109} INFO - [2024-07-15 23:40:03,790] {dag.py:2396} INFO - Sync 1 DAGs
[2024-07-15 23:40:03,803] {logging_mixin.py:109} INFO - [2024-07-15 23:40:03,803] {dag.py:2935} INFO - Setting next_dagrun for extract_stg to None
[2024-07-15 23:40:03,818] {processor.py:171} INFO - Processing /opt/airflow/dags/extract_file_stg.py took 0.298 seconds
[2024-07-15 23:40:33,972] {processor.py:163} INFO - Started process (PID=14782) to work on /opt/airflow/dags/extract_file_stg.py
[2024-07-15 23:40:33,975] {processor.py:642} INFO - Processing file /opt/airflow/dags/extract_file_stg.py for tasks to queue
[2024-07-15 23:40:33,977] {logging_mixin.py:109} INFO - [2024-07-15 23:40:33,977] {dagbag.py:500} INFO - Filling up the DagBag from /opt/airflow/dags/extract_file_stg.py
[2024-07-15 23:40:34,054] {processor.py:654} INFO - DAG(s) dict_keys(['extract_stg']) retrieved from /opt/airflow/dags/extract_file_stg.py
[2024-07-15 23:40:34,235] {logging_mixin.py:109} INFO - [2024-07-15 23:40:34,235] {dag.py:2396} INFO - Sync 1 DAGs
[2024-07-15 23:40:34,248] {logging_mixin.py:109} INFO - [2024-07-15 23:40:34,248] {dag.py:2935} INFO - Setting next_dagrun for extract_stg to None
[2024-07-15 23:40:34,262] {processor.py:171} INFO - Processing /opt/airflow/dags/extract_file_stg.py took 0.293 seconds
[2024-07-15 23:41:04,484] {processor.py:163} INFO - Started process (PID=14792) to work on /opt/airflow/dags/extract_file_stg.py
[2024-07-15 23:41:04,486] {processor.py:642} INFO - Processing file /opt/airflow/dags/extract_file_stg.py for tasks to queue
[2024-07-15 23:41:04,488] {logging_mixin.py:109} INFO - [2024-07-15 23:41:04,487] {dagbag.py:500} INFO - Filling up the DagBag from /opt/airflow/dags/extract_file_stg.py
[2024-07-15 23:41:04,554] {processor.py:654} INFO - DAG(s) dict_keys(['extract_stg']) retrieved from /opt/airflow/dags/extract_file_stg.py
[2024-07-15 23:41:04,742] {logging_mixin.py:109} INFO - [2024-07-15 23:41:04,742] {dag.py:2396} INFO - Sync 1 DAGs
[2024-07-15 23:41:04,755] {logging_mixin.py:109} INFO - [2024-07-15 23:41:04,755] {dag.py:2935} INFO - Setting next_dagrun for extract_stg to None
[2024-07-15 23:41:04,769] {processor.py:171} INFO - Processing /opt/airflow/dags/extract_file_stg.py took 0.290 seconds
[2024-07-15 23:41:34,962] {processor.py:163} INFO - Started process (PID=14802) to work on /opt/airflow/dags/extract_file_stg.py
[2024-07-15 23:41:34,965] {processor.py:642} INFO - Processing file /opt/airflow/dags/extract_file_stg.py for tasks to queue
[2024-07-15 23:41:34,967] {logging_mixin.py:109} INFO - [2024-07-15 23:41:34,967] {dagbag.py:500} INFO - Filling up the DagBag from /opt/airflow/dags/extract_file_stg.py
[2024-07-15 23:41:35,040] {processor.py:654} INFO - DAG(s) dict_keys(['extract_stg']) retrieved from /opt/airflow/dags/extract_file_stg.py
[2024-07-15 23:41:35,245] {logging_mixin.py:109} INFO - [2024-07-15 23:41:35,245] {dag.py:2396} INFO - Sync 1 DAGs
[2024-07-15 23:41:35,265] {logging_mixin.py:109} INFO - [2024-07-15 23:41:35,265] {dag.py:2935} INFO - Setting next_dagrun for extract_stg to None
[2024-07-15 23:41:35,281] {processor.py:171} INFO - Processing /opt/airflow/dags/extract_file_stg.py took 0.324 seconds
[2024-07-15 23:48:39,470] {processor.py:163} INFO - Started process (PID=14811) to work on /opt/airflow/dags/extract_file_stg.py
[2024-07-15 23:48:39,472] {processor.py:642} INFO - Processing file /opt/airflow/dags/extract_file_stg.py for tasks to queue
[2024-07-15 23:48:39,474] {logging_mixin.py:109} INFO - [2024-07-15 23:48:39,473] {dagbag.py:500} INFO - Filling up the DagBag from /opt/airflow/dags/extract_file_stg.py
[2024-07-15 23:48:39,614] {processor.py:654} INFO - DAG(s) dict_keys(['extract_stg']) retrieved from /opt/airflow/dags/extract_file_stg.py
[2024-07-15 23:48:40,303] {logging_mixin.py:109} INFO - [2024-07-15 23:48:40,302] {dag.py:2396} INFO - Sync 1 DAGs
[2024-07-15 23:48:40,325] {logging_mixin.py:109} INFO - [2024-07-15 23:48:40,324] {dag.py:2935} INFO - Setting next_dagrun for extract_stg to None
[2024-07-15 23:48:40,344] {processor.py:171} INFO - Processing /opt/airflow/dags/extract_file_stg.py took 0.879 seconds
[2024-07-15 23:49:11,299] {processor.py:163} INFO - Started process (PID=14821) to work on /opt/airflow/dags/extract_file_stg.py
[2024-07-15 23:49:11,398] {processor.py:642} INFO - Processing file /opt/airflow/dags/extract_file_stg.py for tasks to queue
[2024-07-15 23:49:11,501] {logging_mixin.py:109} INFO - [2024-07-15 23:49:11,492] {dagbag.py:500} INFO - Filling up the DagBag from /opt/airflow/dags/extract_file_stg.py
[2024-07-15 23:49:15,846] {processor.py:654} INFO - DAG(s) dict_keys(['extract_stg']) retrieved from /opt/airflow/dags/extract_file_stg.py
