[2024-07-15 22:48:54,744] {processor.py:163} INFO - Started process (PID=14363) to work on /opt/airflow/dags/load_stg_to_dds.py
[2024-07-15 22:48:54,749] {processor.py:642} INFO - Processing file /opt/airflow/dags/load_stg_to_dds.py for tasks to queue
[2024-07-15 22:48:54,750] {logging_mixin.py:109} INFO - [2024-07-15 22:48:54,750] {dagbag.py:500} INFO - Filling up the DagBag from /opt/airflow/dags/load_stg_to_dds.py
[2024-07-15 22:48:54,811] {logging_mixin.py:109} INFO - [2024-07-15 22:48:54,809] {dagbag.py:334} ERROR - Failed to import: /opt/airflow/dags/load_stg_to_dds.py
Traceback (most recent call last):
  File "/home/airflow/.local/lib/python3.6/site-packages/airflow/models/dagbag.py", line 331, in _load_modules_from_file
    loader.exec_module(new_module)
  File "<frozen importlib._bootstrap_external>", line 678, in exec_module
  File "<frozen importlib._bootstrap>", line 219, in _call_with_frames_removed
  File "/opt/airflow/dags/load_stg_to_dds.py", line 167, in <module>
    migrate = task2_stg_to_dds()
NameError: name 'task2_stg_to_dds' is not defined
[2024-07-15 22:48:54,837] {processor.py:656} WARNING - No viable dags retrieved from /opt/airflow/dags/load_stg_to_dds.py
[2024-07-15 22:48:54,851] {processor.py:171} INFO - Processing /opt/airflow/dags/load_stg_to_dds.py took 0.115 seconds
[2024-07-15 22:49:03,167] {processor.py:163} INFO - Started process (PID=14373) to work on /opt/airflow/dags/load_stg_to_dds.py
[2024-07-15 22:49:03,169] {processor.py:642} INFO - Processing file /opt/airflow/dags/load_stg_to_dds.py for tasks to queue
[2024-07-15 22:49:03,171] {logging_mixin.py:109} INFO - [2024-07-15 22:49:03,171] {dagbag.py:500} INFO - Filling up the DagBag from /opt/airflow/dags/load_stg_to_dds.py
[2024-07-15 22:49:03,226] {logging_mixin.py:109} INFO - [2024-07-15 22:49:03,224] {dagbag.py:334} ERROR - Failed to import: /opt/airflow/dags/load_stg_to_dds.py
Traceback (most recent call last):
  File "/home/airflow/.local/lib/python3.6/site-packages/airflow/models/dagbag.py", line 331, in _load_modules_from_file
    loader.exec_module(new_module)
  File "<frozen importlib._bootstrap_external>", line 678, in exec_module
  File "<frozen importlib._bootstrap>", line 219, in _call_with_frames_removed
  File "/opt/airflow/dags/load_stg_to_dds.py", line 167, in <module>
    migrate = task2_stg_to_dds()
NameError: name 'task2_stg_to_dds' is not defined
[2024-07-15 22:49:03,251] {processor.py:656} WARNING - No viable dags retrieved from /opt/airflow/dags/load_stg_to_dds.py
[2024-07-15 22:49:03,268] {processor.py:171} INFO - Processing /opt/airflow/dags/load_stg_to_dds.py took 0.107 seconds
[2024-07-15 22:49:33,441] {processor.py:163} INFO - Started process (PID=14383) to work on /opt/airflow/dags/load_stg_to_dds.py
[2024-07-15 22:49:33,443] {processor.py:642} INFO - Processing file /opt/airflow/dags/load_stg_to_dds.py for tasks to queue
[2024-07-15 22:49:33,444] {logging_mixin.py:109} INFO - [2024-07-15 22:49:33,444] {dagbag.py:500} INFO - Filling up the DagBag from /opt/airflow/dags/load_stg_to_dds.py
[2024-07-15 22:49:33,498] {logging_mixin.py:109} INFO - [2024-07-15 22:49:33,496] {dagbag.py:334} ERROR - Failed to import: /opt/airflow/dags/load_stg_to_dds.py
Traceback (most recent call last):
  File "/home/airflow/.local/lib/python3.6/site-packages/airflow/models/dagbag.py", line 331, in _load_modules_from_file
    loader.exec_module(new_module)
  File "<frozen importlib._bootstrap_external>", line 678, in exec_module
  File "<frozen importlib._bootstrap>", line 219, in _call_with_frames_removed
  File "/opt/airflow/dags/load_stg_to_dds.py", line 167, in <module>
    migrate = task2_stg_to_dds()
NameError: name 'task2_stg_to_dds' is not defined
[2024-07-15 22:49:33,519] {processor.py:656} WARNING - No viable dags retrieved from /opt/airflow/dags/load_stg_to_dds.py
[2024-07-15 22:49:33,538] {processor.py:171} INFO - Processing /opt/airflow/dags/load_stg_to_dds.py took 0.106 seconds
[2024-07-15 22:50:03,719] {processor.py:163} INFO - Started process (PID=14393) to work on /opt/airflow/dags/load_stg_to_dds.py
[2024-07-15 22:50:03,721] {processor.py:642} INFO - Processing file /opt/airflow/dags/load_stg_to_dds.py for tasks to queue
[2024-07-15 22:50:03,723] {logging_mixin.py:109} INFO - [2024-07-15 22:50:03,723] {dagbag.py:500} INFO - Filling up the DagBag from /opt/airflow/dags/load_stg_to_dds.py
[2024-07-15 22:50:03,765] {logging_mixin.py:109} INFO - [2024-07-15 22:50:03,764] {dagbag.py:334} ERROR - Failed to import: /opt/airflow/dags/load_stg_to_dds.py
Traceback (most recent call last):
  File "/home/airflow/.local/lib/python3.6/site-packages/airflow/models/dagbag.py", line 331, in _load_modules_from_file
    loader.exec_module(new_module)
  File "<frozen importlib._bootstrap_external>", line 678, in exec_module
  File "<frozen importlib._bootstrap>", line 219, in _call_with_frames_removed
  File "/opt/airflow/dags/load_stg_to_dds.py", line 167, in <module>
    migrate = task2_stg_to_dds()
NameError: name 'task2_stg_to_dds' is not defined
[2024-07-15 22:50:03,792] {processor.py:656} WARNING - No viable dags retrieved from /opt/airflow/dags/load_stg_to_dds.py
[2024-07-15 22:50:03,804] {processor.py:171} INFO - Processing /opt/airflow/dags/load_stg_to_dds.py took 0.090 seconds
[2024-07-15 22:50:06,741] {processor.py:163} INFO - Started process (PID=14398) to work on /opt/airflow/dags/load_stg_to_dds.py
[2024-07-15 22:50:06,743] {processor.py:642} INFO - Processing file /opt/airflow/dags/load_stg_to_dds.py for tasks to queue
[2024-07-15 22:50:06,745] {logging_mixin.py:109} INFO - [2024-07-15 22:50:06,745] {dagbag.py:500} INFO - Filling up the DagBag from /opt/airflow/dags/load_stg_to_dds.py
[2024-07-15 22:50:06,796] {logging_mixin.py:109} INFO - [2024-07-15 22:50:06,794] {dagbag.py:334} ERROR - Failed to import: /opt/airflow/dags/load_stg_to_dds.py
Traceback (most recent call last):
  File "/home/airflow/.local/lib/python3.6/site-packages/airflow/models/dagbag.py", line 331, in _load_modules_from_file
    loader.exec_module(new_module)
  File "<frozen importlib._bootstrap_external>", line 678, in exec_module
  File "<frozen importlib._bootstrap>", line 219, in _call_with_frames_removed
  File "/opt/airflow/dags/load_stg_to_dds.py", line 167, in <module>
    migrate = task2_stg_to_dds()
NameError: name 'task2_stg_to_dds' is not defined
[2024-07-15 22:50:06,821] {processor.py:656} WARNING - No viable dags retrieved from /opt/airflow/dags/load_stg_to_dds.py
[2024-07-15 22:50:06,834] {processor.py:171} INFO - Processing /opt/airflow/dags/load_stg_to_dds.py took 0.104 seconds
[2024-07-15 22:50:24,958] {processor.py:163} INFO - Started process (PID=14403) to work on /opt/airflow/dags/load_stg_to_dds.py
[2024-07-15 22:50:24,960] {processor.py:642} INFO - Processing file /opt/airflow/dags/load_stg_to_dds.py for tasks to queue
[2024-07-15 22:50:24,961] {logging_mixin.py:109} INFO - [2024-07-15 22:50:24,961] {dagbag.py:500} INFO - Filling up the DagBag from /opt/airflow/dags/load_stg_to_dds.py
[2024-07-15 22:50:25,033] {processor.py:654} INFO - DAG(s) dict_keys(['load_stg_to_dds']) retrieved from /opt/airflow/dags/load_stg_to_dds.py
[2024-07-15 22:50:27,073] {logging_mixin.py:109} INFO - [2024-07-15 22:50:27,072] {manager.py:496} INFO - Created Permission View: can edit on DAG:load_stg_to_dds
[2024-07-15 22:50:27,083] {logging_mixin.py:109} INFO - [2024-07-15 22:50:27,083] {manager.py:496} INFO - Created Permission View: can read on DAG:load_stg_to_dds
[2024-07-15 22:50:27,085] {logging_mixin.py:109} INFO - [2024-07-15 22:50:27,084] {dag.py:2396} INFO - Sync 1 DAGs
[2024-07-15 22:50:27,097] {logging_mixin.py:109} INFO - [2024-07-15 22:50:27,096] {dag.py:2415} INFO - Creating ORM DAG for load_stg_to_dds
[2024-07-15 22:50:27,105] {logging_mixin.py:109} INFO - [2024-07-15 22:50:27,104] {dag.py:2935} INFO - Setting next_dagrun for load_stg_to_dds to 2024-07-15T22:50:25.012023+00:00
[2024-07-15 22:50:27,123] {processor.py:171} INFO - Processing /opt/airflow/dags/load_stg_to_dds.py took 2.168 seconds
[2024-07-15 22:50:57,168] {processor.py:163} INFO - Started process (PID=14423) to work on /opt/airflow/dags/load_stg_to_dds.py
[2024-07-15 22:50:57,170] {processor.py:642} INFO - Processing file /opt/airflow/dags/load_stg_to_dds.py for tasks to queue
[2024-07-15 22:50:57,172] {logging_mixin.py:109} INFO - [2024-07-15 22:50:57,171] {dagbag.py:500} INFO - Filling up the DagBag from /opt/airflow/dags/load_stg_to_dds.py
[2024-07-15 22:50:57,243] {processor.py:654} INFO - DAG(s) dict_keys(['load_stg_to_dds']) retrieved from /opt/airflow/dags/load_stg_to_dds.py
[2024-07-15 22:50:57,443] {logging_mixin.py:109} INFO - [2024-07-15 22:50:57,443] {dag.py:2396} INFO - Sync 1 DAGs
[2024-07-15 22:50:57,456] {logging_mixin.py:109} INFO - [2024-07-15 22:50:57,455] {dag.py:2935} INFO - Setting next_dagrun for load_stg_to_dds to None
[2024-07-15 22:50:57,469] {processor.py:171} INFO - Processing /opt/airflow/dags/load_stg_to_dds.py took 0.306 seconds
[2024-07-15 22:51:27,706] {processor.py:163} INFO - Started process (PID=14433) to work on /opt/airflow/dags/load_stg_to_dds.py
[2024-07-15 22:51:27,708] {processor.py:642} INFO - Processing file /opt/airflow/dags/load_stg_to_dds.py for tasks to queue
[2024-07-15 22:51:27,710] {logging_mixin.py:109} INFO - [2024-07-15 22:51:27,710] {dagbag.py:500} INFO - Filling up the DagBag from /opt/airflow/dags/load_stg_to_dds.py
[2024-07-15 22:51:27,777] {processor.py:654} INFO - DAG(s) dict_keys(['load_stg_to_dds']) retrieved from /opt/airflow/dags/load_stg_to_dds.py
[2024-07-15 22:51:27,968] {logging_mixin.py:109} INFO - [2024-07-15 22:51:27,968] {dag.py:2396} INFO - Sync 1 DAGs
[2024-07-15 22:51:27,982] {logging_mixin.py:109} INFO - [2024-07-15 22:51:27,982] {dag.py:2935} INFO - Setting next_dagrun for load_stg_to_dds to None
[2024-07-15 22:51:27,995] {processor.py:171} INFO - Processing /opt/airflow/dags/load_stg_to_dds.py took 0.294 seconds
[2024-07-15 22:51:58,166] {processor.py:163} INFO - Started process (PID=14443) to work on /opt/airflow/dags/load_stg_to_dds.py
[2024-07-15 22:51:58,168] {processor.py:642} INFO - Processing file /opt/airflow/dags/load_stg_to_dds.py for tasks to queue
[2024-07-15 22:51:58,169] {logging_mixin.py:109} INFO - [2024-07-15 22:51:58,169] {dagbag.py:500} INFO - Filling up the DagBag from /opt/airflow/dags/load_stg_to_dds.py
[2024-07-15 22:51:58,235] {processor.py:654} INFO - DAG(s) dict_keys(['load_stg_to_dds']) retrieved from /opt/airflow/dags/load_stg_to_dds.py
[2024-07-15 22:51:58,418] {logging_mixin.py:109} INFO - [2024-07-15 22:51:58,418] {dag.py:2396} INFO - Sync 1 DAGs
[2024-07-15 22:51:58,433] {logging_mixin.py:109} INFO - [2024-07-15 22:51:58,433] {dag.py:2935} INFO - Setting next_dagrun for load_stg_to_dds to None
[2024-07-15 22:51:58,449] {processor.py:171} INFO - Processing /opt/airflow/dags/load_stg_to_dds.py took 0.288 seconds
[2024-07-15 22:52:28,616] {processor.py:163} INFO - Started process (PID=14453) to work on /opt/airflow/dags/load_stg_to_dds.py
[2024-07-15 22:52:28,618] {processor.py:642} INFO - Processing file /opt/airflow/dags/load_stg_to_dds.py for tasks to queue
[2024-07-15 22:52:28,619] {logging_mixin.py:109} INFO - [2024-07-15 22:52:28,619] {dagbag.py:500} INFO - Filling up the DagBag from /opt/airflow/dags/load_stg_to_dds.py
[2024-07-15 22:52:28,683] {processor.py:654} INFO - DAG(s) dict_keys(['load_stg_to_dds']) retrieved from /opt/airflow/dags/load_stg_to_dds.py
[2024-07-15 22:52:28,871] {logging_mixin.py:109} INFO - [2024-07-15 22:52:28,871] {dag.py:2396} INFO - Sync 1 DAGs
[2024-07-15 22:52:28,886] {logging_mixin.py:109} INFO - [2024-07-15 22:52:28,886] {dag.py:2935} INFO - Setting next_dagrun for load_stg_to_dds to None
[2024-07-15 22:52:28,980] {processor.py:171} INFO - Processing /opt/airflow/dags/load_stg_to_dds.py took 0.373 seconds
[2024-07-15 22:52:59,150] {processor.py:163} INFO - Started process (PID=14463) to work on /opt/airflow/dags/load_stg_to_dds.py
[2024-07-15 22:52:59,152] {processor.py:642} INFO - Processing file /opt/airflow/dags/load_stg_to_dds.py for tasks to queue
[2024-07-15 22:52:59,154] {logging_mixin.py:109} INFO - [2024-07-15 22:52:59,153] {dagbag.py:500} INFO - Filling up the DagBag from /opt/airflow/dags/load_stg_to_dds.py
[2024-07-15 22:52:59,223] {processor.py:654} INFO - DAG(s) dict_keys(['load_stg_to_dds']) retrieved from /opt/airflow/dags/load_stg_to_dds.py
[2024-07-15 22:52:59,411] {logging_mixin.py:109} INFO - [2024-07-15 22:52:59,411] {dag.py:2396} INFO - Sync 1 DAGs
[2024-07-15 22:52:59,509] {logging_mixin.py:109} INFO - [2024-07-15 22:52:59,509] {dag.py:2935} INFO - Setting next_dagrun for load_stg_to_dds to None
[2024-07-15 22:52:59,527] {processor.py:171} INFO - Processing /opt/airflow/dags/load_stg_to_dds.py took 0.382 seconds
[2024-07-15 22:53:29,715] {processor.py:163} INFO - Started process (PID=14473) to work on /opt/airflow/dags/load_stg_to_dds.py
[2024-07-15 22:53:29,717] {processor.py:642} INFO - Processing file /opt/airflow/dags/load_stg_to_dds.py for tasks to queue
[2024-07-15 22:53:29,719] {logging_mixin.py:109} INFO - [2024-07-15 22:53:29,718] {dagbag.py:500} INFO - Filling up the DagBag from /opt/airflow/dags/load_stg_to_dds.py
[2024-07-15 22:53:29,788] {processor.py:654} INFO - DAG(s) dict_keys(['load_stg_to_dds']) retrieved from /opt/airflow/dags/load_stg_to_dds.py
[2024-07-15 22:53:29,991] {logging_mixin.py:109} INFO - [2024-07-15 22:53:29,991] {dag.py:2396} INFO - Sync 1 DAGs
[2024-07-15 22:53:30,088] {logging_mixin.py:109} INFO - [2024-07-15 22:53:30,088] {dag.py:2935} INFO - Setting next_dagrun for load_stg_to_dds to None
[2024-07-15 22:53:30,103] {processor.py:171} INFO - Processing /opt/airflow/dags/load_stg_to_dds.py took 0.394 seconds
[2024-07-15 22:54:00,268] {processor.py:163} INFO - Started process (PID=14483) to work on /opt/airflow/dags/load_stg_to_dds.py
[2024-07-15 22:54:00,270] {processor.py:642} INFO - Processing file /opt/airflow/dags/load_stg_to_dds.py for tasks to queue
[2024-07-15 22:54:00,271] {logging_mixin.py:109} INFO - [2024-07-15 22:54:00,271] {dagbag.py:500} INFO - Filling up the DagBag from /opt/airflow/dags/load_stg_to_dds.py
[2024-07-15 22:54:00,338] {processor.py:654} INFO - DAG(s) dict_keys(['load_stg_to_dds']) retrieved from /opt/airflow/dags/load_stg_to_dds.py
[2024-07-15 22:54:00,528] {logging_mixin.py:109} INFO - [2024-07-15 22:54:00,528] {dag.py:2396} INFO - Sync 1 DAGs
[2024-07-15 22:54:00,624] {logging_mixin.py:109} INFO - [2024-07-15 22:54:00,624] {dag.py:2935} INFO - Setting next_dagrun for load_stg_to_dds to None
[2024-07-15 22:54:00,639] {processor.py:171} INFO - Processing /opt/airflow/dags/load_stg_to_dds.py took 0.376 seconds
[2024-07-15 22:54:30,898] {processor.py:163} INFO - Started process (PID=14493) to work on /opt/airflow/dags/load_stg_to_dds.py
[2024-07-15 22:54:30,900] {processor.py:642} INFO - Processing file /opt/airflow/dags/load_stg_to_dds.py for tasks to queue
[2024-07-15 22:54:30,902] {logging_mixin.py:109} INFO - [2024-07-15 22:54:30,902] {dagbag.py:500} INFO - Filling up the DagBag from /opt/airflow/dags/load_stg_to_dds.py
[2024-07-15 22:54:30,969] {processor.py:654} INFO - DAG(s) dict_keys(['load_stg_to_dds']) retrieved from /opt/airflow/dags/load_stg_to_dds.py
[2024-07-15 22:54:31,160] {logging_mixin.py:109} INFO - [2024-07-15 22:54:31,160] {dag.py:2396} INFO - Sync 1 DAGs
[2024-07-15 22:54:31,256] {logging_mixin.py:109} INFO - [2024-07-15 22:54:31,256] {dag.py:2935} INFO - Setting next_dagrun for load_stg_to_dds to None
[2024-07-15 22:54:31,270] {processor.py:171} INFO - Processing /opt/airflow/dags/load_stg_to_dds.py took 0.377 seconds
[2024-07-15 22:55:01,462] {processor.py:163} INFO - Started process (PID=14503) to work on /opt/airflow/dags/load_stg_to_dds.py
[2024-07-15 22:55:01,465] {processor.py:642} INFO - Processing file /opt/airflow/dags/load_stg_to_dds.py for tasks to queue
[2024-07-15 22:55:01,466] {logging_mixin.py:109} INFO - [2024-07-15 22:55:01,466] {dagbag.py:500} INFO - Filling up the DagBag from /opt/airflow/dags/load_stg_to_dds.py
[2024-07-15 22:55:01,534] {processor.py:654} INFO - DAG(s) dict_keys(['load_stg_to_dds']) retrieved from /opt/airflow/dags/load_stg_to_dds.py
[2024-07-15 22:55:01,802] {logging_mixin.py:109} INFO - [2024-07-15 22:55:01,802] {dag.py:2396} INFO - Sync 1 DAGs
[2024-07-15 22:55:01,816] {logging_mixin.py:109} INFO - [2024-07-15 22:55:01,816] {dag.py:2935} INFO - Setting next_dagrun for load_stg_to_dds to None
[2024-07-15 22:55:01,830] {processor.py:171} INFO - Processing /opt/airflow/dags/load_stg_to_dds.py took 0.373 seconds
[2024-07-15 22:55:32,143] {processor.py:163} INFO - Started process (PID=14513) to work on /opt/airflow/dags/load_stg_to_dds.py
[2024-07-15 22:55:32,157] {processor.py:642} INFO - Processing file /opt/airflow/dags/load_stg_to_dds.py for tasks to queue
[2024-07-15 22:55:32,160] {logging_mixin.py:109} INFO - [2024-07-15 22:55:32,160] {dagbag.py:500} INFO - Filling up the DagBag from /opt/airflow/dags/load_stg_to_dds.py
[2024-07-15 22:55:32,283] {processor.py:654} INFO - DAG(s) dict_keys(['load_stg_to_dds']) retrieved from /opt/airflow/dags/load_stg_to_dds.py
[2024-07-15 22:55:32,651] {logging_mixin.py:109} INFO - [2024-07-15 22:55:32,650] {dag.py:2396} INFO - Sync 1 DAGs
[2024-07-15 22:55:32,670] {logging_mixin.py:109} INFO - [2024-07-15 22:55:32,670] {dag.py:2935} INFO - Setting next_dagrun for load_stg_to_dds to None
[2024-07-15 22:55:32,687] {processor.py:171} INFO - Processing /opt/airflow/dags/load_stg_to_dds.py took 0.583 seconds
[2024-07-15 22:56:02,905] {processor.py:163} INFO - Started process (PID=14523) to work on /opt/airflow/dags/load_stg_to_dds.py
[2024-07-15 22:56:02,906] {processor.py:642} INFO - Processing file /opt/airflow/dags/load_stg_to_dds.py for tasks to queue
[2024-07-15 22:56:02,908] {logging_mixin.py:109} INFO - [2024-07-15 22:56:02,907] {dagbag.py:500} INFO - Filling up the DagBag from /opt/airflow/dags/load_stg_to_dds.py
[2024-07-15 22:56:02,976] {processor.py:654} INFO - DAG(s) dict_keys(['load_stg_to_dds']) retrieved from /opt/airflow/dags/load_stg_to_dds.py
[2024-07-15 22:56:03,259] {logging_mixin.py:109} INFO - [2024-07-15 22:56:03,259] {dag.py:2396} INFO - Sync 1 DAGs
[2024-07-15 22:56:03,273] {logging_mixin.py:109} INFO - [2024-07-15 22:56:03,273] {dag.py:2935} INFO - Setting next_dagrun for load_stg_to_dds to None
[2024-07-15 22:56:03,285] {processor.py:171} INFO - Processing /opt/airflow/dags/load_stg_to_dds.py took 0.384 seconds
[2024-07-15 22:56:33,526] {processor.py:163} INFO - Started process (PID=14533) to work on /opt/airflow/dags/load_stg_to_dds.py
[2024-07-15 22:56:33,528] {processor.py:642} INFO - Processing file /opt/airflow/dags/load_stg_to_dds.py for tasks to queue
[2024-07-15 22:56:33,529] {logging_mixin.py:109} INFO - [2024-07-15 22:56:33,529] {dagbag.py:500} INFO - Filling up the DagBag from /opt/airflow/dags/load_stg_to_dds.py
[2024-07-15 22:56:33,596] {processor.py:654} INFO - DAG(s) dict_keys(['load_stg_to_dds']) retrieved from /opt/airflow/dags/load_stg_to_dds.py
[2024-07-15 22:56:33,884] {logging_mixin.py:109} INFO - [2024-07-15 22:56:33,884] {dag.py:2396} INFO - Sync 1 DAGs
[2024-07-15 22:56:33,898] {logging_mixin.py:109} INFO - [2024-07-15 22:56:33,898] {dag.py:2935} INFO - Setting next_dagrun for load_stg_to_dds to None
[2024-07-15 22:56:33,914] {processor.py:171} INFO - Processing /opt/airflow/dags/load_stg_to_dds.py took 0.392 seconds
[2024-07-15 22:57:04,081] {processor.py:163} INFO - Started process (PID=14543) to work on /opt/airflow/dags/load_stg_to_dds.py
[2024-07-15 22:57:04,083] {processor.py:642} INFO - Processing file /opt/airflow/dags/load_stg_to_dds.py for tasks to queue
[2024-07-15 22:57:04,084] {logging_mixin.py:109} INFO - [2024-07-15 22:57:04,084] {dagbag.py:500} INFO - Filling up the DagBag from /opt/airflow/dags/load_stg_to_dds.py
[2024-07-15 22:57:04,158] {processor.py:654} INFO - DAG(s) dict_keys(['load_stg_to_dds']) retrieved from /opt/airflow/dags/load_stg_to_dds.py
[2024-07-15 22:57:04,363] {logging_mixin.py:109} INFO - [2024-07-15 22:57:04,363] {dag.py:2396} INFO - Sync 1 DAGs
[2024-07-15 22:57:04,377] {logging_mixin.py:109} INFO - [2024-07-15 22:57:04,377] {dag.py:2935} INFO - Setting next_dagrun for load_stg_to_dds to None
[2024-07-15 22:57:04,393] {processor.py:171} INFO - Processing /opt/airflow/dags/load_stg_to_dds.py took 0.317 seconds
[2024-07-15 22:57:34,622] {processor.py:163} INFO - Started process (PID=14553) to work on /opt/airflow/dags/load_stg_to_dds.py
[2024-07-15 22:57:34,624] {processor.py:642} INFO - Processing file /opt/airflow/dags/load_stg_to_dds.py for tasks to queue
[2024-07-15 22:57:34,625] {logging_mixin.py:109} INFO - [2024-07-15 22:57:34,625] {dagbag.py:500} INFO - Filling up the DagBag from /opt/airflow/dags/load_stg_to_dds.py
[2024-07-15 22:57:34,706] {processor.py:654} INFO - DAG(s) dict_keys(['load_stg_to_dds']) retrieved from /opt/airflow/dags/load_stg_to_dds.py
[2024-07-15 22:57:34,921] {logging_mixin.py:109} INFO - [2024-07-15 22:57:34,921] {dag.py:2396} INFO - Sync 1 DAGs
[2024-07-15 22:57:34,937] {logging_mixin.py:109} INFO - [2024-07-15 22:57:34,937] {dag.py:2935} INFO - Setting next_dagrun for load_stg_to_dds to None
[2024-07-15 22:57:34,954] {processor.py:171} INFO - Processing /opt/airflow/dags/load_stg_to_dds.py took 0.337 seconds
[2024-07-15 22:58:05,183] {processor.py:163} INFO - Started process (PID=14563) to work on /opt/airflow/dags/load_stg_to_dds.py
[2024-07-15 22:58:05,185] {processor.py:642} INFO - Processing file /opt/airflow/dags/load_stg_to_dds.py for tasks to queue
[2024-07-15 22:58:05,186] {logging_mixin.py:109} INFO - [2024-07-15 22:58:05,186] {dagbag.py:500} INFO - Filling up the DagBag from /opt/airflow/dags/load_stg_to_dds.py
[2024-07-15 22:58:05,252] {processor.py:654} INFO - DAG(s) dict_keys(['load_stg_to_dds']) retrieved from /opt/airflow/dags/load_stg_to_dds.py
[2024-07-15 22:58:05,439] {logging_mixin.py:109} INFO - [2024-07-15 22:58:05,439] {dag.py:2396} INFO - Sync 1 DAGs
[2024-07-15 22:58:05,453] {logging_mixin.py:109} INFO - [2024-07-15 22:58:05,453] {dag.py:2935} INFO - Setting next_dagrun for load_stg_to_dds to None
[2024-07-15 22:58:05,467] {processor.py:171} INFO - Processing /opt/airflow/dags/load_stg_to_dds.py took 0.289 seconds
[2024-07-15 22:58:35,654] {processor.py:163} INFO - Started process (PID=14573) to work on /opt/airflow/dags/load_stg_to_dds.py
[2024-07-15 22:58:35,656] {processor.py:642} INFO - Processing file /opt/airflow/dags/load_stg_to_dds.py for tasks to queue
[2024-07-15 22:58:35,657] {logging_mixin.py:109} INFO - [2024-07-15 22:58:35,657] {dagbag.py:500} INFO - Filling up the DagBag from /opt/airflow/dags/load_stg_to_dds.py
[2024-07-15 22:58:35,742] {processor.py:654} INFO - DAG(s) dict_keys(['load_stg_to_dds']) retrieved from /opt/airflow/dags/load_stg_to_dds.py
[2024-07-15 22:58:35,942] {logging_mixin.py:109} INFO - [2024-07-15 22:58:35,942] {dag.py:2396} INFO - Sync 1 DAGs
[2024-07-15 22:58:35,956] {logging_mixin.py:109} INFO - [2024-07-15 22:58:35,956] {dag.py:2935} INFO - Setting next_dagrun for load_stg_to_dds to None
[2024-07-15 22:58:35,972] {processor.py:171} INFO - Processing /opt/airflow/dags/load_stg_to_dds.py took 0.323 seconds
[2024-07-15 22:59:06,265] {processor.py:163} INFO - Started process (PID=14583) to work on /opt/airflow/dags/load_stg_to_dds.py
[2024-07-15 22:59:06,267] {processor.py:642} INFO - Processing file /opt/airflow/dags/load_stg_to_dds.py for tasks to queue
[2024-07-15 22:59:06,269] {logging_mixin.py:109} INFO - [2024-07-15 22:59:06,268] {dagbag.py:500} INFO - Filling up the DagBag from /opt/airflow/dags/load_stg_to_dds.py
[2024-07-15 22:59:06,336] {processor.py:654} INFO - DAG(s) dict_keys(['load_stg_to_dds']) retrieved from /opt/airflow/dags/load_stg_to_dds.py
[2024-07-15 22:59:06,528] {logging_mixin.py:109} INFO - [2024-07-15 22:59:06,528] {dag.py:2396} INFO - Sync 1 DAGs
[2024-07-15 22:59:06,542] {logging_mixin.py:109} INFO - [2024-07-15 22:59:06,542] {dag.py:2935} INFO - Setting next_dagrun for load_stg_to_dds to None
[2024-07-15 22:59:06,556] {processor.py:171} INFO - Processing /opt/airflow/dags/load_stg_to_dds.py took 0.294 seconds
[2024-07-15 22:59:36,718] {processor.py:163} INFO - Started process (PID=14593) to work on /opt/airflow/dags/load_stg_to_dds.py
[2024-07-15 22:59:36,721] {processor.py:642} INFO - Processing file /opt/airflow/dags/load_stg_to_dds.py for tasks to queue
[2024-07-15 22:59:36,725] {logging_mixin.py:109} INFO - [2024-07-15 22:59:36,725] {dagbag.py:500} INFO - Filling up the DagBag from /opt/airflow/dags/load_stg_to_dds.py
[2024-07-15 22:59:36,809] {processor.py:654} INFO - DAG(s) dict_keys(['load_stg_to_dds']) retrieved from /opt/airflow/dags/load_stg_to_dds.py
[2024-07-15 22:59:37,042] {logging_mixin.py:109} INFO - [2024-07-15 22:59:37,041] {dag.py:2396} INFO - Sync 1 DAGs
[2024-07-15 22:59:37,059] {logging_mixin.py:109} INFO - [2024-07-15 22:59:37,059] {dag.py:2935} INFO - Setting next_dagrun for load_stg_to_dds to None
[2024-07-15 22:59:37,075] {processor.py:171} INFO - Processing /opt/airflow/dags/load_stg_to_dds.py took 0.360 seconds
[2024-07-15 23:00:05,283] {processor.py:163} INFO - Started process (PID=14603) to work on /opt/airflow/dags/load_stg_to_dds.py
[2024-07-15 23:00:05,286] {processor.py:642} INFO - Processing file /opt/airflow/dags/load_stg_to_dds.py for tasks to queue
[2024-07-15 23:00:05,287] {logging_mixin.py:109} INFO - [2024-07-15 23:00:05,287] {dagbag.py:500} INFO - Filling up the DagBag from /opt/airflow/dags/load_stg_to_dds.py
[2024-07-15 23:00:05,345] {logging_mixin.py:109} INFO - [2024-07-15 23:00:05,343] {dagbag.py:334} ERROR - Failed to import: /opt/airflow/dags/load_stg_to_dds.py
Traceback (most recent call last):
  File "/home/airflow/.local/lib/python3.6/site-packages/airflow/models/dagbag.py", line 331, in _load_modules_from_file
    loader.exec_module(new_module)
  File "<frozen importlib._bootstrap_external>", line 678, in exec_module
  File "<frozen importlib._bootstrap>", line 219, in _call_with_frames_removed
  File "/opt/airflow/dags/load_stg_to_dds.py", line 167, in <module>
    load_etl = load_stg_to_dds()
  File "/home/airflow/.local/lib/python3.6/site-packages/airflow/models/dag.py", line 2984, in factory
    f(**f_kwargs)
  File "/opt/airflow/dags/load_stg_to_dds.py", line 163, in load_stg_to_dds
    migrate_data()
NameError: name 'migrate_data' is not defined
[2024-07-15 23:00:05,364] {processor.py:690} INFO - Deactivated 1 DAGs which are no longer present in /opt/airflow/dags/load_stg_to_dds.py
[2024-07-15 23:00:05,364] {processor.py:656} WARNING - No viable dags retrieved from /opt/airflow/dags/load_stg_to_dds.py
[2024-07-15 23:00:05,374] {processor.py:171} INFO - Processing /opt/airflow/dags/load_stg_to_dds.py took 0.096 seconds
[2024-07-15 23:00:11,765] {processor.py:163} INFO - Started process (PID=14613) to work on /opt/airflow/dags/load_stg_to_dds.py
[2024-07-15 23:00:11,767] {processor.py:642} INFO - Processing file /opt/airflow/dags/load_stg_to_dds.py for tasks to queue
[2024-07-15 23:00:11,768] {logging_mixin.py:109} INFO - [2024-07-15 23:00:11,768] {dagbag.py:500} INFO - Filling up the DagBag from /opt/airflow/dags/load_stg_to_dds.py
[2024-07-15 23:00:11,853] {logging_mixin.py:109} INFO - [2024-07-15 23:00:11,850] {dagbag.py:334} ERROR - Failed to import: /opt/airflow/dags/load_stg_to_dds.py
Traceback (most recent call last):
  File "/home/airflow/.local/lib/python3.6/site-packages/airflow/models/dagbag.py", line 331, in _load_modules_from_file
    loader.exec_module(new_module)
  File "<frozen importlib._bootstrap_external>", line 678, in exec_module
  File "<frozen importlib._bootstrap>", line 219, in _call_with_frames_removed
  File "/opt/airflow/dags/load_stg_to_dds.py", line 167, in <module>
    load_etl = load_stg_to_dds()
  File "/home/airflow/.local/lib/python3.6/site-packages/airflow/models/dag.py", line 2984, in factory
    f(**f_kwargs)
  File "/opt/airflow/dags/load_stg_to_dds.py", line 163, in load_stg_to_dds
    migrate_data()
NameError: name 'migrate_data' is not defined
[2024-07-15 23:00:11,886] {processor.py:656} WARNING - No viable dags retrieved from /opt/airflow/dags/load_stg_to_dds.py
[2024-07-15 23:00:11,900] {processor.py:171} INFO - Processing /opt/airflow/dags/load_stg_to_dds.py took 0.139 seconds
[2024-07-15 23:00:17,815] {processor.py:163} INFO - Started process (PID=14618) to work on /opt/airflow/dags/load_stg_to_dds.py
[2024-07-15 23:00:17,817] {processor.py:642} INFO - Processing file /opt/airflow/dags/load_stg_to_dds.py for tasks to queue
[2024-07-15 23:00:17,819] {logging_mixin.py:109} INFO - [2024-07-15 23:00:17,819] {dagbag.py:500} INFO - Filling up the DagBag from /opt/airflow/dags/load_stg_to_dds.py
[2024-07-15 23:00:17,909] {processor.py:654} INFO - DAG(s) dict_keys(['load_stg_to_dds']) retrieved from /opt/airflow/dags/load_stg_to_dds.py
[2024-07-15 23:00:18,187] {logging_mixin.py:109} INFO - [2024-07-15 23:00:18,187] {dag.py:2396} INFO - Sync 1 DAGs
[2024-07-15 23:00:18,211] {logging_mixin.py:109} INFO - [2024-07-15 23:00:18,211] {dag.py:2935} INFO - Setting next_dagrun for load_stg_to_dds to None
[2024-07-15 23:00:18,236] {processor.py:171} INFO - Processing /opt/airflow/dags/load_stg_to_dds.py took 0.425 seconds
[2024-07-15 23:00:36,362] {processor.py:163} INFO - Started process (PID=14623) to work on /opt/airflow/dags/load_stg_to_dds.py
[2024-07-15 23:00:36,364] {processor.py:642} INFO - Processing file /opt/airflow/dags/load_stg_to_dds.py for tasks to queue
[2024-07-15 23:00:36,366] {logging_mixin.py:109} INFO - [2024-07-15 23:00:36,366] {dagbag.py:500} INFO - Filling up the DagBag from /opt/airflow/dags/load_stg_to_dds.py
[2024-07-15 23:00:36,445] {processor.py:654} INFO - DAG(s) dict_keys(['load_stg_to_dds']) retrieved from /opt/airflow/dags/load_stg_to_dds.py
[2024-07-15 23:00:36,450] {logging_mixin.py:109} INFO - [2024-07-15 23:00:36,449] {dag.py:2396} INFO - Sync 1 DAGs
[2024-07-15 23:00:36,464] {logging_mixin.py:109} INFO - [2024-07-15 23:00:36,463] {dag.py:2935} INFO - Setting next_dagrun for load_stg_to_dds to None
[2024-07-15 23:00:36,478] {processor.py:171} INFO - Processing /opt/airflow/dags/load_stg_to_dds.py took 0.122 seconds
[2024-07-15 23:00:54,749] {processor.py:163} INFO - Started process (PID=14633) to work on /opt/airflow/dags/load_stg_to_dds.py
[2024-07-15 23:00:54,752] {processor.py:642} INFO - Processing file /opt/airflow/dags/load_stg_to_dds.py for tasks to queue
[2024-07-15 23:00:54,753] {logging_mixin.py:109} INFO - [2024-07-15 23:00:54,753] {dagbag.py:500} INFO - Filling up the DagBag from /opt/airflow/dags/load_stg_to_dds.py
[2024-07-15 23:00:54,827] {processor.py:654} INFO - DAG(s) dict_keys(['load_stg_to_dds']) retrieved from /opt/airflow/dags/load_stg_to_dds.py
[2024-07-15 23:00:55,022] {logging_mixin.py:109} INFO - [2024-07-15 23:00:55,022] {dag.py:2396} INFO - Sync 1 DAGs
[2024-07-15 23:00:55,037] {logging_mixin.py:109} INFO - [2024-07-15 23:00:55,037] {dag.py:2935} INFO - Setting next_dagrun for load_stg_to_dds to None
[2024-07-15 23:00:55,054] {processor.py:171} INFO - Processing /opt/airflow/dags/load_stg_to_dds.py took 0.310 seconds
[2024-07-15 23:01:03,132] {processor.py:163} INFO - Started process (PID=14638) to work on /opt/airflow/dags/load_stg_to_dds.py
[2024-07-15 23:01:03,135] {processor.py:642} INFO - Processing file /opt/airflow/dags/load_stg_to_dds.py for tasks to queue
[2024-07-15 23:01:03,136] {logging_mixin.py:109} INFO - [2024-07-15 23:01:03,136] {dagbag.py:500} INFO - Filling up the DagBag from /opt/airflow/dags/load_stg_to_dds.py
[2024-07-15 23:01:03,214] {processor.py:654} INFO - DAG(s) dict_keys(['load_stg_to_dds']) retrieved from /opt/airflow/dags/load_stg_to_dds.py
[2024-07-15 23:01:03,219] {logging_mixin.py:109} INFO - [2024-07-15 23:01:03,219] {dag.py:2396} INFO - Sync 1 DAGs
[2024-07-15 23:01:03,236] {logging_mixin.py:109} INFO - [2024-07-15 23:01:03,236] {dag.py:2935} INFO - Setting next_dagrun for load_stg_to_dds to None
[2024-07-15 23:01:03,252] {processor.py:171} INFO - Processing /opt/airflow/dags/load_stg_to_dds.py took 0.124 seconds
[2024-07-15 23:01:09,184] {processor.py:163} INFO - Started process (PID=14643) to work on /opt/airflow/dags/load_stg_to_dds.py
[2024-07-15 23:01:09,186] {processor.py:642} INFO - Processing file /opt/airflow/dags/load_stg_to_dds.py for tasks to queue
[2024-07-15 23:01:09,188] {logging_mixin.py:109} INFO - [2024-07-15 23:01:09,188] {dagbag.py:500} INFO - Filling up the DagBag from /opt/airflow/dags/load_stg_to_dds.py
[2024-07-15 23:01:09,258] {processor.py:654} INFO - DAG(s) dict_keys(['load_stg_to_dds']) retrieved from /opt/airflow/dags/load_stg_to_dds.py
[2024-07-15 23:01:09,264] {logging_mixin.py:109} INFO - [2024-07-15 23:01:09,263] {dag.py:2396} INFO - Sync 1 DAGs
[2024-07-15 23:01:09,282] {logging_mixin.py:109} INFO - [2024-07-15 23:01:09,282] {dag.py:2935} INFO - Setting next_dagrun for load_stg_to_dds to None
[2024-07-15 23:01:09,298] {processor.py:171} INFO - Processing /opt/airflow/dags/load_stg_to_dds.py took 0.117 seconds
[2024-07-15 23:01:39,519] {processor.py:163} INFO - Started process (PID=14653) to work on /opt/airflow/dags/load_stg_to_dds.py
[2024-07-15 23:01:39,521] {processor.py:642} INFO - Processing file /opt/airflow/dags/load_stg_to_dds.py for tasks to queue
[2024-07-15 23:01:39,523] {logging_mixin.py:109} INFO - [2024-07-15 23:01:39,522] {dagbag.py:500} INFO - Filling up the DagBag from /opt/airflow/dags/load_stg_to_dds.py
[2024-07-15 23:01:39,590] {processor.py:654} INFO - DAG(s) dict_keys(['load_stg_to_dds']) retrieved from /opt/airflow/dags/load_stg_to_dds.py
[2024-07-15 23:01:39,785] {logging_mixin.py:109} INFO - [2024-07-15 23:01:39,785] {dag.py:2396} INFO - Sync 1 DAGs
[2024-07-15 23:01:39,799] {logging_mixin.py:109} INFO - [2024-07-15 23:01:39,799] {dag.py:2935} INFO - Setting next_dagrun for load_stg_to_dds to None
[2024-07-15 23:01:39,813] {processor.py:171} INFO - Processing /opt/airflow/dags/load_stg_to_dds.py took 0.298 seconds
[2024-07-15 23:02:10,039] {processor.py:163} INFO - Started process (PID=14663) to work on /opt/airflow/dags/load_stg_to_dds.py
[2024-07-15 23:02:10,041] {processor.py:642} INFO - Processing file /opt/airflow/dags/load_stg_to_dds.py for tasks to queue
[2024-07-15 23:02:10,042] {logging_mixin.py:109} INFO - [2024-07-15 23:02:10,042] {dagbag.py:500} INFO - Filling up the DagBag from /opt/airflow/dags/load_stg_to_dds.py
[2024-07-15 23:02:10,114] {processor.py:654} INFO - DAG(s) dict_keys(['load_stg_to_dds']) retrieved from /opt/airflow/dags/load_stg_to_dds.py
[2024-07-15 23:02:10,304] {logging_mixin.py:109} INFO - [2024-07-15 23:02:10,304] {dag.py:2396} INFO - Sync 1 DAGs
[2024-07-15 23:02:10,317] {logging_mixin.py:109} INFO - [2024-07-15 23:02:10,317] {dag.py:2935} INFO - Setting next_dagrun for load_stg_to_dds to None
[2024-07-15 23:02:10,331] {processor.py:171} INFO - Processing /opt/airflow/dags/load_stg_to_dds.py took 0.296 seconds
[2024-07-15 23:04:25,808] {processor.py:163} INFO - Started process (PID=14673) to work on /opt/airflow/dags/load_stg_to_dds.py
[2024-07-15 23:04:25,848] {processor.py:642} INFO - Processing file /opt/airflow/dags/load_stg_to_dds.py for tasks to queue
[2024-07-15 23:04:25,887] {logging_mixin.py:109} INFO - [2024-07-15 23:04:25,887] {dagbag.py:500} INFO - Filling up the DagBag from /opt/airflow/dags/load_stg_to_dds.py
[2024-07-15 23:04:26,536] {processor.py:654} INFO - DAG(s) dict_keys(['load_stg_to_dds']) retrieved from /opt/airflow/dags/load_stg_to_dds.py
[2024-07-15 23:04:28,172] {logging_mixin.py:109} INFO - [2024-07-15 23:04:28,162] {dag.py:2396} INFO - Sync 1 DAGs
[2024-07-15 23:04:28,249] {logging_mixin.py:109} INFO - [2024-07-15 23:04:28,247] {dag.py:2935} INFO - Setting next_dagrun for load_stg_to_dds to None
[2024-07-15 23:04:28,319] {processor.py:171} INFO - Processing /opt/airflow/dags/load_stg_to_dds.py took 2.630 seconds
[2024-07-15 23:05:00,017] {processor.py:163} INFO - Started process (PID=14683) to work on /opt/airflow/dags/load_stg_to_dds.py
[2024-07-15 23:05:00,209] {processor.py:642} INFO - Processing file /opt/airflow/dags/load_stg_to_dds.py for tasks to queue
[2024-07-15 23:05:00,308] {logging_mixin.py:109} INFO - [2024-07-15 23:05:00,304] {dagbag.py:500} INFO - Filling up the DagBag from /opt/airflow/dags/load_stg_to_dds.py
[2024-07-15 23:05:09,629] {processor.py:654} INFO - DAG(s) dict_keys(['load_stg_to_dds']) retrieved from /opt/airflow/dags/load_stg_to_dds.py
[2024-07-15 23:05:23,712] {logging_mixin.py:109} INFO - [2024-07-15 23:05:23,712] {dag.py:2396} INFO - Sync 1 DAGs
[2024-07-15 23:05:23,748] {logging_mixin.py:109} INFO - [2024-07-15 23:05:23,748] {dag.py:2935} INFO - Setting next_dagrun for load_stg_to_dds to None
[2024-07-15 23:05:23,766] {processor.py:171} INFO - Processing /opt/airflow/dags/load_stg_to_dds.py took 24.579 seconds
[2024-07-15 23:05:55,271] {processor.py:163} INFO - Started process (PID=14693) to work on /opt/airflow/dags/load_stg_to_dds.py
[2024-07-15 23:05:55,332] {processor.py:642} INFO - Processing file /opt/airflow/dags/load_stg_to_dds.py for tasks to queue
[2024-07-15 23:05:55,366] {logging_mixin.py:109} INFO - [2024-07-15 23:05:55,363] {dagbag.py:500} INFO - Filling up the DagBag from /opt/airflow/dags/load_stg_to_dds.py
[2024-07-15 23:05:59,864] {processor.py:654} INFO - DAG(s) dict_keys(['load_stg_to_dds']) retrieved from /opt/airflow/dags/load_stg_to_dds.py
[2024-07-15 23:21:37,712] {logging_mixin.py:109} INFO - [2024-07-15 23:21:37,712] {dag.py:2396} INFO - Sync 1 DAGs
[2024-07-15 23:21:38,804] {processor.py:163} INFO - Started process (PID=14704) to work on /opt/airflow/dags/load_stg_to_dds.py
[2024-07-15 23:21:38,807] {processor.py:642} INFO - Processing file /opt/airflow/dags/load_stg_to_dds.py for tasks to queue
[2024-07-15 23:21:38,809] {logging_mixin.py:109} INFO - [2024-07-15 23:21:38,809] {dagbag.py:500} INFO - Filling up the DagBag from /opt/airflow/dags/load_stg_to_dds.py
[2024-07-15 23:21:38,890] {processor.py:654} INFO - DAG(s) dict_keys(['load_stg_to_dds']) retrieved from /opt/airflow/dags/load_stg_to_dds.py
[2024-07-15 23:21:39,181] {logging_mixin.py:109} INFO - [2024-07-15 23:21:39,180] {dag.py:2396} INFO - Sync 1 DAGs
[2024-07-15 23:21:39,204] {logging_mixin.py:109} INFO - [2024-07-15 23:21:39,203] {dag.py:2935} INFO - Setting next_dagrun for load_stg_to_dds to None
[2024-07-15 23:21:39,224] {processor.py:171} INFO - Processing /opt/airflow/dags/load_stg_to_dds.py took 0.427 seconds
[2024-07-15 23:22:10,343] {processor.py:163} INFO - Started process (PID=14714) to work on /opt/airflow/dags/load_stg_to_dds.py
[2024-07-15 23:22:10,397] {processor.py:642} INFO - Processing file /opt/airflow/dags/load_stg_to_dds.py for tasks to queue
[2024-07-15 23:22:10,429] {logging_mixin.py:109} INFO - [2024-07-15 23:22:10,426] {dagbag.py:500} INFO - Filling up the DagBag from /opt/airflow/dags/load_stg_to_dds.py
[2024-07-15 23:22:14,995] {processor.py:654} INFO - DAG(s) dict_keys(['load_stg_to_dds']) retrieved from /opt/airflow/dags/load_stg_to_dds.py
[2024-07-15 23:32:47,469] {processor.py:163} INFO - Started process (PID=14725) to work on /opt/airflow/dags/load_stg_to_dds.py
[2024-07-15 23:32:47,474] {processor.py:642} INFO - Processing file /opt/airflow/dags/load_stg_to_dds.py for tasks to queue
[2024-07-15 23:32:47,476] {logging_mixin.py:109} INFO - [2024-07-15 23:32:47,476] {dagbag.py:500} INFO - Filling up the DagBag from /opt/airflow/dags/load_stg_to_dds.py
[2024-07-15 23:32:47,884] {processor.py:654} INFO - DAG(s) dict_keys(['load_stg_to_dds']) retrieved from /opt/airflow/dags/load_stg_to_dds.py
[2024-07-15 23:32:48,469] {logging_mixin.py:109} INFO - [2024-07-15 23:32:48,469] {dag.py:2396} INFO - Sync 1 DAGs
[2024-07-15 23:32:48,490] {logging_mixin.py:109} INFO - [2024-07-15 23:32:48,490] {dag.py:2935} INFO - Setting next_dagrun for load_stg_to_dds to None
[2024-07-15 23:32:48,509] {processor.py:171} INFO - Processing /opt/airflow/dags/load_stg_to_dds.py took 1.057 seconds
[2024-07-15 23:33:20,030] {processor.py:163} INFO - Started process (PID=14735) to work on /opt/airflow/dags/load_stg_to_dds.py
[2024-07-15 23:33:20,228] {processor.py:642} INFO - Processing file /opt/airflow/dags/load_stg_to_dds.py for tasks to queue
[2024-07-15 23:33:20,415] {logging_mixin.py:109} INFO - [2024-07-15 23:33:20,412] {dagbag.py:500} INFO - Filling up the DagBag from /opt/airflow/dags/load_stg_to_dds.py
[2024-07-15 23:33:30,410] {processor.py:654} INFO - DAG(s) dict_keys(['load_stg_to_dds']) retrieved from /opt/airflow/dags/load_stg_to_dds.py
[2024-07-15 23:38:35,718] {processor.py:163} INFO - Started process (PID=14747) to work on /opt/airflow/dags/load_stg_to_dds.py
[2024-07-15 23:38:35,721] {processor.py:642} INFO - Processing file /opt/airflow/dags/load_stg_to_dds.py for tasks to queue
[2024-07-15 23:38:35,724] {logging_mixin.py:109} INFO - [2024-07-15 23:38:35,724] {dagbag.py:500} INFO - Filling up the DagBag from /opt/airflow/dags/load_stg_to_dds.py
[2024-07-15 23:38:35,880] {processor.py:654} INFO - DAG(s) dict_keys(['load_stg_to_dds']) retrieved from /opt/airflow/dags/load_stg_to_dds.py
[2024-07-15 23:38:36,208] {logging_mixin.py:109} INFO - [2024-07-15 23:38:36,208] {dag.py:2396} INFO - Sync 1 DAGs
[2024-07-15 23:38:36,233] {logging_mixin.py:109} INFO - [2024-07-15 23:38:36,233] {dag.py:2935} INFO - Setting next_dagrun for load_stg_to_dds to None
[2024-07-15 23:38:36,255] {processor.py:171} INFO - Processing /opt/airflow/dags/load_stg_to_dds.py took 0.543 seconds
[2024-07-15 23:39:06,982] {processor.py:163} INFO - Started process (PID=14757) to work on /opt/airflow/dags/load_stg_to_dds.py
[2024-07-15 23:39:07,108] {processor.py:642} INFO - Processing file /opt/airflow/dags/load_stg_to_dds.py for tasks to queue
[2024-07-15 23:39:07,174] {logging_mixin.py:109} INFO - [2024-07-15 23:39:07,166] {dagbag.py:500} INFO - Filling up the DagBag from /opt/airflow/dags/load_stg_to_dds.py
[2024-07-15 23:39:12,580] {processor.py:654} INFO - DAG(s) dict_keys(['load_stg_to_dds']) retrieved from /opt/airflow/dags/load_stg_to_dds.py
[2024-07-15 23:39:30,610] {logging_mixin.py:109} INFO - [2024-07-15 23:39:30,607] {dag.py:2396} INFO - Sync 1 DAGs
[2024-07-15 23:39:31,240] {logging_mixin.py:109} INFO - [2024-07-15 23:39:31,239] {dag.py:2935} INFO - Setting next_dagrun for load_stg_to_dds to None
[2024-07-15 23:39:31,728] {processor.py:171} INFO - Processing /opt/airflow/dags/load_stg_to_dds.py took 24.931 seconds
[2024-07-15 23:40:02,317] {processor.py:163} INFO - Started process (PID=14767) to work on /opt/airflow/dags/load_stg_to_dds.py
[2024-07-15 23:40:02,320] {processor.py:642} INFO - Processing file /opt/airflow/dags/load_stg_to_dds.py for tasks to queue
[2024-07-15 23:40:02,322] {logging_mixin.py:109} INFO - [2024-07-15 23:40:02,322] {dagbag.py:500} INFO - Filling up the DagBag from /opt/airflow/dags/load_stg_to_dds.py
[2024-07-15 23:40:02,396] {processor.py:654} INFO - DAG(s) dict_keys(['load_stg_to_dds']) retrieved from /opt/airflow/dags/load_stg_to_dds.py
[2024-07-15 23:40:02,612] {logging_mixin.py:109} INFO - [2024-07-15 23:40:02,612] {dag.py:2396} INFO - Sync 1 DAGs
[2024-07-15 23:40:02,630] {logging_mixin.py:109} INFO - [2024-07-15 23:40:02,630] {dag.py:2935} INFO - Setting next_dagrun for load_stg_to_dds to None
[2024-07-15 23:40:02,644] {processor.py:171} INFO - Processing /opt/airflow/dags/load_stg_to_dds.py took 0.332 seconds
[2024-07-15 23:40:32,923] {processor.py:163} INFO - Started process (PID=14777) to work on /opt/airflow/dags/load_stg_to_dds.py
[2024-07-15 23:40:32,926] {processor.py:642} INFO - Processing file /opt/airflow/dags/load_stg_to_dds.py for tasks to queue
[2024-07-15 23:40:32,928] {logging_mixin.py:109} INFO - [2024-07-15 23:40:32,927] {dagbag.py:500} INFO - Filling up the DagBag from /opt/airflow/dags/load_stg_to_dds.py
[2024-07-15 23:40:32,999] {processor.py:654} INFO - DAG(s) dict_keys(['load_stg_to_dds']) retrieved from /opt/airflow/dags/load_stg_to_dds.py
[2024-07-15 23:40:33,207] {logging_mixin.py:109} INFO - [2024-07-15 23:40:33,207] {dag.py:2396} INFO - Sync 1 DAGs
[2024-07-15 23:40:33,223] {logging_mixin.py:109} INFO - [2024-07-15 23:40:33,223] {dag.py:2935} INFO - Setting next_dagrun for load_stg_to_dds to None
[2024-07-15 23:40:33,235] {processor.py:171} INFO - Processing /opt/airflow/dags/load_stg_to_dds.py took 0.317 seconds
[2024-07-15 23:41:03,460] {processor.py:163} INFO - Started process (PID=14787) to work on /opt/airflow/dags/load_stg_to_dds.py
[2024-07-15 23:41:03,463] {processor.py:642} INFO - Processing file /opt/airflow/dags/load_stg_to_dds.py for tasks to queue
[2024-07-15 23:41:03,464] {logging_mixin.py:109} INFO - [2024-07-15 23:41:03,464] {dagbag.py:500} INFO - Filling up the DagBag from /opt/airflow/dags/load_stg_to_dds.py
[2024-07-15 23:41:03,538] {processor.py:654} INFO - DAG(s) dict_keys(['load_stg_to_dds']) retrieved from /opt/airflow/dags/load_stg_to_dds.py
[2024-07-15 23:41:03,723] {logging_mixin.py:109} INFO - [2024-07-15 23:41:03,723] {dag.py:2396} INFO - Sync 1 DAGs
[2024-07-15 23:41:03,737] {logging_mixin.py:109} INFO - [2024-07-15 23:41:03,737] {dag.py:2935} INFO - Setting next_dagrun for load_stg_to_dds to None
[2024-07-15 23:41:03,752] {processor.py:171} INFO - Processing /opt/airflow/dags/load_stg_to_dds.py took 0.295 seconds
[2024-07-15 23:41:33,953] {processor.py:163} INFO - Started process (PID=14797) to work on /opt/airflow/dags/load_stg_to_dds.py
[2024-07-15 23:41:33,958] {processor.py:642} INFO - Processing file /opt/airflow/dags/load_stg_to_dds.py for tasks to queue
[2024-07-15 23:41:33,960] {logging_mixin.py:109} INFO - [2024-07-15 23:41:33,960] {dagbag.py:500} INFO - Filling up the DagBag from /opt/airflow/dags/load_stg_to_dds.py
[2024-07-15 23:41:34,040] {processor.py:654} INFO - DAG(s) dict_keys(['load_stg_to_dds']) retrieved from /opt/airflow/dags/load_stg_to_dds.py
[2024-07-15 23:41:34,252] {logging_mixin.py:109} INFO - [2024-07-15 23:41:34,251] {dag.py:2396} INFO - Sync 1 DAGs
[2024-07-15 23:41:34,265] {logging_mixin.py:109} INFO - [2024-07-15 23:41:34,264] {dag.py:2935} INFO - Setting next_dagrun for load_stg_to_dds to None
[2024-07-15 23:41:34,278] {processor.py:171} INFO - Processing /opt/airflow/dags/load_stg_to_dds.py took 0.334 seconds
[2024-07-15 23:48:39,468] {processor.py:163} INFO - Started process (PID=14809) to work on /opt/airflow/dags/load_stg_to_dds.py
[2024-07-15 23:48:39,471] {processor.py:642} INFO - Processing file /opt/airflow/dags/load_stg_to_dds.py for tasks to queue
[2024-07-15 23:48:39,472] {logging_mixin.py:109} INFO - [2024-07-15 23:48:39,472] {dagbag.py:500} INFO - Filling up the DagBag from /opt/airflow/dags/load_stg_to_dds.py
[2024-07-15 23:48:39,613] {processor.py:654} INFO - DAG(s) dict_keys(['load_stg_to_dds']) retrieved from /opt/airflow/dags/load_stg_to_dds.py
[2024-07-15 23:48:40,298] {logging_mixin.py:109} INFO - [2024-07-15 23:48:40,298] {dag.py:2396} INFO - Sync 1 DAGs
[2024-07-15 23:48:40,320] {logging_mixin.py:109} INFO - [2024-07-15 23:48:40,320] {dag.py:2935} INFO - Setting next_dagrun for load_stg_to_dds to None
[2024-07-15 23:48:40,339] {processor.py:171} INFO - Processing /opt/airflow/dags/load_stg_to_dds.py took 0.876 seconds
[2024-07-15 23:49:11,155] {processor.py:163} INFO - Started process (PID=14819) to work on /opt/airflow/dags/load_stg_to_dds.py
[2024-07-15 23:49:11,239] {processor.py:642} INFO - Processing file /opt/airflow/dags/load_stg_to_dds.py for tasks to queue
[2024-07-15 23:49:11,281] {logging_mixin.py:109} INFO - [2024-07-15 23:49:11,279] {dagbag.py:500} INFO - Filling up the DagBag from /opt/airflow/dags/load_stg_to_dds.py
[2024-07-15 23:49:15,547] {processor.py:654} INFO - DAG(s) dict_keys(['load_stg_to_dds']) retrieved from /opt/airflow/dags/load_stg_to_dds.py
