[2024-08-12 21:50:34,928] {taskinstance.py:1032} INFO - Dependencies all met for <TaskInstance: load_dds_to_cdm.get_user_age_groups manual__2024-08-12T21:50:33.639850+00:00 [queued]>
[2024-08-12 21:50:34,946] {taskinstance.py:1032} INFO - Dependencies all met for <TaskInstance: load_dds_to_cdm.get_user_age_groups manual__2024-08-12T21:50:33.639850+00:00 [queued]>
[2024-08-12 21:50:34,947] {taskinstance.py:1238} INFO - 
--------------------------------------------------------------------------------
[2024-08-12 21:50:34,948] {taskinstance.py:1239} INFO - Starting attempt 1 of 1
[2024-08-12 21:50:34,948] {taskinstance.py:1240} INFO - 
--------------------------------------------------------------------------------
[2024-08-12 21:50:34,964] {taskinstance.py:1259} INFO - Executing <Task(_PythonDecoratedOperator): get_user_age_groups> on 2024-08-12 21:50:33.639850+00:00
[2024-08-12 21:50:34,969] {standard_task_runner.py:52} INFO - Started process 2250 to run task
[2024-08-12 21:50:34,974] {standard_task_runner.py:76} INFO - Running: ['airflow', 'tasks', 'run', 'load_dds_to_cdm', 'get_user_age_groups', 'manual__2024-08-12T21:50:33.639850+00:00', '--job-id', '65', '--raw', '--subdir', 'DAGS_FOLDER/load_dds_to_cdm.py', '--cfg-path', '/tmp/tmp1nyaq2mf', '--error-file', '/tmp/tmp2p9uehgr']
[2024-08-12 21:50:34,980] {standard_task_runner.py:77} INFO - Job 65: Subtask get_user_age_groups
[2024-08-12 21:50:35,073] {logging_mixin.py:109} INFO - Running <TaskInstance: load_dds_to_cdm.get_user_age_groups manual__2024-08-12T21:50:33.639850+00:00 [running]> on host 915f51171463
[2024-08-12 21:50:35,147] {taskinstance.py:1426} INFO - Exporting the following env vars:
AIRFLOW_CTX_DAG_OWNER=airflow
AIRFLOW_CTX_DAG_ID=load_dds_to_cdm
AIRFLOW_CTX_TASK_ID=get_user_age_groups
AIRFLOW_CTX_EXECUTION_DATE=2024-08-12T21:50:33.639850+00:00
AIRFLOW_CTX_DAG_RUN_ID=manual__2024-08-12T21:50:33.639850+00:00
[2024-08-12 21:50:35,212] {logging_mixin.py:109} INFO - RESULT -> [[1, '0-17'], [2, '18-24'], [3, '18-24'], [4, '65+'], [5, '0-17'], [6, '18-24'], [7, '18-24'], [8, '65+'], [9, '0-17'], [10, '18-24'], [11, '18-24'], [12, '65+'], [13, '0-17'], [14, '18-24'], [15, '18-24'], [16, '65+'], [17, '0-17'], [18, '18-24'], [19, '18-24'], [20, '65+'], [21, '0-17'], [22, '18-24'], [23, '18-24'], [24, '65+'], [25, '0-17'], [26, '18-24'], [27, '18-24'], [28, '65+'], [29, '0-17'], [30, '18-24'], [31, '18-24'], [32, '65+'], [33, '0-17'], [34, '18-24'], [35, '18-24'], [36, '65+'], [37, '0-17'], [38, '18-24'], [39, '18-24'], [40, '65+'], [41, '0-17'], [42, '18-24'], [43, '18-24'], [44, '65+'], [45, '0-17'], [46, '18-24'], [47, '18-24'], [48, '65+'], [49, '0-17'], [50, '18-24'], [51, '18-24'], [52, '65+'], [53, '0-17'], [54, '18-24'], [55, '18-24'], [56, '65+'], [57, '0-17'], [58, '18-24'], [59, '18-24'], [60, '65+']]
[2024-08-12 21:50:35,213] {python.py:175} INFO - Done. Returned value was: [[1, '0-17'], [2, '18-24'], [3, '18-24'], [4, '65+'], [5, '0-17'], [6, '18-24'], [7, '18-24'], [8, '65+'], [9, '0-17'], [10, '18-24'], [11, '18-24'], [12, '65+'], [13, '0-17'], [14, '18-24'], [15, '18-24'], [16, '65+'], [17, '0-17'], [18, '18-24'], [19, '18-24'], [20, '65+'], [21, '0-17'], [22, '18-24'], [23, '18-24'], [24, '65+'], [25, '0-17'], [26, '18-24'], [27, '18-24'], [28, '65+'], [29, '0-17'], [30, '18-24'], [31, '18-24'], [32, '65+'], [33, '0-17'], [34, '18-24'], [35, '18-24'], [36, '65+'], [37, '0-17'], [38, '18-24'], [39, '18-24'], [40, '65+'], [41, '0-17'], [42, '18-24'], [43, '18-24'], [44, '65+'], [45, '0-17'], [46, '18-24'], [47, '18-24'], [48, '65+'], [49, '0-17'], [50, '18-24'], [51, '18-24'], [52, '65+'], [53, '0-17'], [54, '18-24'], [55, '18-24'], [56, '65+'], [57, '0-17'], [58, '18-24'], [59, '18-24'], [60, '65+']]
[2024-08-12 21:50:35,246] {taskinstance.py:1277} INFO - Marking task as SUCCESS. dag_id=load_dds_to_cdm, task_id=get_user_age_groups, execution_date=20240812T215033, start_date=20240812T215034, end_date=20240812T215035
[2024-08-12 21:50:35,279] {local_task_job.py:154} INFO - Task exited with return code 0
[2024-08-12 21:50:35,318] {local_task_job.py:264} INFO - 1 downstream tasks scheduled from follow-on schedule check
