[2024-08-14 12:57:39,646] {taskinstance.py:1032} INFO - Dependencies all met for <TaskInstance: load_stg_to_dds2.load_data_dds manual__2024-08-14T12:57:38.701224+00:00 [queued]>
[2024-08-14 12:57:39,661] {taskinstance.py:1032} INFO - Dependencies all met for <TaskInstance: load_stg_to_dds2.load_data_dds manual__2024-08-14T12:57:38.701224+00:00 [queued]>
[2024-08-14 12:57:39,662] {taskinstance.py:1238} INFO - 
--------------------------------------------------------------------------------
[2024-08-14 12:57:39,663] {taskinstance.py:1239} INFO - Starting attempt 1 of 1
[2024-08-14 12:57:39,663] {taskinstance.py:1240} INFO - 
--------------------------------------------------------------------------------
[2024-08-14 12:57:39,678] {taskinstance.py:1259} INFO - Executing <Task(_PythonDecoratedOperator): load_data_dds> on 2024-08-14 12:57:38.701224+00:00
[2024-08-14 12:57:39,683] {standard_task_runner.py:52} INFO - Started process 28221 to run task
[2024-08-14 12:57:39,686] {standard_task_runner.py:76} INFO - Running: ['airflow', 'tasks', 'run', 'load_stg_to_dds2', 'load_data_dds', 'manual__2024-08-14T12:57:38.701224+00:00', '--job-id', '80', '--raw', '--subdir', 'DAGS_FOLDER/load_stg_to_dds2.py', '--cfg-path', '/tmp/tmpu0_jel29', '--error-file', '/tmp/tmpbp4mlgxm']
[2024-08-14 12:57:39,690] {standard_task_runner.py:77} INFO - Job 80: Subtask load_data_dds
[2024-08-14 12:57:39,766] {logging_mixin.py:109} INFO - Running <TaskInstance: load_stg_to_dds2.load_data_dds manual__2024-08-14T12:57:38.701224+00:00 [running]> on host 915f51171463
[2024-08-14 12:57:39,840] {taskinstance.py:1426} INFO - Exporting the following env vars:
AIRFLOW_CTX_DAG_OWNER=airflow
AIRFLOW_CTX_DAG_ID=load_stg_to_dds2
AIRFLOW_CTX_TASK_ID=load_data_dds
AIRFLOW_CTX_EXECUTION_DATE=2024-08-14T12:57:38.701224+00:00
AIRFLOW_CTX_DAG_RUN_ID=manual__2024-08-14T12:57:38.701224+00:00
[2024-08-14 12:57:48,837] {python.py:175} INFO - Done. Returned value was: None
[2024-08-14 12:57:48,853] {taskinstance.py:1277} INFO - Marking task as SUCCESS. dag_id=load_stg_to_dds2, task_id=load_data_dds, execution_date=20240814T125738, start_date=20240814T125739, end_date=20240814T125748
[2024-08-14 12:57:48,893] {local_task_job.py:154} INFO - Task exited with return code 0
[2024-08-14 12:57:48,932] {local_task_job.py:264} INFO - 0 downstream tasks scheduled from follow-on schedule check
