[2024-07-17 06:07:04,246] {taskinstance.py:1032} INFO - Dependencies all met for <TaskInstance: load_stg_to_dds.load_data_dds manual__2024-07-17T06:07:03.026201+00:00 [queued]>
[2024-07-17 06:07:04,259] {taskinstance.py:1032} INFO - Dependencies all met for <TaskInstance: load_stg_to_dds.load_data_dds manual__2024-07-17T06:07:03.026201+00:00 [queued]>
[2024-07-17 06:07:04,259] {taskinstance.py:1238} INFO - 
--------------------------------------------------------------------------------
[2024-07-17 06:07:04,262] {taskinstance.py:1239} INFO - Starting attempt 1 of 1
[2024-07-17 06:07:04,262] {taskinstance.py:1240} INFO - 
--------------------------------------------------------------------------------
[2024-07-17 06:07:04,274] {taskinstance.py:1259} INFO - Executing <Task(_PythonDecoratedOperator): load_data_dds> on 2024-07-17 06:07:03.026201+00:00
[2024-07-17 06:07:04,277] {standard_task_runner.py:52} INFO - Started process 31420 to run task
[2024-07-17 06:07:04,280] {standard_task_runner.py:76} INFO - Running: ['airflow', 'tasks', 'run', 'load_stg_to_dds', 'load_data_dds', 'manual__2024-07-17T06:07:03.026201+00:00', '--job-id', '53', '--raw', '--subdir', 'DAGS_FOLDER/load_stg_to_dds.py', '--cfg-path', '/tmp/tmp74htrkk0', '--error-file', '/tmp/tmpqczc39c_']
[2024-07-17 06:07:04,284] {standard_task_runner.py:77} INFO - Job 53: Subtask load_data_dds
[2024-07-17 06:07:04,355] {logging_mixin.py:109} INFO - Running <TaskInstance: load_stg_to_dds.load_data_dds manual__2024-07-17T06:07:03.026201+00:00 [running]> on host 676d07ac814a
[2024-07-17 06:07:04,456] {taskinstance.py:1426} INFO - Exporting the following env vars:
AIRFLOW_CTX_DAG_OWNER=airflow
AIRFLOW_CTX_DAG_ID=load_stg_to_dds
AIRFLOW_CTX_TASK_ID=load_data_dds
AIRFLOW_CTX_EXECUTION_DATE=2024-07-17T06:07:03.026201+00:00
AIRFLOW_CTX_DAG_RUN_ID=manual__2024-07-17T06:07:03.026201+00:00
[2024-07-17 06:07:06,220] {python.py:175} INFO - Done. Returned value was: None
[2024-07-17 06:07:06,241] {taskinstance.py:1277} INFO - Marking task as SUCCESS. dag_id=load_stg_to_dds, task_id=load_data_dds, execution_date=20240717T060703, start_date=20240717T060704, end_date=20240717T060706
[2024-07-17 06:07:06,265] {local_task_job.py:154} INFO - Task exited with return code 0
[2024-07-17 06:07:06,311] {local_task_job.py:264} INFO - 0 downstream tasks scheduled from follow-on schedule check
