[2024-07-16 06:43:28,099] {taskinstance.py:1032} INFO - Dependencies all met for <TaskInstance: extract_stg.extract_chats manual__2024-07-16T06:43:25.440073+00:00 [queued]>
[2024-07-16 06:43:28,111] {taskinstance.py:1032} INFO - Dependencies all met for <TaskInstance: extract_stg.extract_chats manual__2024-07-16T06:43:25.440073+00:00 [queued]>
[2024-07-16 06:43:28,112] {taskinstance.py:1238} INFO - 
--------------------------------------------------------------------------------
[2024-07-16 06:43:28,113] {taskinstance.py:1239} INFO - Starting attempt 1 of 1
[2024-07-16 06:43:28,113] {taskinstance.py:1240} INFO - 
--------------------------------------------------------------------------------
[2024-07-16 06:43:28,126] {taskinstance.py:1259} INFO - Executing <Task(_PythonDecoratedOperator): extract_chats> on 2024-07-16 06:43:25.440073+00:00
[2024-07-16 06:43:28,130] {standard_task_runner.py:52} INFO - Started process 17985 to run task
[2024-07-16 06:43:28,133] {standard_task_runner.py:76} INFO - Running: ['airflow', 'tasks', 'run', 'extract_stg', 'extract_chats', 'manual__2024-07-16T06:43:25.440073+00:00', '--job-id', '26', '--raw', '--subdir', 'DAGS_FOLDER/extract_file_stg.py', '--cfg-path', '/tmp/tmpnei0evl1', '--error-file', '/tmp/tmpnlqo63ag']
[2024-07-16 06:43:28,137] {standard_task_runner.py:77} INFO - Job 26: Subtask extract_chats
[2024-07-16 06:43:28,212] {logging_mixin.py:109} INFO - Running <TaskInstance: extract_stg.extract_chats manual__2024-07-16T06:43:25.440073+00:00 [running]> on host 676d07ac814a
[2024-07-16 06:43:28,278] {taskinstance.py:1426} INFO - Exporting the following env vars:
AIRFLOW_CTX_DAG_OWNER=airflow
AIRFLOW_CTX_DAG_ID=extract_stg
AIRFLOW_CTX_TASK_ID=extract_chats
AIRFLOW_CTX_EXECUTION_DATE=2024-07-16T06:43:25.440073+00:00
AIRFLOW_CTX_DAG_RUN_ID=manual__2024-07-16T06:43:25.440073+00:00
[2024-07-16 06:43:28,394] {python.py:175} INFO - Done. Returned value was: None
[2024-07-16 06:43:28,411] {taskinstance.py:1277} INFO - Marking task as SUCCESS. dag_id=extract_stg, task_id=extract_chats, execution_date=20240716T064325, start_date=20240716T064328, end_date=20240716T064328
[2024-07-16 06:43:28,437] {local_task_job.py:154} INFO - Task exited with return code 0
[2024-07-16 06:43:28,475] {local_task_job.py:264} INFO - 1 downstream tasks scheduled from follow-on schedule check
