[2024-08-14 13:38:16,300] {taskinstance.py:1032} INFO - Dependencies all met for <TaskInstance: load_stg_to_dds2.load_data_dds manual__2024-08-14T13:38:14.989320+00:00 [queued]>
[2024-08-14 13:38:16,313] {taskinstance.py:1032} INFO - Dependencies all met for <TaskInstance: load_stg_to_dds2.load_data_dds manual__2024-08-14T13:38:14.989320+00:00 [queued]>
[2024-08-14 13:38:16,314] {taskinstance.py:1238} INFO - 
--------------------------------------------------------------------------------
[2024-08-14 13:38:16,315] {taskinstance.py:1239} INFO - Starting attempt 1 of 1
[2024-08-14 13:38:16,316] {taskinstance.py:1240} INFO - 
--------------------------------------------------------------------------------
[2024-08-14 13:38:16,328] {taskinstance.py:1259} INFO - Executing <Task(_PythonDecoratedOperator): load_data_dds> on 2024-08-14 13:38:14.989320+00:00
[2024-08-14 13:38:16,331] {standard_task_runner.py:52} INFO - Started process 29867 to run task
[2024-08-14 13:38:16,334] {standard_task_runner.py:76} INFO - Running: ['airflow', 'tasks', 'run', 'load_stg_to_dds2', 'load_data_dds', 'manual__2024-08-14T13:38:14.989320+00:00', '--job-id', '88', '--raw', '--subdir', 'DAGS_FOLDER/load_stg_to_dds2.py', '--cfg-path', '/tmp/tmp26289370', '--error-file', '/tmp/tmp9sar5m8_']
[2024-08-14 13:38:16,338] {standard_task_runner.py:77} INFO - Job 88: Subtask load_data_dds
[2024-08-14 13:38:16,423] {logging_mixin.py:109} INFO - Running <TaskInstance: load_stg_to_dds2.load_data_dds manual__2024-08-14T13:38:14.989320+00:00 [running]> on host 915f51171463
[2024-08-14 13:38:16,492] {taskinstance.py:1426} INFO - Exporting the following env vars:
AIRFLOW_CTX_DAG_OWNER=airflow
AIRFLOW_CTX_DAG_ID=load_stg_to_dds2
AIRFLOW_CTX_TASK_ID=load_data_dds
AIRFLOW_CTX_EXECUTION_DATE=2024-08-14T13:38:14.989320+00:00
AIRFLOW_CTX_DAG_RUN_ID=manual__2024-08-14T13:38:14.989320+00:00
[2024-08-14 13:39:29,094] {python.py:175} INFO - Done. Returned value was: None
[2024-08-14 13:39:29,112] {taskinstance.py:1277} INFO - Marking task as SUCCESS. dag_id=load_stg_to_dds2, task_id=load_data_dds, execution_date=20240814T133814, start_date=20240814T133816, end_date=20240814T133929
[2024-08-14 13:39:29,175] {local_task_job.py:154} INFO - Task exited with return code 0
[2024-08-14 13:39:29,217] {local_task_job.py:264} INFO - 0 downstream tasks scheduled from follow-on schedule check
