[2024-08-12 21:39:48,784] {taskinstance.py:1032} INFO - Dependencies all met for <TaskInstance: load_stg_to_dds.load_data_dds manual__2024-08-12T21:39:47.368926+00:00 [queued]>
[2024-08-12 21:39:48,801] {taskinstance.py:1032} INFO - Dependencies all met for <TaskInstance: load_stg_to_dds.load_data_dds manual__2024-08-12T21:39:47.368926+00:00 [queued]>
[2024-08-12 21:39:48,802] {taskinstance.py:1238} INFO - 
--------------------------------------------------------------------------------
[2024-08-12 21:39:48,803] {taskinstance.py:1239} INFO - Starting attempt 1 of 1
[2024-08-12 21:39:48,804] {taskinstance.py:1240} INFO - 
--------------------------------------------------------------------------------
[2024-08-12 21:39:48,821] {taskinstance.py:1259} INFO - Executing <Task(_PythonDecoratedOperator): load_data_dds> on 2024-08-12 21:39:47.368926+00:00
[2024-08-12 21:39:48,827] {standard_task_runner.py:52} INFO - Started process 1892 to run task
[2024-08-12 21:39:48,832] {standard_task_runner.py:76} INFO - Running: ['airflow', 'tasks', 'run', 'load_stg_to_dds', 'load_data_dds', 'manual__2024-08-12T21:39:47.368926+00:00', '--job-id', '59', '--raw', '--subdir', 'DAGS_FOLDER/load_stg_to_dds.py', '--cfg-path', '/tmp/tmpb5i100yx', '--error-file', '/tmp/tmpmjad9nq8']
[2024-08-12 21:39:48,837] {standard_task_runner.py:77} INFO - Job 59: Subtask load_data_dds
[2024-08-12 21:39:48,954] {logging_mixin.py:109} INFO - Running <TaskInstance: load_stg_to_dds.load_data_dds manual__2024-08-12T21:39:47.368926+00:00 [running]> on host 915f51171463
[2024-08-12 21:39:49,028] {taskinstance.py:1426} INFO - Exporting the following env vars:
AIRFLOW_CTX_DAG_OWNER=airflow
AIRFLOW_CTX_DAG_ID=load_stg_to_dds
AIRFLOW_CTX_TASK_ID=load_data_dds
AIRFLOW_CTX_EXECUTION_DATE=2024-08-12T21:39:47.368926+00:00
AIRFLOW_CTX_DAG_RUN_ID=manual__2024-08-12T21:39:47.368926+00:00
[2024-08-12 21:39:53,522] {python.py:175} INFO - Done. Returned value was: None
[2024-08-12 21:39:53,542] {taskinstance.py:1277} INFO - Marking task as SUCCESS. dag_id=load_stg_to_dds, task_id=load_data_dds, execution_date=20240812T213947, start_date=20240812T213948, end_date=20240812T213953
[2024-08-12 21:39:53,583] {local_task_job.py:154} INFO - Task exited with return code 0
[2024-08-12 21:39:53,624] {local_task_job.py:264} INFO - 0 downstream tasks scheduled from follow-on schedule check
