[2024-07-15 19:39:02,707] {taskinstance.py:1032} INFO - Dependencies all met for <TaskInstance: extract_stg.load_peoples scheduled__2024-07-15T19:39:01.706040+00:00 [queued]>
[2024-07-15 19:39:02,718] {taskinstance.py:1032} INFO - Dependencies all met for <TaskInstance: extract_stg.load_peoples scheduled__2024-07-15T19:39:01.706040+00:00 [queued]>
[2024-07-15 19:39:02,719] {taskinstance.py:1238} INFO - 
--------------------------------------------------------------------------------
[2024-07-15 19:39:02,719] {taskinstance.py:1239} INFO - Starting attempt 1 of 1
[2024-07-15 19:39:02,720] {taskinstance.py:1240} INFO - 
--------------------------------------------------------------------------------
[2024-07-15 19:39:02,730] {taskinstance.py:1259} INFO - Executing <Task(_PythonDecoratedOperator): load_peoples> on 2024-07-15 19:39:01.706040+00:00
[2024-07-15 19:39:02,738] {standard_task_runner.py:52} INFO - Started process 14061 to run task
[2024-07-15 19:39:02,741] {standard_task_runner.py:76} INFO - Running: ['airflow', 'tasks', 'run', 'extract_stg', 'load_peoples', 'scheduled__2024-07-15T19:39:01.706040+00:00', '--job-id', '21', '--raw', '--subdir', 'DAGS_FOLDER/task2_file_stg.py', '--cfg-path', '/tmp/tmpu7n6gt7f', '--error-file', '/tmp/tmpgrt_vf14']
[2024-07-15 19:39:02,745] {standard_task_runner.py:77} INFO - Job 21: Subtask load_peoples
[2024-07-15 19:39:02,815] {logging_mixin.py:109} INFO - Running <TaskInstance: extract_stg.load_peoples scheduled__2024-07-15T19:39:01.706040+00:00 [running]> on host 676d07ac814a
[2024-07-15 19:39:02,876] {taskinstance.py:1426} INFO - Exporting the following env vars:
AIRFLOW_CTX_DAG_OWNER=airflow
AIRFLOW_CTX_DAG_ID=extract_stg
AIRFLOW_CTX_TASK_ID=load_peoples
AIRFLOW_CTX_EXECUTION_DATE=2024-07-15T19:39:01.706040+00:00
AIRFLOW_CTX_DAG_RUN_ID=scheduled__2024-07-15T19:39:01.706040+00:00
[2024-07-15 19:39:03,114] {python.py:175} INFO - Done. Returned value was: None
[2024-07-15 19:39:03,128] {taskinstance.py:1277} INFO - Marking task as SUCCESS. dag_id=extract_stg, task_id=load_peoples, execution_date=20240715T193901, start_date=20240715T193902, end_date=20240715T193903
[2024-07-15 19:39:03,165] {local_task_job.py:154} INFO - Task exited with return code 0
[2024-07-15 19:39:03,206] {local_task_job.py:264} INFO - 1 downstream tasks scheduled from follow-on schedule check
