[2024-08-14 11:41:39,082] {taskinstance.py:1032} INFO - Dependencies all met for <TaskInstance: extract_stg.extract_chats manual__2024-08-14T11:41:24.767930+00:00 [queued]>
[2024-08-14 11:41:39,096] {taskinstance.py:1032} INFO - Dependencies all met for <TaskInstance: extract_stg.extract_chats manual__2024-08-14T11:41:24.767930+00:00 [queued]>
[2024-08-14 11:41:39,097] {taskinstance.py:1238} INFO - 
--------------------------------------------------------------------------------
[2024-08-14 11:41:39,098] {taskinstance.py:1239} INFO - Starting attempt 1 of 1
[2024-08-14 11:41:39,098] {taskinstance.py:1240} INFO - 
--------------------------------------------------------------------------------
[2024-08-14 11:41:39,110] {taskinstance.py:1259} INFO - Executing <Task(_PythonDecoratedOperator): extract_chats> on 2024-08-14 11:41:24.767930+00:00
[2024-08-14 11:41:39,117] {standard_task_runner.py:52} INFO - Started process 26088 to run task
[2024-08-14 11:41:39,121] {standard_task_runner.py:76} INFO - Running: ['airflow', 'tasks', 'run', 'extract_stg', 'extract_chats', 'manual__2024-08-14T11:41:24.767930+00:00', '--job-id', '70', '--raw', '--subdir', 'DAGS_FOLDER/extract_file_stg.py', '--cfg-path', '/tmp/tmpqxs46o9v', '--error-file', '/tmp/tmpdr0tarpe']
[2024-08-14 11:41:39,130] {standard_task_runner.py:77} INFO - Job 70: Subtask extract_chats
[2024-08-14 11:41:39,207] {logging_mixin.py:109} INFO - Running <TaskInstance: extract_stg.extract_chats manual__2024-08-14T11:41:24.767930+00:00 [running]> on host 915f51171463
[2024-08-14 11:41:39,298] {taskinstance.py:1426} INFO - Exporting the following env vars:
AIRFLOW_CTX_DAG_OWNER=airflow
AIRFLOW_CTX_DAG_ID=extract_stg
AIRFLOW_CTX_TASK_ID=extract_chats
AIRFLOW_CTX_EXECUTION_DATE=2024-08-14T11:41:24.767930+00:00
AIRFLOW_CTX_DAG_RUN_ID=manual__2024-08-14T11:41:24.767930+00:00
[2024-08-14 11:41:44,684] {python.py:175} INFO - Done. Returned value was: None
[2024-08-14 11:41:44,703] {taskinstance.py:1277} INFO - Marking task as SUCCESS. dag_id=extract_stg, task_id=extract_chats, execution_date=20240814T114124, start_date=20240814T114139, end_date=20240814T114144
[2024-08-14 11:41:44,742] {local_task_job.py:154} INFO - Task exited with return code 0
[2024-08-14 11:41:44,777] {local_task_job.py:264} INFO - 1 downstream tasks scheduled from follow-on schedule check
