[2024-07-12 06:58:37,195] {taskinstance.py:1032} INFO - Dependencies all met for <TaskInstance: task2_file_stg.load_peoples manual__2024-07-12T06:58:36.000041+00:00 [queued]>
[2024-07-12 06:58:37,209] {taskinstance.py:1032} INFO - Dependencies all met for <TaskInstance: task2_file_stg.load_peoples manual__2024-07-12T06:58:36.000041+00:00 [queued]>
[2024-07-12 06:58:37,210] {taskinstance.py:1238} INFO - 
--------------------------------------------------------------------------------
[2024-07-12 06:58:37,210] {taskinstance.py:1239} INFO - Starting attempt 1 of 1
[2024-07-12 06:58:37,211] {taskinstance.py:1240} INFO - 
--------------------------------------------------------------------------------
[2024-07-12 06:58:37,225] {taskinstance.py:1259} INFO - Executing <Task(_PythonDecoratedOperator): load_peoples> on 2024-07-12 06:58:36.000041+00:00
[2024-07-12 06:58:37,230] {standard_task_runner.py:52} INFO - Started process 6805 to run task
[2024-07-12 06:58:37,233] {standard_task_runner.py:76} INFO - Running: ['airflow', 'tasks', 'run', 'task2_file_stg', 'load_peoples', 'manual__2024-07-12T06:58:36.000041+00:00', '--job-id', '18', '--raw', '--subdir', 'DAGS_FOLDER/task2_file_stg.py', '--cfg-path', '/tmp/tmpo8666lzi', '--error-file', '/tmp/tmpiy7z58r6']
[2024-07-12 06:58:37,238] {standard_task_runner.py:77} INFO - Job 18: Subtask load_peoples
[2024-07-12 06:58:37,310] {logging_mixin.py:109} INFO - Running <TaskInstance: task2_file_stg.load_peoples manual__2024-07-12T06:58:36.000041+00:00 [running]> on host 676d07ac814a
[2024-07-12 06:58:37,386] {taskinstance.py:1426} INFO - Exporting the following env vars:
AIRFLOW_CTX_DAG_OWNER=airflow
AIRFLOW_CTX_DAG_ID=task2_file_stg
AIRFLOW_CTX_TASK_ID=load_peoples
AIRFLOW_CTX_EXECUTION_DATE=2024-07-12T06:58:36.000041+00:00
AIRFLOW_CTX_DAG_RUN_ID=manual__2024-07-12T06:58:36.000041+00:00
[2024-07-12 06:58:37,468] {python.py:175} INFO - Done. Returned value was: None
[2024-07-12 06:58:37,483] {taskinstance.py:1277} INFO - Marking task as SUCCESS. dag_id=task2_file_stg, task_id=load_peoples, execution_date=20240712T065836, start_date=20240712T065837, end_date=20240712T065837
[2024-07-12 06:58:37,535] {local_task_job.py:154} INFO - Task exited with return code 0
[2024-07-12 06:58:37,600] {local_task_job.py:264} INFO - 0 downstream tasks scheduled from follow-on schedule check
