[2024-07-29 11:41:09,442] {processor.py:163} INFO - Started process (PID=73710) to work on /opt/airflow/dags/extract_file_stg.py
[2024-07-29 11:41:09,450] {processor.py:642} INFO - Processing file /opt/airflow/dags/extract_file_stg.py for tasks to queue
[2024-07-29 11:41:09,455] {logging_mixin.py:109} INFO - [2024-07-29 11:41:09,455] {dagbag.py:500} INFO - Filling up the DagBag from /opt/airflow/dags/extract_file_stg.py
[2024-07-29 11:41:09,729] {processor.py:654} INFO - DAG(s) dict_keys(['extract_stg']) retrieved from /opt/airflow/dags/extract_file_stg.py
[2024-07-29 11:41:10,262] {logging_mixin.py:109} INFO - [2024-07-29 11:41:10,261] {dag.py:2396} INFO - Sync 1 DAGs
[2024-07-29 11:41:10,288] {logging_mixin.py:109} INFO - [2024-07-29 11:41:10,288] {dag.py:2935} INFO - Setting next_dagrun for extract_stg to None
[2024-07-29 11:41:10,313] {processor.py:171} INFO - Processing /opt/airflow/dags/extract_file_stg.py took 0.897 seconds
[2024-07-29 17:49:35,053] {processor.py:163} INFO - Started process (PID=73722) to work on /opt/airflow/dags/extract_file_stg.py
[2024-07-29 17:49:35,058] {processor.py:642} INFO - Processing file /opt/airflow/dags/extract_file_stg.py for tasks to queue
[2024-07-29 17:49:35,060] {logging_mixin.py:109} INFO - [2024-07-29 17:49:35,060] {dagbag.py:500} INFO - Filling up the DagBag from /opt/airflow/dags/extract_file_stg.py
[2024-07-29 17:49:35,218] {processor.py:654} INFO - DAG(s) dict_keys(['extract_stg']) retrieved from /opt/airflow/dags/extract_file_stg.py
[2024-07-29 17:49:35,804] {logging_mixin.py:109} INFO - [2024-07-29 17:49:35,804] {dag.py:2396} INFO - Sync 1 DAGs
[2024-07-29 17:49:35,841] {logging_mixin.py:109} INFO - [2024-07-29 17:49:35,840] {dag.py:2935} INFO - Setting next_dagrun for extract_stg to None
[2024-07-29 17:49:35,862] {processor.py:171} INFO - Processing /opt/airflow/dags/extract_file_stg.py took 0.834 seconds
[2024-07-29 17:50:14,177] {processor.py:163} INFO - Started process (PID=73732) to work on /opt/airflow/dags/extract_file_stg.py
[2024-07-29 17:50:14,196] {processor.py:642} INFO - Processing file /opt/airflow/dags/extract_file_stg.py for tasks to queue
[2024-07-29 17:50:14,232] {logging_mixin.py:109} INFO - [2024-07-29 17:50:14,231] {dagbag.py:500} INFO - Filling up the DagBag from /opt/airflow/dags/extract_file_stg.py
[2024-07-29 17:50:15,605] {processor.py:654} INFO - DAG(s) dict_keys(['extract_stg']) retrieved from /opt/airflow/dags/extract_file_stg.py
[2024-07-29 17:50:17,551] {logging_mixin.py:109} INFO - [2024-07-29 17:50:17,550] {dag.py:2396} INFO - Sync 1 DAGs
[2024-07-29 17:50:17,615] {logging_mixin.py:109} INFO - [2024-07-29 17:50:17,615] {dag.py:2935} INFO - Setting next_dagrun for extract_stg to None
[2024-07-29 17:50:17,674] {processor.py:171} INFO - Processing /opt/airflow/dags/extract_file_stg.py took 3.519 seconds
