[2024-07-29 11:41:09,440] {processor.py:163} INFO - Started process (PID=73709) to work on /opt/airflow/dags/load_stg_to_dds.py
[2024-07-29 11:41:09,446] {processor.py:642} INFO - Processing file /opt/airflow/dags/load_stg_to_dds.py for tasks to queue
[2024-07-29 11:41:09,449] {logging_mixin.py:109} INFO - [2024-07-29 11:41:09,449] {dagbag.py:500} INFO - Filling up the DagBag from /opt/airflow/dags/load_stg_to_dds.py
[2024-07-29 11:41:09,720] {processor.py:654} INFO - DAG(s) dict_keys(['load_stg_to_dds']) retrieved from /opt/airflow/dags/load_stg_to_dds.py
[2024-07-29 11:41:10,264] {logging_mixin.py:109} INFO - [2024-07-29 11:41:10,263] {dag.py:2396} INFO - Sync 1 DAGs
[2024-07-29 11:41:10,288] {logging_mixin.py:109} INFO - [2024-07-29 11:41:10,288] {dag.py:2935} INFO - Setting next_dagrun for load_stg_to_dds to None
[2024-07-29 11:41:10,312] {processor.py:171} INFO - Processing /opt/airflow/dags/load_stg_to_dds.py took 0.894 seconds
[2024-07-29 17:49:35,031] {processor.py:163} INFO - Started process (PID=73719) to work on /opt/airflow/dags/load_stg_to_dds.py
[2024-07-29 17:49:35,036] {processor.py:642} INFO - Processing file /opt/airflow/dags/load_stg_to_dds.py for tasks to queue
[2024-07-29 17:49:35,038] {logging_mixin.py:109} INFO - [2024-07-29 17:49:35,038] {dagbag.py:500} INFO - Filling up the DagBag from /opt/airflow/dags/load_stg_to_dds.py
[2024-07-29 17:49:35,208] {processor.py:654} INFO - DAG(s) dict_keys(['load_stg_to_dds']) retrieved from /opt/airflow/dags/load_stg_to_dds.py
[2024-07-29 17:49:35,815] {logging_mixin.py:109} INFO - [2024-07-29 17:49:35,815] {dag.py:2396} INFO - Sync 1 DAGs
[2024-07-29 17:49:35,848] {logging_mixin.py:109} INFO - [2024-07-29 17:49:35,848] {dag.py:2935} INFO - Setting next_dagrun for load_stg_to_dds to None
[2024-07-29 17:49:35,880] {processor.py:171} INFO - Processing /opt/airflow/dags/load_stg_to_dds.py took 0.854 seconds
[2024-07-29 17:50:14,202] {processor.py:163} INFO - Started process (PID=73729) to work on /opt/airflow/dags/load_stg_to_dds.py
[2024-07-29 17:50:14,242] {processor.py:642} INFO - Processing file /opt/airflow/dags/load_stg_to_dds.py for tasks to queue
[2024-07-29 17:50:14,277] {logging_mixin.py:109} INFO - [2024-07-29 17:50:14,277] {dagbag.py:500} INFO - Filling up the DagBag from /opt/airflow/dags/load_stg_to_dds.py
[2024-07-29 17:50:15,587] {processor.py:654} INFO - DAG(s) dict_keys(['load_stg_to_dds']) retrieved from /opt/airflow/dags/load_stg_to_dds.py
[2024-07-29 17:50:17,552] {logging_mixin.py:109} INFO - [2024-07-29 17:50:17,551] {dag.py:2396} INFO - Sync 1 DAGs
[2024-07-29 17:50:17,634] {logging_mixin.py:109} INFO - [2024-07-29 17:50:17,634] {dag.py:2935} INFO - Setting next_dagrun for load_stg_to_dds to None
[2024-07-29 17:50:17,672] {processor.py:171} INFO - Processing /opt/airflow/dags/load_stg_to_dds.py took 3.637 seconds
