[2024-07-15 19:39:05,723] {taskinstance.py:1032} INFO - Dependencies all met for <TaskInstance: extract_stg.load_groups scheduled__2024-07-15T19:39:01.706040+00:00 [queued]>
[2024-07-15 19:39:05,737] {taskinstance.py:1032} INFO - Dependencies all met for <TaskInstance: extract_stg.load_groups scheduled__2024-07-15T19:39:01.706040+00:00 [queued]>
[2024-07-15 19:39:05,738] {taskinstance.py:1238} INFO - 
--------------------------------------------------------------------------------
[2024-07-15 19:39:05,738] {taskinstance.py:1239} INFO - Starting attempt 1 of 1
[2024-07-15 19:39:05,738] {taskinstance.py:1240} INFO - 
--------------------------------------------------------------------------------
[2024-07-15 19:39:05,751] {taskinstance.py:1259} INFO - Executing <Task(_PythonDecoratedOperator): load_groups> on 2024-07-15 19:39:01.706040+00:00
[2024-07-15 19:39:05,754] {standard_task_runner.py:52} INFO - Started process 14170 to run task
[2024-07-15 19:39:05,757] {standard_task_runner.py:76} INFO - Running: ['airflow', 'tasks', 'run', 'extract_stg', 'load_groups', 'scheduled__2024-07-15T19:39:01.706040+00:00', '--job-id', '23', '--raw', '--subdir', 'DAGS_FOLDER/task2_file_stg.py', '--cfg-path', '/tmp/tmpej2anvju', '--error-file', '/tmp/tmpg1hxxlr7']
[2024-07-15 19:39:05,761] {standard_task_runner.py:77} INFO - Job 23: Subtask load_groups
[2024-07-15 19:39:05,845] {logging_mixin.py:109} INFO - Running <TaskInstance: extract_stg.load_groups scheduled__2024-07-15T19:39:01.706040+00:00 [running]> on host 676d07ac814a
[2024-07-15 19:39:05,916] {taskinstance.py:1426} INFO - Exporting the following env vars:
AIRFLOW_CTX_DAG_OWNER=airflow
AIRFLOW_CTX_DAG_ID=extract_stg
AIRFLOW_CTX_TASK_ID=load_groups
AIRFLOW_CTX_EXECUTION_DATE=2024-07-15T19:39:01.706040+00:00
AIRFLOW_CTX_DAG_RUN_ID=scheduled__2024-07-15T19:39:01.706040+00:00
[2024-07-15 19:39:06,026] {python.py:175} INFO - Done. Returned value was: None
[2024-07-15 19:39:06,040] {taskinstance.py:1277} INFO - Marking task as SUCCESS. dag_id=extract_stg, task_id=load_groups, execution_date=20240715T193901, start_date=20240715T193905, end_date=20240715T193906
[2024-07-15 19:39:06,060] {local_task_job.py:154} INFO - Task exited with return code 0
[2024-07-15 19:39:06,098] {local_task_job.py:264} INFO - 0 downstream tasks scheduled from follow-on schedule check
