[2024-07-09 22:34:49,372] {processor.py:163} INFO - Started process (PID=167) to work on /opt/airflow/dags/task2_file_stg.py
[2024-07-09 22:34:49,374] {processor.py:642} INFO - Processing file /opt/airflow/dags/task2_file_stg.py for tasks to queue
[2024-07-09 22:34:49,376] {logging_mixin.py:109} INFO - [2024-07-09 22:34:49,376] {dagbag.py:500} INFO - Filling up the DagBag from /opt/airflow/dags/task2_file_stg.py
[2024-07-09 22:34:49,657] {processor.py:654} INFO - DAG(s) dict_keys(['task2_file_stg']) retrieved from /opt/airflow/dags/task2_file_stg.py
[2024-07-09 22:34:54,836] {logging_mixin.py:109} INFO - [2024-07-09 22:34:54,836] {manager.py:496} INFO - Created Permission View: can edit on DAG:task2_file_stg
[2024-07-09 22:34:54,848] {logging_mixin.py:109} INFO - [2024-07-09 22:34:54,848] {manager.py:496} INFO - Created Permission View: can read on DAG:task2_file_stg
[2024-07-09 22:34:54,849] {logging_mixin.py:109} INFO - [2024-07-09 22:34:54,848] {dag.py:2396} INFO - Sync 1 DAGs
[2024-07-09 22:34:54,860] {logging_mixin.py:109} INFO - [2024-07-09 22:34:54,859] {dag.py:2415} INFO - Creating ORM DAG for task2_file_stg
[2024-07-09 22:34:54,869] {logging_mixin.py:109} INFO - [2024-07-09 22:34:54,869] {dag.py:2935} INFO - Setting next_dagrun for task2_file_stg to 2024-07-09T22:34:49.617562+00:00
[2024-07-09 22:34:54,886] {processor.py:171} INFO - Processing /opt/airflow/dags/task2_file_stg.py took 5.521 seconds
[2024-07-09 22:35:25,012] {processor.py:163} INFO - Started process (PID=182) to work on /opt/airflow/dags/task2_file_stg.py
[2024-07-09 22:35:25,014] {processor.py:642} INFO - Processing file /opt/airflow/dags/task2_file_stg.py for tasks to queue
[2024-07-09 22:35:25,016] {logging_mixin.py:109} INFO - [2024-07-09 22:35:25,015] {dagbag.py:500} INFO - Filling up the DagBag from /opt/airflow/dags/task2_file_stg.py
[2024-07-09 22:35:25,085] {processor.py:654} INFO - DAG(s) dict_keys(['task2_file_stg']) retrieved from /opt/airflow/dags/task2_file_stg.py
[2024-07-09 22:35:25,283] {logging_mixin.py:109} INFO - [2024-07-09 22:35:25,283] {dag.py:2396} INFO - Sync 1 DAGs
[2024-07-09 22:35:25,300] {logging_mixin.py:109} INFO - [2024-07-09 22:35:25,300] {dag.py:2935} INFO - Setting next_dagrun for task2_file_stg to None
[2024-07-09 22:35:25,314] {processor.py:171} INFO - Processing /opt/airflow/dags/task2_file_stg.py took 0.307 seconds
[2024-07-09 22:35:55,423] {processor.py:163} INFO - Started process (PID=187) to work on /opt/airflow/dags/task2_file_stg.py
[2024-07-09 22:35:55,425] {processor.py:642} INFO - Processing file /opt/airflow/dags/task2_file_stg.py for tasks to queue
[2024-07-09 22:35:55,427] {logging_mixin.py:109} INFO - [2024-07-09 22:35:55,427] {dagbag.py:500} INFO - Filling up the DagBag from /opt/airflow/dags/task2_file_stg.py
[2024-07-09 22:35:55,496] {processor.py:654} INFO - DAG(s) dict_keys(['task2_file_stg']) retrieved from /opt/airflow/dags/task2_file_stg.py
[2024-07-09 22:35:55,676] {logging_mixin.py:109} INFO - [2024-07-09 22:35:55,676] {dag.py:2396} INFO - Sync 1 DAGs
[2024-07-09 22:35:55,693] {logging_mixin.py:109} INFO - [2024-07-09 22:35:55,693] {dag.py:2935} INFO - Setting next_dagrun for task2_file_stg to None
[2024-07-09 22:35:55,707] {processor.py:171} INFO - Processing /opt/airflow/dags/task2_file_stg.py took 0.287 seconds
[2024-07-09 22:36:25,817] {processor.py:163} INFO - Started process (PID=192) to work on /opt/airflow/dags/task2_file_stg.py
[2024-07-09 22:36:25,819] {processor.py:642} INFO - Processing file /opt/airflow/dags/task2_file_stg.py for tasks to queue
[2024-07-09 22:36:25,820] {logging_mixin.py:109} INFO - [2024-07-09 22:36:25,820] {dagbag.py:500} INFO - Filling up the DagBag from /opt/airflow/dags/task2_file_stg.py
[2024-07-09 22:36:25,898] {processor.py:654} INFO - DAG(s) dict_keys(['task2_file_stg']) retrieved from /opt/airflow/dags/task2_file_stg.py
[2024-07-09 22:36:26,100] {logging_mixin.py:109} INFO - [2024-07-09 22:36:26,100] {dag.py:2396} INFO - Sync 1 DAGs
[2024-07-09 22:36:26,116] {logging_mixin.py:109} INFO - [2024-07-09 22:36:26,116] {dag.py:2935} INFO - Setting next_dagrun for task2_file_stg to None
[2024-07-09 22:36:26,130] {processor.py:171} INFO - Processing /opt/airflow/dags/task2_file_stg.py took 0.317 seconds
[2024-07-09 22:36:56,228] {processor.py:163} INFO - Started process (PID=197) to work on /opt/airflow/dags/task2_file_stg.py
[2024-07-09 22:36:56,230] {processor.py:642} INFO - Processing file /opt/airflow/dags/task2_file_stg.py for tasks to queue
[2024-07-09 22:36:56,232] {logging_mixin.py:109} INFO - [2024-07-09 22:36:56,231] {dagbag.py:500} INFO - Filling up the DagBag from /opt/airflow/dags/task2_file_stg.py
[2024-07-09 22:36:56,298] {processor.py:654} INFO - DAG(s) dict_keys(['task2_file_stg']) retrieved from /opt/airflow/dags/task2_file_stg.py
[2024-07-09 22:36:56,495] {logging_mixin.py:109} INFO - [2024-07-09 22:36:56,495] {dag.py:2396} INFO - Sync 1 DAGs
[2024-07-09 22:36:56,512] {logging_mixin.py:109} INFO - [2024-07-09 22:36:56,512] {dag.py:2935} INFO - Setting next_dagrun for task2_file_stg to None
[2024-07-09 22:36:56,528] {processor.py:171} INFO - Processing /opt/airflow/dags/task2_file_stg.py took 0.303 seconds
[2024-07-09 22:37:26,621] {processor.py:163} INFO - Started process (PID=202) to work on /opt/airflow/dags/task2_file_stg.py
[2024-07-09 22:37:26,623] {processor.py:642} INFO - Processing file /opt/airflow/dags/task2_file_stg.py for tasks to queue
[2024-07-09 22:37:26,625] {logging_mixin.py:109} INFO - [2024-07-09 22:37:26,625] {dagbag.py:500} INFO - Filling up the DagBag from /opt/airflow/dags/task2_file_stg.py
[2024-07-09 22:37:26,706] {processor.py:654} INFO - DAG(s) dict_keys(['task2_file_stg']) retrieved from /opt/airflow/dags/task2_file_stg.py
[2024-07-09 22:37:26,903] {logging_mixin.py:109} INFO - [2024-07-09 22:37:26,902] {dag.py:2396} INFO - Sync 1 DAGs
[2024-07-09 22:37:26,924] {logging_mixin.py:109} INFO - [2024-07-09 22:37:26,924] {dag.py:2935} INFO - Setting next_dagrun for task2_file_stg to None
[2024-07-09 22:37:26,939] {processor.py:171} INFO - Processing /opt/airflow/dags/task2_file_stg.py took 0.323 seconds
[2024-07-09 22:37:57,048] {processor.py:163} INFO - Started process (PID=207) to work on /opt/airflow/dags/task2_file_stg.py
[2024-07-09 22:37:57,050] {processor.py:642} INFO - Processing file /opt/airflow/dags/task2_file_stg.py for tasks to queue
[2024-07-09 22:37:57,051] {logging_mixin.py:109} INFO - [2024-07-09 22:37:57,051] {dagbag.py:500} INFO - Filling up the DagBag from /opt/airflow/dags/task2_file_stg.py
[2024-07-09 22:37:57,118] {processor.py:654} INFO - DAG(s) dict_keys(['task2_file_stg']) retrieved from /opt/airflow/dags/task2_file_stg.py
[2024-07-09 22:37:57,300] {logging_mixin.py:109} INFO - [2024-07-09 22:37:57,300] {dag.py:2396} INFO - Sync 1 DAGs
[2024-07-09 22:37:57,318] {logging_mixin.py:109} INFO - [2024-07-09 22:37:57,318] {dag.py:2935} INFO - Setting next_dagrun for task2_file_stg to None
[2024-07-09 22:37:57,331] {processor.py:171} INFO - Processing /opt/airflow/dags/task2_file_stg.py took 0.287 seconds
[2024-07-09 22:38:27,522] {processor.py:163} INFO - Started process (PID=212) to work on /opt/airflow/dags/task2_file_stg.py
[2024-07-09 22:38:27,523] {processor.py:642} INFO - Processing file /opt/airflow/dags/task2_file_stg.py for tasks to queue
[2024-07-09 22:38:27,525] {logging_mixin.py:109} INFO - [2024-07-09 22:38:27,524] {dagbag.py:500} INFO - Filling up the DagBag from /opt/airflow/dags/task2_file_stg.py
[2024-07-09 22:38:27,591] {processor.py:654} INFO - DAG(s) dict_keys(['task2_file_stg']) retrieved from /opt/airflow/dags/task2_file_stg.py
[2024-07-09 22:38:27,780] {logging_mixin.py:109} INFO - [2024-07-09 22:38:27,780] {dag.py:2396} INFO - Sync 1 DAGs
[2024-07-09 22:38:27,798] {logging_mixin.py:109} INFO - [2024-07-09 22:38:27,798] {dag.py:2935} INFO - Setting next_dagrun for task2_file_stg to None
[2024-07-09 22:38:27,811] {processor.py:171} INFO - Processing /opt/airflow/dags/task2_file_stg.py took 0.293 seconds
[2024-07-09 22:38:57,926] {processor.py:163} INFO - Started process (PID=217) to work on /opt/airflow/dags/task2_file_stg.py
[2024-07-09 22:38:57,928] {processor.py:642} INFO - Processing file /opt/airflow/dags/task2_file_stg.py for tasks to queue
[2024-07-09 22:38:57,930] {logging_mixin.py:109} INFO - [2024-07-09 22:38:57,930] {dagbag.py:500} INFO - Filling up the DagBag from /opt/airflow/dags/task2_file_stg.py
[2024-07-09 22:38:57,999] {processor.py:654} INFO - DAG(s) dict_keys(['task2_file_stg']) retrieved from /opt/airflow/dags/task2_file_stg.py
[2024-07-09 22:38:58,184] {logging_mixin.py:109} INFO - [2024-07-09 22:38:58,184] {dag.py:2396} INFO - Sync 1 DAGs
[2024-07-09 22:38:58,201] {logging_mixin.py:109} INFO - [2024-07-09 22:38:58,201] {dag.py:2935} INFO - Setting next_dagrun for task2_file_stg to None
[2024-07-09 22:38:58,213] {processor.py:171} INFO - Processing /opt/airflow/dags/task2_file_stg.py took 0.291 seconds
[2024-07-09 22:39:28,322] {processor.py:163} INFO - Started process (PID=222) to work on /opt/airflow/dags/task2_file_stg.py
[2024-07-09 22:39:28,324] {processor.py:642} INFO - Processing file /opt/airflow/dags/task2_file_stg.py for tasks to queue
[2024-07-09 22:39:28,326] {logging_mixin.py:109} INFO - [2024-07-09 22:39:28,325] {dagbag.py:500} INFO - Filling up the DagBag from /opt/airflow/dags/task2_file_stg.py
[2024-07-09 22:39:28,411] {processor.py:654} INFO - DAG(s) dict_keys(['task2_file_stg']) retrieved from /opt/airflow/dags/task2_file_stg.py
[2024-07-09 22:39:28,631] {logging_mixin.py:109} INFO - [2024-07-09 22:39:28,631] {dag.py:2396} INFO - Sync 1 DAGs
[2024-07-09 22:39:28,648] {logging_mixin.py:109} INFO - [2024-07-09 22:39:28,648] {dag.py:2935} INFO - Setting next_dagrun for task2_file_stg to None
[2024-07-09 22:39:28,662] {processor.py:171} INFO - Processing /opt/airflow/dags/task2_file_stg.py took 0.344 seconds
[2024-07-09 22:39:58,781] {processor.py:163} INFO - Started process (PID=227) to work on /opt/airflow/dags/task2_file_stg.py
[2024-07-09 22:39:58,783] {processor.py:642} INFO - Processing file /opt/airflow/dags/task2_file_stg.py for tasks to queue
[2024-07-09 22:39:58,784] {logging_mixin.py:109} INFO - [2024-07-09 22:39:58,784] {dagbag.py:500} INFO - Filling up the DagBag from /opt/airflow/dags/task2_file_stg.py
[2024-07-09 22:39:58,849] {processor.py:654} INFO - DAG(s) dict_keys(['task2_file_stg']) retrieved from /opt/airflow/dags/task2_file_stg.py
[2024-07-09 22:39:59,027] {logging_mixin.py:109} INFO - [2024-07-09 22:39:59,027] {dag.py:2396} INFO - Sync 1 DAGs
[2024-07-09 22:39:59,043] {logging_mixin.py:109} INFO - [2024-07-09 22:39:59,043] {dag.py:2935} INFO - Setting next_dagrun for task2_file_stg to None
[2024-07-09 22:39:59,058] {processor.py:171} INFO - Processing /opt/airflow/dags/task2_file_stg.py took 0.281 seconds
[2024-07-09 22:40:29,170] {processor.py:163} INFO - Started process (PID=232) to work on /opt/airflow/dags/task2_file_stg.py
[2024-07-09 22:40:29,176] {processor.py:642} INFO - Processing file /opt/airflow/dags/task2_file_stg.py for tasks to queue
[2024-07-09 22:40:29,195] {logging_mixin.py:109} INFO - [2024-07-09 22:40:29,195] {dagbag.py:500} INFO - Filling up the DagBag from /opt/airflow/dags/task2_file_stg.py
[2024-07-09 22:40:29,267] {processor.py:654} INFO - DAG(s) dict_keys(['task2_file_stg']) retrieved from /opt/airflow/dags/task2_file_stg.py
[2024-07-09 22:40:29,479] {logging_mixin.py:109} INFO - [2024-07-09 22:40:29,479] {dag.py:2396} INFO - Sync 1 DAGs
[2024-07-09 22:40:29,497] {logging_mixin.py:109} INFO - [2024-07-09 22:40:29,497] {dag.py:2935} INFO - Setting next_dagrun for task2_file_stg to None
[2024-07-09 22:40:29,511] {processor.py:171} INFO - Processing /opt/airflow/dags/task2_file_stg.py took 0.345 seconds
[2024-07-09 22:40:59,624] {processor.py:163} INFO - Started process (PID=237) to work on /opt/airflow/dags/task2_file_stg.py
[2024-07-09 22:40:59,625] {processor.py:642} INFO - Processing file /opt/airflow/dags/task2_file_stg.py for tasks to queue
[2024-07-09 22:40:59,627] {logging_mixin.py:109} INFO - [2024-07-09 22:40:59,626] {dagbag.py:500} INFO - Filling up the DagBag from /opt/airflow/dags/task2_file_stg.py
[2024-07-09 22:40:59,695] {processor.py:654} INFO - DAG(s) dict_keys(['task2_file_stg']) retrieved from /opt/airflow/dags/task2_file_stg.py
[2024-07-09 22:40:59,895] {logging_mixin.py:109} INFO - [2024-07-09 22:40:59,895] {dag.py:2396} INFO - Sync 1 DAGs
[2024-07-09 22:40:59,912] {logging_mixin.py:109} INFO - [2024-07-09 22:40:59,912] {dag.py:2935} INFO - Setting next_dagrun for task2_file_stg to None
[2024-07-09 22:40:59,925] {processor.py:171} INFO - Processing /opt/airflow/dags/task2_file_stg.py took 0.305 seconds
[2024-07-09 22:41:30,039] {processor.py:163} INFO - Started process (PID=242) to work on /opt/airflow/dags/task2_file_stg.py
[2024-07-09 22:41:30,041] {processor.py:642} INFO - Processing file /opt/airflow/dags/task2_file_stg.py for tasks to queue
[2024-07-09 22:41:30,042] {logging_mixin.py:109} INFO - [2024-07-09 22:41:30,042] {dagbag.py:500} INFO - Filling up the DagBag from /opt/airflow/dags/task2_file_stg.py
[2024-07-09 22:41:30,107] {processor.py:654} INFO - DAG(s) dict_keys(['task2_file_stg']) retrieved from /opt/airflow/dags/task2_file_stg.py
[2024-07-09 22:41:30,285] {logging_mixin.py:109} INFO - [2024-07-09 22:41:30,285] {dag.py:2396} INFO - Sync 1 DAGs
[2024-07-09 22:41:30,304] {logging_mixin.py:109} INFO - [2024-07-09 22:41:30,303] {dag.py:2935} INFO - Setting next_dagrun for task2_file_stg to None
[2024-07-09 22:41:30,319] {processor.py:171} INFO - Processing /opt/airflow/dags/task2_file_stg.py took 0.283 seconds
[2024-07-09 22:42:00,439] {processor.py:163} INFO - Started process (PID=247) to work on /opt/airflow/dags/task2_file_stg.py
[2024-07-09 22:42:00,441] {processor.py:642} INFO - Processing file /opt/airflow/dags/task2_file_stg.py for tasks to queue
[2024-07-09 22:42:00,442] {logging_mixin.py:109} INFO - [2024-07-09 22:42:00,442] {dagbag.py:500} INFO - Filling up the DagBag from /opt/airflow/dags/task2_file_stg.py
[2024-07-09 22:42:00,508] {processor.py:654} INFO - DAG(s) dict_keys(['task2_file_stg']) retrieved from /opt/airflow/dags/task2_file_stg.py
[2024-07-09 22:42:00,684] {logging_mixin.py:109} INFO - [2024-07-09 22:42:00,684] {dag.py:2396} INFO - Sync 1 DAGs
[2024-07-09 22:42:00,703] {logging_mixin.py:109} INFO - [2024-07-09 22:42:00,703] {dag.py:2935} INFO - Setting next_dagrun for task2_file_stg to None
[2024-07-09 22:42:00,717] {processor.py:171} INFO - Processing /opt/airflow/dags/task2_file_stg.py took 0.281 seconds
[2024-07-09 22:42:30,866] {processor.py:163} INFO - Started process (PID=252) to work on /opt/airflow/dags/task2_file_stg.py
[2024-07-09 22:42:30,868] {processor.py:642} INFO - Processing file /opt/airflow/dags/task2_file_stg.py for tasks to queue
[2024-07-09 22:42:30,869] {logging_mixin.py:109} INFO - [2024-07-09 22:42:30,869] {dagbag.py:500} INFO - Filling up the DagBag from /opt/airflow/dags/task2_file_stg.py
[2024-07-09 22:42:30,942] {processor.py:654} INFO - DAG(s) dict_keys(['task2_file_stg']) retrieved from /opt/airflow/dags/task2_file_stg.py
[2024-07-09 22:42:31,141] {logging_mixin.py:109} INFO - [2024-07-09 22:42:31,141] {dag.py:2396} INFO - Sync 1 DAGs
[2024-07-09 22:42:31,159] {logging_mixin.py:109} INFO - [2024-07-09 22:42:31,159] {dag.py:2935} INFO - Setting next_dagrun for task2_file_stg to None
[2024-07-09 22:42:31,174] {processor.py:171} INFO - Processing /opt/airflow/dags/task2_file_stg.py took 0.312 seconds
[2024-07-09 22:43:01,290] {processor.py:163} INFO - Started process (PID=257) to work on /opt/airflow/dags/task2_file_stg.py
[2024-07-09 22:43:01,292] {processor.py:642} INFO - Processing file /opt/airflow/dags/task2_file_stg.py for tasks to queue
[2024-07-09 22:43:01,293] {logging_mixin.py:109} INFO - [2024-07-09 22:43:01,293] {dagbag.py:500} INFO - Filling up the DagBag from /opt/airflow/dags/task2_file_stg.py
[2024-07-09 22:43:01,360] {processor.py:654} INFO - DAG(s) dict_keys(['task2_file_stg']) retrieved from /opt/airflow/dags/task2_file_stg.py
[2024-07-09 22:43:01,541] {logging_mixin.py:109} INFO - [2024-07-09 22:43:01,541] {dag.py:2396} INFO - Sync 1 DAGs
[2024-07-09 22:43:01,559] {logging_mixin.py:109} INFO - [2024-07-09 22:43:01,558] {dag.py:2935} INFO - Setting next_dagrun for task2_file_stg to None
[2024-07-09 22:43:01,573] {processor.py:171} INFO - Processing /opt/airflow/dags/task2_file_stg.py took 0.287 seconds
[2024-07-09 22:43:31,749] {processor.py:163} INFO - Started process (PID=262) to work on /opt/airflow/dags/task2_file_stg.py
[2024-07-09 22:43:31,751] {processor.py:642} INFO - Processing file /opt/airflow/dags/task2_file_stg.py for tasks to queue
[2024-07-09 22:43:31,752] {logging_mixin.py:109} INFO - [2024-07-09 22:43:31,752] {dagbag.py:500} INFO - Filling up the DagBag from /opt/airflow/dags/task2_file_stg.py
[2024-07-09 22:43:31,822] {processor.py:654} INFO - DAG(s) dict_keys(['task2_file_stg']) retrieved from /opt/airflow/dags/task2_file_stg.py
[2024-07-09 22:43:32,017] {logging_mixin.py:109} INFO - [2024-07-09 22:43:32,017] {dag.py:2396} INFO - Sync 1 DAGs
[2024-07-09 22:43:32,035] {logging_mixin.py:109} INFO - [2024-07-09 22:43:32,035] {dag.py:2935} INFO - Setting next_dagrun for task2_file_stg to None
[2024-07-09 22:43:32,049] {processor.py:171} INFO - Processing /opt/airflow/dags/task2_file_stg.py took 0.305 seconds
[2024-07-09 22:44:00,154] {processor.py:163} INFO - Started process (PID=267) to work on /opt/airflow/dags/task2_file_stg.py
[2024-07-09 22:44:00,156] {processor.py:642} INFO - Processing file /opt/airflow/dags/task2_file_stg.py for tasks to queue
[2024-07-09 22:44:00,157] {logging_mixin.py:109} INFO - [2024-07-09 22:44:00,156] {dagbag.py:500} INFO - Filling up the DagBag from /opt/airflow/dags/task2_file_stg.py
[2024-07-09 22:44:00,228] {processor.py:654} INFO - DAG(s) dict_keys(['task2_file_stg']) retrieved from /opt/airflow/dags/task2_file_stg.py
[2024-07-09 22:44:00,234] {logging_mixin.py:109} INFO - [2024-07-09 22:44:00,233] {dag.py:2396} INFO - Sync 1 DAGs
[2024-07-09 22:44:00,252] {logging_mixin.py:109} INFO - [2024-07-09 22:44:00,252] {dag.py:2935} INFO - Setting next_dagrun for task2_file_stg to None
[2024-07-09 22:44:00,265] {processor.py:171} INFO - Processing /opt/airflow/dags/task2_file_stg.py took 0.115 seconds
[2024-07-09 22:44:30,362] {processor.py:163} INFO - Started process (PID=272) to work on /opt/airflow/dags/task2_file_stg.py
[2024-07-09 22:44:30,365] {processor.py:642} INFO - Processing file /opt/airflow/dags/task2_file_stg.py for tasks to queue
[2024-07-09 22:44:30,366] {logging_mixin.py:109} INFO - [2024-07-09 22:44:30,366] {dagbag.py:500} INFO - Filling up the DagBag from /opt/airflow/dags/task2_file_stg.py
[2024-07-09 22:44:30,445] {processor.py:654} INFO - DAG(s) dict_keys(['task2_file_stg']) retrieved from /opt/airflow/dags/task2_file_stg.py
[2024-07-09 22:44:30,646] {logging_mixin.py:109} INFO - [2024-07-09 22:44:30,646] {dag.py:2396} INFO - Sync 1 DAGs
[2024-07-09 22:44:30,663] {logging_mixin.py:109} INFO - [2024-07-09 22:44:30,663] {dag.py:2935} INFO - Setting next_dagrun for task2_file_stg to None
[2024-07-09 22:44:30,678] {processor.py:171} INFO - Processing /opt/airflow/dags/task2_file_stg.py took 0.319 seconds
[2024-07-09 22:45:00,789] {processor.py:163} INFO - Started process (PID=277) to work on /opt/airflow/dags/task2_file_stg.py
[2024-07-09 22:45:00,791] {processor.py:642} INFO - Processing file /opt/airflow/dags/task2_file_stg.py for tasks to queue
[2024-07-09 22:45:00,792] {logging_mixin.py:109} INFO - [2024-07-09 22:45:00,792] {dagbag.py:500} INFO - Filling up the DagBag from /opt/airflow/dags/task2_file_stg.py
[2024-07-09 22:45:00,886] {processor.py:654} INFO - DAG(s) dict_keys(['task2_file_stg']) retrieved from /opt/airflow/dags/task2_file_stg.py
[2024-07-09 22:45:01,224] {logging_mixin.py:109} INFO - [2024-07-09 22:45:01,224] {dag.py:2396} INFO - Sync 1 DAGs
[2024-07-09 22:45:01,241] {logging_mixin.py:109} INFO - [2024-07-09 22:45:01,241] {dag.py:2935} INFO - Setting next_dagrun for task2_file_stg to None
[2024-07-09 22:45:01,254] {processor.py:171} INFO - Processing /opt/airflow/dags/task2_file_stg.py took 0.469 seconds
[2024-07-09 22:45:31,370] {processor.py:163} INFO - Started process (PID=282) to work on /opt/airflow/dags/task2_file_stg.py
[2024-07-09 22:45:31,372] {processor.py:642} INFO - Processing file /opt/airflow/dags/task2_file_stg.py for tasks to queue
[2024-07-09 22:45:31,374] {logging_mixin.py:109} INFO - [2024-07-09 22:45:31,374] {dagbag.py:500} INFO - Filling up the DagBag from /opt/airflow/dags/task2_file_stg.py
[2024-07-09 22:45:31,449] {processor.py:654} INFO - DAG(s) dict_keys(['task2_file_stg']) retrieved from /opt/airflow/dags/task2_file_stg.py
[2024-07-09 22:45:31,658] {logging_mixin.py:109} INFO - [2024-07-09 22:45:31,658] {dag.py:2396} INFO - Sync 1 DAGs
[2024-07-09 22:45:31,681] {logging_mixin.py:109} INFO - [2024-07-09 22:45:31,681] {dag.py:2935} INFO - Setting next_dagrun for task2_file_stg to None
[2024-07-09 22:45:31,707] {processor.py:171} INFO - Processing /opt/airflow/dags/task2_file_stg.py took 0.341 seconds
[2024-07-09 22:45:47,788] {processor.py:163} INFO - Started process (PID=287) to work on /opt/airflow/dags/task2_file_stg.py
[2024-07-09 22:45:47,791] {processor.py:642} INFO - Processing file /opt/airflow/dags/task2_file_stg.py for tasks to queue
[2024-07-09 22:45:47,792] {logging_mixin.py:109} INFO - [2024-07-09 22:45:47,792] {dagbag.py:500} INFO - Filling up the DagBag from /opt/airflow/dags/task2_file_stg.py
[2024-07-09 22:45:47,876] {processor.py:654} INFO - DAG(s) dict_keys(['task2_file_stg']) retrieved from /opt/airflow/dags/task2_file_stg.py
[2024-07-09 22:45:47,881] {logging_mixin.py:109} INFO - [2024-07-09 22:45:47,881] {dag.py:2396} INFO - Sync 1 DAGs
[2024-07-09 22:45:47,903] {logging_mixin.py:109} INFO - [2024-07-09 22:45:47,903] {dag.py:2935} INFO - Setting next_dagrun for task2_file_stg to None
[2024-07-09 22:45:47,919] {processor.py:171} INFO - Processing /opt/airflow/dags/task2_file_stg.py took 0.135 seconds
[2024-07-09 22:46:18,026] {processor.py:163} INFO - Started process (PID=292) to work on /opt/airflow/dags/task2_file_stg.py
[2024-07-09 22:46:18,030] {processor.py:642} INFO - Processing file /opt/airflow/dags/task2_file_stg.py for tasks to queue
[2024-07-09 22:46:18,031] {logging_mixin.py:109} INFO - [2024-07-09 22:46:18,031] {dagbag.py:500} INFO - Filling up the DagBag from /opt/airflow/dags/task2_file_stg.py
[2024-07-09 22:46:18,110] {processor.py:654} INFO - DAG(s) dict_keys(['task2_file_stg']) retrieved from /opt/airflow/dags/task2_file_stg.py
[2024-07-09 22:46:18,347] {logging_mixin.py:109} INFO - [2024-07-09 22:46:18,347] {dag.py:2396} INFO - Sync 1 DAGs
[2024-07-09 22:46:18,367] {logging_mixin.py:109} INFO - [2024-07-09 22:46:18,366] {dag.py:2935} INFO - Setting next_dagrun for task2_file_stg to None
[2024-07-09 22:46:18,379] {processor.py:171} INFO - Processing /opt/airflow/dags/task2_file_stg.py took 0.358 seconds
[2024-07-09 22:46:42,471] {processor.py:163} INFO - Started process (PID=297) to work on /opt/airflow/dags/task2_file_stg.py
[2024-07-09 22:46:42,473] {processor.py:642} INFO - Processing file /opt/airflow/dags/task2_file_stg.py for tasks to queue
[2024-07-09 22:46:42,475] {logging_mixin.py:109} INFO - [2024-07-09 22:46:42,475] {dagbag.py:500} INFO - Filling up the DagBag from /opt/airflow/dags/task2_file_stg.py
[2024-07-09 22:46:42,558] {processor.py:654} INFO - DAG(s) dict_keys(['task2_file_stg']) retrieved from /opt/airflow/dags/task2_file_stg.py
[2024-07-09 22:46:42,563] {logging_mixin.py:109} INFO - [2024-07-09 22:46:42,563] {dag.py:2396} INFO - Sync 1 DAGs
[2024-07-09 22:46:42,583] {logging_mixin.py:109} INFO - [2024-07-09 22:46:42,583] {dag.py:2935} INFO - Setting next_dagrun for task2_file_stg to None
[2024-07-09 22:46:42,599] {processor.py:171} INFO - Processing /opt/airflow/dags/task2_file_stg.py took 0.131 seconds
[2024-07-09 22:47:12,701] {processor.py:163} INFO - Started process (PID=302) to work on /opt/airflow/dags/task2_file_stg.py
[2024-07-09 22:47:12,705] {processor.py:642} INFO - Processing file /opt/airflow/dags/task2_file_stg.py for tasks to queue
[2024-07-09 22:47:12,706] {logging_mixin.py:109} INFO - [2024-07-09 22:47:12,706] {dagbag.py:500} INFO - Filling up the DagBag from /opt/airflow/dags/task2_file_stg.py
[2024-07-09 22:47:12,776] {processor.py:654} INFO - DAG(s) dict_keys(['task2_file_stg']) retrieved from /opt/airflow/dags/task2_file_stg.py
[2024-07-09 22:47:12,967] {logging_mixin.py:109} INFO - [2024-07-09 22:47:12,967] {dag.py:2396} INFO - Sync 1 DAGs
[2024-07-09 22:47:12,984] {logging_mixin.py:109} INFO - [2024-07-09 22:47:12,984] {dag.py:2935} INFO - Setting next_dagrun for task2_file_stg to None
[2024-07-09 22:47:12,997] {processor.py:171} INFO - Processing /opt/airflow/dags/task2_file_stg.py took 0.300 seconds
[2024-07-09 22:47:31,068] {processor.py:163} INFO - Started process (PID=307) to work on /opt/airflow/dags/task2_file_stg.py
[2024-07-09 22:47:31,070] {processor.py:642} INFO - Processing file /opt/airflow/dags/task2_file_stg.py for tasks to queue
[2024-07-09 22:47:31,072] {logging_mixin.py:109} INFO - [2024-07-09 22:47:31,071] {dagbag.py:500} INFO - Filling up the DagBag from /opt/airflow/dags/task2_file_stg.py
[2024-07-09 22:47:31,155] {processor.py:654} INFO - DAG(s) dict_keys(['task2_file_stg']) retrieved from /opt/airflow/dags/task2_file_stg.py
[2024-07-09 22:47:31,160] {logging_mixin.py:109} INFO - [2024-07-09 22:47:31,160] {dag.py:2396} INFO - Sync 1 DAGs
[2024-07-09 22:47:31,179] {logging_mixin.py:109} INFO - [2024-07-09 22:47:31,179] {dag.py:2935} INFO - Setting next_dagrun for task2_file_stg to None
[2024-07-09 22:47:31,199] {processor.py:171} INFO - Processing /opt/airflow/dags/task2_file_stg.py took 0.135 seconds
[2024-07-09 22:47:45,146] {processor.py:163} INFO - Started process (PID=312) to work on /opt/airflow/dags/task2_file_stg.py
[2024-07-09 22:47:45,148] {processor.py:642} INFO - Processing file /opt/airflow/dags/task2_file_stg.py for tasks to queue
[2024-07-09 22:47:45,149] {logging_mixin.py:109} INFO - [2024-07-09 22:47:45,149] {dagbag.py:500} INFO - Filling up the DagBag from /opt/airflow/dags/task2_file_stg.py
[2024-07-09 22:47:45,317] {processor.py:654} INFO - DAG(s) dict_keys(['task2_file_stg']) retrieved from /opt/airflow/dags/task2_file_stg.py
[2024-07-09 22:47:45,542] {logging_mixin.py:109} INFO - [2024-07-09 22:47:45,542] {dag.py:2396} INFO - Sync 1 DAGs
[2024-07-09 22:47:45,559] {logging_mixin.py:109} INFO - [2024-07-09 22:47:45,559] {dag.py:2935} INFO - Setting next_dagrun for task2_file_stg to None
[2024-07-09 22:47:45,576] {processor.py:171} INFO - Processing /opt/airflow/dags/task2_file_stg.py took 0.434 seconds
[2024-07-09 22:48:15,684] {processor.py:163} INFO - Started process (PID=317) to work on /opt/airflow/dags/task2_file_stg.py
[2024-07-09 22:48:15,686] {processor.py:642} INFO - Processing file /opt/airflow/dags/task2_file_stg.py for tasks to queue
[2024-07-09 22:48:15,687] {logging_mixin.py:109} INFO - [2024-07-09 22:48:15,687] {dagbag.py:500} INFO - Filling up the DagBag from /opt/airflow/dags/task2_file_stg.py
[2024-07-09 22:48:15,762] {processor.py:654} INFO - DAG(s) dict_keys(['task2_file_stg']) retrieved from /opt/airflow/dags/task2_file_stg.py
[2024-07-09 22:48:15,959] {logging_mixin.py:109} INFO - [2024-07-09 22:48:15,959] {dag.py:2396} INFO - Sync 1 DAGs
[2024-07-09 22:48:15,977] {logging_mixin.py:109} INFO - [2024-07-09 22:48:15,977] {dag.py:2935} INFO - Setting next_dagrun for task2_file_stg to None
[2024-07-09 22:48:15,991] {processor.py:171} INFO - Processing /opt/airflow/dags/task2_file_stg.py took 0.310 seconds
[2024-07-09 22:48:38,082] {processor.py:163} INFO - Started process (PID=322) to work on /opt/airflow/dags/task2_file_stg.py
[2024-07-09 22:48:38,084] {processor.py:642} INFO - Processing file /opt/airflow/dags/task2_file_stg.py for tasks to queue
[2024-07-09 22:48:38,085] {logging_mixin.py:109} INFO - [2024-07-09 22:48:38,085] {dagbag.py:500} INFO - Filling up the DagBag from /opt/airflow/dags/task2_file_stg.py
[2024-07-09 22:48:38,167] {processor.py:654} INFO - DAG(s) dict_keys(['task2_file_stg']) retrieved from /opt/airflow/dags/task2_file_stg.py
[2024-07-09 22:48:38,172] {logging_mixin.py:109} INFO - [2024-07-09 22:48:38,172] {dag.py:2396} INFO - Sync 1 DAGs
[2024-07-09 22:48:38,192] {logging_mixin.py:109} INFO - [2024-07-09 22:48:38,192] {dag.py:2935} INFO - Setting next_dagrun for task2_file_stg to None
[2024-07-09 22:48:38,207] {processor.py:171} INFO - Processing /opt/airflow/dags/task2_file_stg.py took 0.130 seconds
[2024-07-09 22:48:40,089] {processor.py:163} INFO - Started process (PID=327) to work on /opt/airflow/dags/task2_file_stg.py
[2024-07-09 22:48:40,092] {processor.py:642} INFO - Processing file /opt/airflow/dags/task2_file_stg.py for tasks to queue
[2024-07-09 22:48:40,093] {logging_mixin.py:109} INFO - [2024-07-09 22:48:40,093] {dagbag.py:500} INFO - Filling up the DagBag from /opt/airflow/dags/task2_file_stg.py
[2024-07-09 22:48:40,171] {processor.py:654} INFO - DAG(s) dict_keys(['task2_file_stg']) retrieved from /opt/airflow/dags/task2_file_stg.py
[2024-07-09 22:48:40,176] {logging_mixin.py:109} INFO - [2024-07-09 22:48:40,176] {dag.py:2396} INFO - Sync 1 DAGs
[2024-07-09 22:48:40,198] {logging_mixin.py:109} INFO - [2024-07-09 22:48:40,198] {dag.py:2935} INFO - Setting next_dagrun for task2_file_stg to None
[2024-07-09 22:48:40,213] {processor.py:171} INFO - Processing /opt/airflow/dags/task2_file_stg.py took 0.127 seconds
[2024-07-09 22:48:54,086] {processor.py:163} INFO - Started process (PID=332) to work on /opt/airflow/dags/task2_file_stg.py
[2024-07-09 22:48:54,088] {processor.py:642} INFO - Processing file /opt/airflow/dags/task2_file_stg.py for tasks to queue
[2024-07-09 22:48:54,089] {logging_mixin.py:109} INFO - [2024-07-09 22:48:54,089] {dagbag.py:500} INFO - Filling up the DagBag from /opt/airflow/dags/task2_file_stg.py
[2024-07-09 22:48:54,177] {processor.py:654} INFO - DAG(s) dict_keys(['task2_file_stg']) retrieved from /opt/airflow/dags/task2_file_stg.py
[2024-07-09 22:48:54,374] {logging_mixin.py:109} INFO - [2024-07-09 22:48:54,374] {dag.py:2396} INFO - Sync 1 DAGs
[2024-07-09 22:48:54,391] {logging_mixin.py:109} INFO - [2024-07-09 22:48:54,390] {dag.py:2935} INFO - Setting next_dagrun for task2_file_stg to None
[2024-07-09 22:48:54,406] {processor.py:171} INFO - Processing /opt/airflow/dags/task2_file_stg.py took 0.326 seconds
[2024-07-09 22:49:02,453] {processor.py:163} INFO - Started process (PID=337) to work on /opt/airflow/dags/task2_file_stg.py
[2024-07-09 22:49:02,456] {processor.py:642} INFO - Processing file /opt/airflow/dags/task2_file_stg.py for tasks to queue
[2024-07-09 22:49:02,457] {logging_mixin.py:109} INFO - [2024-07-09 22:49:02,457] {dagbag.py:500} INFO - Filling up the DagBag from /opt/airflow/dags/task2_file_stg.py
[2024-07-09 22:49:02,555] {processor.py:654} INFO - DAG(s) dict_keys(['task2_file_stg']) retrieved from /opt/airflow/dags/task2_file_stg.py
[2024-07-09 22:49:02,562] {logging_mixin.py:109} INFO - [2024-07-09 22:49:02,562] {dag.py:2396} INFO - Sync 1 DAGs
[2024-07-09 22:49:02,585] {logging_mixin.py:109} INFO - [2024-07-09 22:49:02,585] {dag.py:2935} INFO - Setting next_dagrun for task2_file_stg to None
[2024-07-09 22:49:02,602] {processor.py:171} INFO - Processing /opt/airflow/dags/task2_file_stg.py took 0.153 seconds
[2024-07-09 22:49:32,713] {processor.py:163} INFO - Started process (PID=342) to work on /opt/airflow/dags/task2_file_stg.py
[2024-07-09 22:49:32,715] {processor.py:642} INFO - Processing file /opt/airflow/dags/task2_file_stg.py for tasks to queue
[2024-07-09 22:49:32,716] {logging_mixin.py:109} INFO - [2024-07-09 22:49:32,716] {dagbag.py:500} INFO - Filling up the DagBag from /opt/airflow/dags/task2_file_stg.py
[2024-07-09 22:49:32,786] {processor.py:654} INFO - DAG(s) dict_keys(['task2_file_stg']) retrieved from /opt/airflow/dags/task2_file_stg.py
[2024-07-09 22:49:32,962] {logging_mixin.py:109} INFO - [2024-07-09 22:49:32,961] {dag.py:2396} INFO - Sync 1 DAGs
[2024-07-09 22:49:32,977] {logging_mixin.py:109} INFO - [2024-07-09 22:49:32,977] {dag.py:2935} INFO - Setting next_dagrun for task2_file_stg to None
[2024-07-09 22:49:32,990] {processor.py:171} INFO - Processing /opt/airflow/dags/task2_file_stg.py took 0.280 seconds
[2024-07-09 22:49:37,024] {processor.py:163} INFO - Started process (PID=347) to work on /opt/airflow/dags/task2_file_stg.py
[2024-07-09 22:49:37,026] {processor.py:642} INFO - Processing file /opt/airflow/dags/task2_file_stg.py for tasks to queue
[2024-07-09 22:49:37,027] {logging_mixin.py:109} INFO - [2024-07-09 22:49:37,027] {dagbag.py:500} INFO - Filling up the DagBag from /opt/airflow/dags/task2_file_stg.py
[2024-07-09 22:49:37,100] {processor.py:654} INFO - DAG(s) dict_keys(['task2_file_stg']) retrieved from /opt/airflow/dags/task2_file_stg.py
[2024-07-09 22:49:37,106] {logging_mixin.py:109} INFO - [2024-07-09 22:49:37,105] {dag.py:2396} INFO - Sync 1 DAGs
[2024-07-09 22:49:37,127] {logging_mixin.py:109} INFO - [2024-07-09 22:49:37,127] {dag.py:2935} INFO - Setting next_dagrun for task2_file_stg to None
[2024-07-09 22:49:37,143] {processor.py:171} INFO - Processing /opt/airflow/dags/task2_file_stg.py took 0.122 seconds
[2024-07-09 22:50:07,208] {processor.py:163} INFO - Started process (PID=352) to work on /opt/airflow/dags/task2_file_stg.py
[2024-07-09 22:50:07,209] {processor.py:642} INFO - Processing file /opt/airflow/dags/task2_file_stg.py for tasks to queue
[2024-07-09 22:50:07,210] {logging_mixin.py:109} INFO - [2024-07-09 22:50:07,210] {dagbag.py:500} INFO - Filling up the DagBag from /opt/airflow/dags/task2_file_stg.py
[2024-07-09 22:50:07,279] {processor.py:654} INFO - DAG(s) dict_keys(['task2_file_stg']) retrieved from /opt/airflow/dags/task2_file_stg.py
[2024-07-09 22:50:07,479] {logging_mixin.py:109} INFO - [2024-07-09 22:50:07,479] {dag.py:2396} INFO - Sync 1 DAGs
[2024-07-09 22:50:07,497] {logging_mixin.py:109} INFO - [2024-07-09 22:50:07,497] {dag.py:2935} INFO - Setting next_dagrun for task2_file_stg to None
[2024-07-09 22:50:07,510] {processor.py:171} INFO - Processing /opt/airflow/dags/task2_file_stg.py took 0.306 seconds
[2024-07-09 22:50:37,620] {processor.py:163} INFO - Started process (PID=357) to work on /opt/airflow/dags/task2_file_stg.py
[2024-07-09 22:50:37,622] {processor.py:642} INFO - Processing file /opt/airflow/dags/task2_file_stg.py for tasks to queue
[2024-07-09 22:50:37,623] {logging_mixin.py:109} INFO - [2024-07-09 22:50:37,623] {dagbag.py:500} INFO - Filling up the DagBag from /opt/airflow/dags/task2_file_stg.py
[2024-07-09 22:50:37,690] {processor.py:654} INFO - DAG(s) dict_keys(['task2_file_stg']) retrieved from /opt/airflow/dags/task2_file_stg.py
[2024-07-09 22:50:37,869] {logging_mixin.py:109} INFO - [2024-07-09 22:50:37,869] {dag.py:2396} INFO - Sync 1 DAGs
[2024-07-09 22:50:37,886] {logging_mixin.py:109} INFO - [2024-07-09 22:50:37,886] {dag.py:2935} INFO - Setting next_dagrun for task2_file_stg to None
[2024-07-09 22:50:37,899] {processor.py:171} INFO - Processing /opt/airflow/dags/task2_file_stg.py took 0.284 seconds
[2024-07-09 22:51:01,996] {processor.py:163} INFO - Started process (PID=362) to work on /opt/airflow/dags/task2_file_stg.py
[2024-07-09 22:51:01,999] {processor.py:642} INFO - Processing file /opt/airflow/dags/task2_file_stg.py for tasks to queue
[2024-07-09 22:51:02,000] {logging_mixin.py:109} INFO - [2024-07-09 22:51:02,000] {dagbag.py:500} INFO - Filling up the DagBag from /opt/airflow/dags/task2_file_stg.py
[2024-07-09 22:51:02,092] {processor.py:654} INFO - DAG(s) dict_keys(['task2_file_stg']) retrieved from /opt/airflow/dags/task2_file_stg.py
[2024-07-09 22:51:02,098] {logging_mixin.py:109} INFO - [2024-07-09 22:51:02,098] {dag.py:2396} INFO - Sync 1 DAGs
[2024-07-09 22:51:02,118] {logging_mixin.py:109} INFO - [2024-07-09 22:51:02,118] {dag.py:2935} INFO - Setting next_dagrun for task2_file_stg to None
[2024-07-09 22:51:02,135] {processor.py:171} INFO - Processing /opt/airflow/dags/task2_file_stg.py took 0.142 seconds
[2024-07-09 22:51:32,236] {processor.py:163} INFO - Started process (PID=369) to work on /opt/airflow/dags/task2_file_stg.py
[2024-07-09 22:51:32,238] {processor.py:642} INFO - Processing file /opt/airflow/dags/task2_file_stg.py for tasks to queue
[2024-07-09 22:51:32,240] {logging_mixin.py:109} INFO - [2024-07-09 22:51:32,240] {dagbag.py:500} INFO - Filling up the DagBag from /opt/airflow/dags/task2_file_stg.py
[2024-07-09 22:51:32,306] {processor.py:654} INFO - DAG(s) dict_keys(['task2_file_stg']) retrieved from /opt/airflow/dags/task2_file_stg.py
[2024-07-09 22:51:32,488] {logging_mixin.py:109} INFO - [2024-07-09 22:51:32,487] {dag.py:2396} INFO - Sync 1 DAGs
[2024-07-09 22:51:32,503] {logging_mixin.py:109} INFO - [2024-07-09 22:51:32,503] {dag.py:2935} INFO - Setting next_dagrun for task2_file_stg to None
[2024-07-09 22:51:32,517] {processor.py:171} INFO - Processing /opt/airflow/dags/task2_file_stg.py took 0.285 seconds
[2024-07-09 22:51:58,616] {processor.py:163} INFO - Started process (PID=374) to work on /opt/airflow/dags/task2_file_stg.py
[2024-07-09 22:51:58,619] {processor.py:642} INFO - Processing file /opt/airflow/dags/task2_file_stg.py for tasks to queue
[2024-07-09 22:51:58,620] {logging_mixin.py:109} INFO - [2024-07-09 22:51:58,620] {dagbag.py:500} INFO - Filling up the DagBag from /opt/airflow/dags/task2_file_stg.py
[2024-07-09 22:51:58,698] {processor.py:654} INFO - DAG(s) dict_keys(['task2_file_stg']) retrieved from /opt/airflow/dags/task2_file_stg.py
[2024-07-09 22:51:58,703] {logging_mixin.py:109} INFO - [2024-07-09 22:51:58,703] {dag.py:2396} INFO - Sync 1 DAGs
[2024-07-09 22:51:58,721] {logging_mixin.py:109} INFO - [2024-07-09 22:51:58,721] {dag.py:2935} INFO - Setting next_dagrun for task2_file_stg to None
[2024-07-09 22:51:58,736] {processor.py:171} INFO - Processing /opt/airflow/dags/task2_file_stg.py took 0.123 seconds
[2024-07-09 22:52:28,788] {processor.py:163} INFO - Started process (PID=381) to work on /opt/airflow/dags/task2_file_stg.py
[2024-07-09 22:52:28,790] {processor.py:642} INFO - Processing file /opt/airflow/dags/task2_file_stg.py for tasks to queue
[2024-07-09 22:52:28,791] {logging_mixin.py:109} INFO - [2024-07-09 22:52:28,791] {dagbag.py:500} INFO - Filling up the DagBag from /opt/airflow/dags/task2_file_stg.py
[2024-07-09 22:52:28,867] {processor.py:654} INFO - DAG(s) dict_keys(['task2_file_stg']) retrieved from /opt/airflow/dags/task2_file_stg.py
[2024-07-09 22:52:29,075] {logging_mixin.py:109} INFO - [2024-07-09 22:52:29,075] {dag.py:2396} INFO - Sync 1 DAGs
[2024-07-09 22:52:29,093] {logging_mixin.py:109} INFO - [2024-07-09 22:52:29,093] {dag.py:2935} INFO - Setting next_dagrun for task2_file_stg to None
[2024-07-09 22:52:29,108] {processor.py:171} INFO - Processing /opt/airflow/dags/task2_file_stg.py took 0.324 seconds
[2024-07-09 22:52:59,239] {processor.py:163} INFO - Started process (PID=386) to work on /opt/airflow/dags/task2_file_stg.py
[2024-07-09 22:52:59,242] {processor.py:642} INFO - Processing file /opt/airflow/dags/task2_file_stg.py for tasks to queue
[2024-07-09 22:52:59,244] {logging_mixin.py:109} INFO - [2024-07-09 22:52:59,244] {dagbag.py:500} INFO - Filling up the DagBag from /opt/airflow/dags/task2_file_stg.py
[2024-07-09 22:52:59,320] {processor.py:654} INFO - DAG(s) dict_keys(['task2_file_stg']) retrieved from /opt/airflow/dags/task2_file_stg.py
[2024-07-09 22:52:59,539] {logging_mixin.py:109} INFO - [2024-07-09 22:52:59,538] {dag.py:2396} INFO - Sync 1 DAGs
[2024-07-09 22:52:59,559] {logging_mixin.py:109} INFO - [2024-07-09 22:52:59,558] {dag.py:2935} INFO - Setting next_dagrun for task2_file_stg to None
[2024-07-09 22:52:59,575] {processor.py:171} INFO - Processing /opt/airflow/dags/task2_file_stg.py took 0.340 seconds
[2024-07-09 22:53:29,696] {processor.py:163} INFO - Started process (PID=391) to work on /opt/airflow/dags/task2_file_stg.py
[2024-07-09 22:53:29,699] {processor.py:642} INFO - Processing file /opt/airflow/dags/task2_file_stg.py for tasks to queue
[2024-07-09 22:53:29,700] {logging_mixin.py:109} INFO - [2024-07-09 22:53:29,700] {dagbag.py:500} INFO - Filling up the DagBag from /opt/airflow/dags/task2_file_stg.py
[2024-07-09 22:53:29,775] {processor.py:654} INFO - DAG(s) dict_keys(['task2_file_stg']) retrieved from /opt/airflow/dags/task2_file_stg.py
[2024-07-09 22:53:29,984] {logging_mixin.py:109} INFO - [2024-07-09 22:53:29,984] {dag.py:2396} INFO - Sync 1 DAGs
[2024-07-09 22:53:30,006] {logging_mixin.py:109} INFO - [2024-07-09 22:53:30,006] {dag.py:2935} INFO - Setting next_dagrun for task2_file_stg to None
[2024-07-09 22:53:30,036] {processor.py:171} INFO - Processing /opt/airflow/dags/task2_file_stg.py took 0.343 seconds
[2024-07-09 22:54:00,142] {processor.py:163} INFO - Started process (PID=398) to work on /opt/airflow/dags/task2_file_stg.py
[2024-07-09 22:54:00,145] {processor.py:642} INFO - Processing file /opt/airflow/dags/task2_file_stg.py for tasks to queue
[2024-07-09 22:54:00,146] {logging_mixin.py:109} INFO - [2024-07-09 22:54:00,146] {dagbag.py:500} INFO - Filling up the DagBag from /opt/airflow/dags/task2_file_stg.py
[2024-07-09 22:54:00,232] {processor.py:654} INFO - DAG(s) dict_keys(['task2_file_stg']) retrieved from /opt/airflow/dags/task2_file_stg.py
[2024-07-09 22:54:00,443] {logging_mixin.py:109} INFO - [2024-07-09 22:54:00,443] {dag.py:2396} INFO - Sync 1 DAGs
[2024-07-09 22:54:00,464] {logging_mixin.py:109} INFO - [2024-07-09 22:54:00,464] {dag.py:2935} INFO - Setting next_dagrun for task2_file_stg to None
[2024-07-09 22:54:00,479] {processor.py:171} INFO - Processing /opt/airflow/dags/task2_file_stg.py took 0.341 seconds
[2024-07-09 22:54:30,604] {processor.py:163} INFO - Started process (PID=405) to work on /opt/airflow/dags/task2_file_stg.py
[2024-07-09 22:54:30,606] {processor.py:642} INFO - Processing file /opt/airflow/dags/task2_file_stg.py for tasks to queue
[2024-07-09 22:54:30,608] {logging_mixin.py:109} INFO - [2024-07-09 22:54:30,607] {dagbag.py:500} INFO - Filling up the DagBag from /opt/airflow/dags/task2_file_stg.py
[2024-07-09 22:54:30,673] {processor.py:654} INFO - DAG(s) dict_keys(['task2_file_stg']) retrieved from /opt/airflow/dags/task2_file_stg.py
[2024-07-09 22:54:30,850] {logging_mixin.py:109} INFO - [2024-07-09 22:54:30,849] {dag.py:2396} INFO - Sync 1 DAGs
[2024-07-09 22:54:30,868] {logging_mixin.py:109} INFO - [2024-07-09 22:54:30,868] {dag.py:2935} INFO - Setting next_dagrun for task2_file_stg to None
[2024-07-09 22:54:30,881] {processor.py:171} INFO - Processing /opt/airflow/dags/task2_file_stg.py took 0.281 seconds
[2024-07-09 22:54:46,955] {processor.py:163} INFO - Started process (PID=410) to work on /opt/airflow/dags/task2_file_stg.py
[2024-07-09 22:54:46,957] {processor.py:642} INFO - Processing file /opt/airflow/dags/task2_file_stg.py for tasks to queue
[2024-07-09 22:54:46,958] {logging_mixin.py:109} INFO - [2024-07-09 22:54:46,958] {dagbag.py:500} INFO - Filling up the DagBag from /opt/airflow/dags/task2_file_stg.py
[2024-07-09 22:54:47,042] {processor.py:654} INFO - DAG(s) dict_keys(['task2_file_stg']) retrieved from /opt/airflow/dags/task2_file_stg.py
[2024-07-09 22:54:47,048] {logging_mixin.py:109} INFO - [2024-07-09 22:54:47,048] {dag.py:2396} INFO - Sync 1 DAGs
[2024-07-09 22:54:47,068] {logging_mixin.py:109} INFO - [2024-07-09 22:54:47,067] {dag.py:2935} INFO - Setting next_dagrun for task2_file_stg to None
[2024-07-09 22:54:47,082] {processor.py:171} INFO - Processing /opt/airflow/dags/task2_file_stg.py took 0.131 seconds
[2024-07-09 22:55:17,310] {processor.py:163} INFO - Started process (PID=417) to work on /opt/airflow/dags/task2_file_stg.py
[2024-07-09 22:55:17,312] {processor.py:642} INFO - Processing file /opt/airflow/dags/task2_file_stg.py for tasks to queue
[2024-07-09 22:55:17,313] {logging_mixin.py:109} INFO - [2024-07-09 22:55:17,313] {dagbag.py:500} INFO - Filling up the DagBag from /opt/airflow/dags/task2_file_stg.py
[2024-07-09 22:55:17,382] {processor.py:654} INFO - DAG(s) dict_keys(['task2_file_stg']) retrieved from /opt/airflow/dags/task2_file_stg.py
[2024-07-09 22:55:17,561] {logging_mixin.py:109} INFO - [2024-07-09 22:55:17,561] {dag.py:2396} INFO - Sync 1 DAGs
[2024-07-09 22:55:17,580] {logging_mixin.py:109} INFO - [2024-07-09 22:55:17,580] {dag.py:2935} INFO - Setting next_dagrun for task2_file_stg to None
[2024-07-09 22:55:17,593] {processor.py:171} INFO - Processing /opt/airflow/dags/task2_file_stg.py took 0.288 seconds
[2024-07-09 22:55:35,677] {processor.py:163} INFO - Started process (PID=422) to work on /opt/airflow/dags/task2_file_stg.py
[2024-07-09 22:55:35,679] {processor.py:642} INFO - Processing file /opt/airflow/dags/task2_file_stg.py for tasks to queue
[2024-07-09 22:55:35,680] {logging_mixin.py:109} INFO - [2024-07-09 22:55:35,680] {dagbag.py:500} INFO - Filling up the DagBag from /opt/airflow/dags/task2_file_stg.py
[2024-07-09 22:55:35,776] {processor.py:654} INFO - DAG(s) dict_keys(['task2_file_stg']) retrieved from /opt/airflow/dags/task2_file_stg.py
[2024-07-09 22:55:35,823] {logging_mixin.py:109} INFO - [2024-07-09 22:55:35,823] {dag.py:2396} INFO - Sync 1 DAGs
[2024-07-09 22:55:35,851] {logging_mixin.py:109} INFO - [2024-07-09 22:55:35,851] {dag.py:2935} INFO - Setting next_dagrun for task2_file_stg to None
[2024-07-09 22:55:35,868] {processor.py:171} INFO - Processing /opt/airflow/dags/task2_file_stg.py took 0.195 seconds
[2024-07-09 22:55:37,688] {processor.py:163} INFO - Started process (PID=427) to work on /opt/airflow/dags/task2_file_stg.py
[2024-07-09 22:55:37,690] {processor.py:642} INFO - Processing file /opt/airflow/dags/task2_file_stg.py for tasks to queue
[2024-07-09 22:55:37,692] {logging_mixin.py:109} INFO - [2024-07-09 22:55:37,691] {dagbag.py:500} INFO - Filling up the DagBag from /opt/airflow/dags/task2_file_stg.py
[2024-07-09 22:55:37,775] {processor.py:654} INFO - DAG(s) dict_keys(['task2_file_stg']) retrieved from /opt/airflow/dags/task2_file_stg.py
[2024-07-09 22:55:37,782] {logging_mixin.py:109} INFO - [2024-07-09 22:55:37,782] {dag.py:2396} INFO - Sync 1 DAGs
[2024-07-09 22:55:37,803] {logging_mixin.py:109} INFO - [2024-07-09 22:55:37,803] {dag.py:2935} INFO - Setting next_dagrun for task2_file_stg to None
[2024-07-09 22:55:37,818] {processor.py:171} INFO - Processing /opt/airflow/dags/task2_file_stg.py took 0.134 seconds
[2024-07-09 22:56:07,918] {processor.py:163} INFO - Started process (PID=434) to work on /opt/airflow/dags/task2_file_stg.py
[2024-07-09 22:56:07,921] {processor.py:642} INFO - Processing file /opt/airflow/dags/task2_file_stg.py for tasks to queue
[2024-07-09 22:56:07,922] {logging_mixin.py:109} INFO - [2024-07-09 22:56:07,922] {dagbag.py:500} INFO - Filling up the DagBag from /opt/airflow/dags/task2_file_stg.py
[2024-07-09 22:56:08,003] {processor.py:654} INFO - DAG(s) dict_keys(['task2_file_stg']) retrieved from /opt/airflow/dags/task2_file_stg.py
[2024-07-09 22:56:08,237] {logging_mixin.py:109} INFO - [2024-07-09 22:56:08,237] {dag.py:2396} INFO - Sync 1 DAGs
[2024-07-09 22:56:08,256] {logging_mixin.py:109} INFO - [2024-07-09 22:56:08,256] {dag.py:2935} INFO - Setting next_dagrun for task2_file_stg to None
[2024-07-09 22:56:08,271] {processor.py:171} INFO - Processing /opt/airflow/dags/task2_file_stg.py took 0.357 seconds
[2024-07-09 22:56:38,395] {processor.py:163} INFO - Started process (PID=439) to work on /opt/airflow/dags/task2_file_stg.py
[2024-07-09 22:56:38,397] {processor.py:642} INFO - Processing file /opt/airflow/dags/task2_file_stg.py for tasks to queue
[2024-07-09 22:56:38,398] {logging_mixin.py:109} INFO - [2024-07-09 22:56:38,398] {dagbag.py:500} INFO - Filling up the DagBag from /opt/airflow/dags/task2_file_stg.py
[2024-07-09 22:56:38,484] {processor.py:654} INFO - DAG(s) dict_keys(['task2_file_stg']) retrieved from /opt/airflow/dags/task2_file_stg.py
[2024-07-09 22:56:38,670] {logging_mixin.py:109} INFO - [2024-07-09 22:56:38,670] {dag.py:2396} INFO - Sync 1 DAGs
[2024-07-09 22:56:38,687] {logging_mixin.py:109} INFO - [2024-07-09 22:56:38,687] {dag.py:2935} INFO - Setting next_dagrun for task2_file_stg to None
[2024-07-09 22:56:38,701] {processor.py:171} INFO - Processing /opt/airflow/dags/task2_file_stg.py took 0.311 seconds
[2024-07-09 22:57:08,813] {processor.py:163} INFO - Started process (PID=444) to work on /opt/airflow/dags/task2_file_stg.py
[2024-07-09 22:57:08,815] {processor.py:642} INFO - Processing file /opt/airflow/dags/task2_file_stg.py for tasks to queue
[2024-07-09 22:57:08,816] {logging_mixin.py:109} INFO - [2024-07-09 22:57:08,816] {dagbag.py:500} INFO - Filling up the DagBag from /opt/airflow/dags/task2_file_stg.py
[2024-07-09 22:57:08,884] {processor.py:654} INFO - DAG(s) dict_keys(['task2_file_stg']) retrieved from /opt/airflow/dags/task2_file_stg.py
[2024-07-09 22:57:09,072] {logging_mixin.py:109} INFO - [2024-07-09 22:57:09,072] {dag.py:2396} INFO - Sync 1 DAGs
[2024-07-09 22:57:09,093] {logging_mixin.py:109} INFO - [2024-07-09 22:57:09,093] {dag.py:2935} INFO - Setting next_dagrun for task2_file_stg to None
[2024-07-09 22:57:09,110] {processor.py:171} INFO - Processing /opt/airflow/dags/task2_file_stg.py took 0.300 seconds
[2024-07-09 22:57:39,235] {processor.py:163} INFO - Started process (PID=449) to work on /opt/airflow/dags/task2_file_stg.py
[2024-07-09 22:57:39,237] {processor.py:642} INFO - Processing file /opt/airflow/dags/task2_file_stg.py for tasks to queue
[2024-07-09 22:57:39,238] {logging_mixin.py:109} INFO - [2024-07-09 22:57:39,238] {dagbag.py:500} INFO - Filling up the DagBag from /opt/airflow/dags/task2_file_stg.py
[2024-07-09 22:57:39,307] {processor.py:654} INFO - DAG(s) dict_keys(['task2_file_stg']) retrieved from /opt/airflow/dags/task2_file_stg.py
[2024-07-09 22:57:39,507] {logging_mixin.py:109} INFO - [2024-07-09 22:57:39,507] {dag.py:2396} INFO - Sync 1 DAGs
[2024-07-09 22:57:39,523] {logging_mixin.py:109} INFO - [2024-07-09 22:57:39,523] {dag.py:2935} INFO - Setting next_dagrun for task2_file_stg to None
[2024-07-09 22:57:39,537] {processor.py:171} INFO - Processing /opt/airflow/dags/task2_file_stg.py took 0.306 seconds
[2024-07-09 22:58:09,655] {processor.py:163} INFO - Started process (PID=454) to work on /opt/airflow/dags/task2_file_stg.py
[2024-07-09 22:58:09,670] {processor.py:642} INFO - Processing file /opt/airflow/dags/task2_file_stg.py for tasks to queue
[2024-07-09 22:58:09,671] {logging_mixin.py:109} INFO - [2024-07-09 22:58:09,671] {dagbag.py:500} INFO - Filling up the DagBag from /opt/airflow/dags/task2_file_stg.py
[2024-07-09 22:58:09,734] {processor.py:654} INFO - DAG(s) dict_keys(['task2_file_stg']) retrieved from /opt/airflow/dags/task2_file_stg.py
[2024-07-09 22:58:09,956] {logging_mixin.py:109} INFO - [2024-07-09 22:58:09,956] {dag.py:2396} INFO - Sync 1 DAGs
[2024-07-09 22:58:09,973] {logging_mixin.py:109} INFO - [2024-07-09 22:58:09,973] {dag.py:2935} INFO - Setting next_dagrun for task2_file_stg to None
[2024-07-09 22:58:09,986] {processor.py:171} INFO - Processing /opt/airflow/dags/task2_file_stg.py took 0.336 seconds
[2024-07-09 22:58:16,030] {processor.py:163} INFO - Started process (PID=459) to work on /opt/airflow/dags/task2_file_stg.py
[2024-07-09 22:58:16,032] {processor.py:642} INFO - Processing file /opt/airflow/dags/task2_file_stg.py for tasks to queue
[2024-07-09 22:58:16,033] {logging_mixin.py:109} INFO - [2024-07-09 22:58:16,033] {dagbag.py:500} INFO - Filling up the DagBag from /opt/airflow/dags/task2_file_stg.py
[2024-07-09 22:58:16,130] {processor.py:654} INFO - DAG(s) dict_keys(['task2_file_stg']) retrieved from /opt/airflow/dags/task2_file_stg.py
[2024-07-09 22:58:16,137] {logging_mixin.py:109} INFO - [2024-07-09 22:58:16,137] {dag.py:2396} INFO - Sync 1 DAGs
[2024-07-09 22:58:16,223] {logging_mixin.py:109} INFO - [2024-07-09 22:58:16,222] {dag.py:2935} INFO - Setting next_dagrun for task2_file_stg to None
[2024-07-09 22:58:16,254] {processor.py:171} INFO - Processing /opt/airflow/dags/task2_file_stg.py took 0.227 seconds
[2024-07-09 22:58:42,150] {processor.py:163} INFO - Started process (PID=466) to work on /opt/airflow/dags/task2_file_stg.py
[2024-07-09 22:58:42,153] {processor.py:642} INFO - Processing file /opt/airflow/dags/task2_file_stg.py for tasks to queue
[2024-07-09 22:58:42,155] {logging_mixin.py:109} INFO - [2024-07-09 22:58:42,154] {dagbag.py:500} INFO - Filling up the DagBag from /opt/airflow/dags/task2_file_stg.py
[2024-07-09 22:58:42,242] {processor.py:654} INFO - DAG(s) dict_keys(['task2_file_stg']) retrieved from /opt/airflow/dags/task2_file_stg.py
[2024-07-09 22:58:42,606] {logging_mixin.py:109} INFO - [2024-07-09 22:58:42,606] {dag.py:2396} INFO - Sync 1 DAGs
[2024-07-09 22:58:42,629] {logging_mixin.py:109} INFO - [2024-07-09 22:58:42,628] {dag.py:2935} INFO - Setting next_dagrun for task2_file_stg to None
[2024-07-09 22:58:42,648] {processor.py:171} INFO - Processing /opt/airflow/dags/task2_file_stg.py took 0.504 seconds
[2024-07-09 22:59:12,760] {processor.py:163} INFO - Started process (PID=473) to work on /opt/airflow/dags/task2_file_stg.py
[2024-07-09 22:59:12,762] {processor.py:642} INFO - Processing file /opt/airflow/dags/task2_file_stg.py for tasks to queue
[2024-07-09 22:59:12,763] {logging_mixin.py:109} INFO - [2024-07-09 22:59:12,763] {dagbag.py:500} INFO - Filling up the DagBag from /opt/airflow/dags/task2_file_stg.py
[2024-07-09 22:59:12,831] {processor.py:654} INFO - DAG(s) dict_keys(['task2_file_stg']) retrieved from /opt/airflow/dags/task2_file_stg.py
[2024-07-09 22:59:13,025] {logging_mixin.py:109} INFO - [2024-07-09 22:59:13,025] {dag.py:2396} INFO - Sync 1 DAGs
[2024-07-09 22:59:13,044] {logging_mixin.py:109} INFO - [2024-07-09 22:59:13,044] {dag.py:2935} INFO - Setting next_dagrun for task2_file_stg to None
[2024-07-09 22:59:13,058] {processor.py:171} INFO - Processing /opt/airflow/dags/task2_file_stg.py took 0.302 seconds
[2024-07-09 22:59:43,169] {processor.py:163} INFO - Started process (PID=478) to work on /opt/airflow/dags/task2_file_stg.py
[2024-07-09 22:59:43,175] {processor.py:642} INFO - Processing file /opt/airflow/dags/task2_file_stg.py for tasks to queue
[2024-07-09 22:59:43,176] {logging_mixin.py:109} INFO - [2024-07-09 22:59:43,176] {dagbag.py:500} INFO - Filling up the DagBag from /opt/airflow/dags/task2_file_stg.py
[2024-07-09 22:59:43,253] {processor.py:654} INFO - DAG(s) dict_keys(['task2_file_stg']) retrieved from /opt/airflow/dags/task2_file_stg.py
[2024-07-09 22:59:43,473] {logging_mixin.py:109} INFO - [2024-07-09 22:59:43,473] {dag.py:2396} INFO - Sync 1 DAGs
[2024-07-09 22:59:43,492] {logging_mixin.py:109} INFO - [2024-07-09 22:59:43,492] {dag.py:2935} INFO - Setting next_dagrun for task2_file_stg to None
[2024-07-09 22:59:43,506] {processor.py:171} INFO - Processing /opt/airflow/dags/task2_file_stg.py took 0.340 seconds
[2024-07-09 22:59:58,321] {processor.py:163} INFO - Started process (PID=483) to work on /opt/airflow/dags/task2_file_stg.py
[2024-07-09 22:59:58,323] {processor.py:642} INFO - Processing file /opt/airflow/dags/task2_file_stg.py for tasks to queue
[2024-07-09 22:59:58,325] {logging_mixin.py:109} INFO - [2024-07-09 22:59:58,324] {dagbag.py:500} INFO - Filling up the DagBag from /opt/airflow/dags/task2_file_stg.py
[2024-07-09 22:59:58,398] {processor.py:654} INFO - DAG(s) dict_keys(['task2_file_stg']) retrieved from /opt/airflow/dags/task2_file_stg.py
[2024-07-09 22:59:58,403] {logging_mixin.py:109} INFO - [2024-07-09 22:59:58,403] {dag.py:2396} INFO - Sync 1 DAGs
[2024-07-09 22:59:58,429] {logging_mixin.py:109} INFO - [2024-07-09 22:59:58,429] {dag.py:2935} INFO - Setting next_dagrun for task2_file_stg to None
[2024-07-09 22:59:58,449] {processor.py:171} INFO - Processing /opt/airflow/dags/task2_file_stg.py took 0.131 seconds
[2024-07-09 23:00:23,422] {processor.py:163} INFO - Started process (PID=490) to work on /opt/airflow/dags/task2_file_stg.py
[2024-07-09 23:00:23,425] {processor.py:642} INFO - Processing file /opt/airflow/dags/task2_file_stg.py for tasks to queue
[2024-07-09 23:00:23,426] {logging_mixin.py:109} INFO - [2024-07-09 23:00:23,426] {dagbag.py:500} INFO - Filling up the DagBag from /opt/airflow/dags/task2_file_stg.py
[2024-07-09 23:00:23,510] {processor.py:654} INFO - DAG(s) dict_keys(['task2_file_stg']) retrieved from /opt/airflow/dags/task2_file_stg.py
[2024-07-09 23:00:23,689] {logging_mixin.py:109} INFO - [2024-07-09 23:00:23,689] {dag.py:2396} INFO - Sync 1 DAGs
[2024-07-09 23:00:23,706] {logging_mixin.py:109} INFO - [2024-07-09 23:00:23,705] {dag.py:2935} INFO - Setting next_dagrun for task2_file_stg to None
[2024-07-09 23:00:23,722] {processor.py:171} INFO - Processing /opt/airflow/dags/task2_file_stg.py took 0.303 seconds
[2024-07-09 23:00:53,841] {processor.py:163} INFO - Started process (PID=495) to work on /opt/airflow/dags/task2_file_stg.py
[2024-07-09 23:00:53,843] {processor.py:642} INFO - Processing file /opt/airflow/dags/task2_file_stg.py for tasks to queue
[2024-07-09 23:00:53,844] {logging_mixin.py:109} INFO - [2024-07-09 23:00:53,844] {dagbag.py:500} INFO - Filling up the DagBag from /opt/airflow/dags/task2_file_stg.py
[2024-07-09 23:00:53,916] {processor.py:654} INFO - DAG(s) dict_keys(['task2_file_stg']) retrieved from /opt/airflow/dags/task2_file_stg.py
[2024-07-09 23:00:54,116] {logging_mixin.py:109} INFO - [2024-07-09 23:00:54,116] {dag.py:2396} INFO - Sync 1 DAGs
[2024-07-09 23:00:54,138] {logging_mixin.py:109} INFO - [2024-07-09 23:00:54,138] {dag.py:2935} INFO - Setting next_dagrun for task2_file_stg to None
[2024-07-09 23:00:54,154] {processor.py:171} INFO - Processing /opt/airflow/dags/task2_file_stg.py took 0.317 seconds
[2024-07-09 23:01:24,326] {processor.py:163} INFO - Started process (PID=500) to work on /opt/airflow/dags/task2_file_stg.py
[2024-07-09 23:01:24,329] {processor.py:642} INFO - Processing file /opt/airflow/dags/task2_file_stg.py for tasks to queue
[2024-07-09 23:01:24,330] {logging_mixin.py:109} INFO - [2024-07-09 23:01:24,330] {dagbag.py:500} INFO - Filling up the DagBag from /opt/airflow/dags/task2_file_stg.py
[2024-07-09 23:01:24,405] {processor.py:654} INFO - DAG(s) dict_keys(['task2_file_stg']) retrieved from /opt/airflow/dags/task2_file_stg.py
[2024-07-09 23:01:24,601] {logging_mixin.py:109} INFO - [2024-07-09 23:01:24,601] {dag.py:2396} INFO - Sync 1 DAGs
[2024-07-09 23:01:24,622] {logging_mixin.py:109} INFO - [2024-07-09 23:01:24,622] {dag.py:2935} INFO - Setting next_dagrun for task2_file_stg to None
[2024-07-09 23:01:24,636] {processor.py:171} INFO - Processing /opt/airflow/dags/task2_file_stg.py took 0.314 seconds
[2024-07-09 23:01:54,745] {processor.py:163} INFO - Started process (PID=505) to work on /opt/airflow/dags/task2_file_stg.py
[2024-07-09 23:01:54,747] {processor.py:642} INFO - Processing file /opt/airflow/dags/task2_file_stg.py for tasks to queue
[2024-07-09 23:01:54,749] {logging_mixin.py:109} INFO - [2024-07-09 23:01:54,748] {dagbag.py:500} INFO - Filling up the DagBag from /opt/airflow/dags/task2_file_stg.py
[2024-07-09 23:01:54,833] {processor.py:654} INFO - DAG(s) dict_keys(['task2_file_stg']) retrieved from /opt/airflow/dags/task2_file_stg.py
[2024-07-09 23:01:55,034] {logging_mixin.py:109} INFO - [2024-07-09 23:01:55,034] {dag.py:2396} INFO - Sync 1 DAGs
[2024-07-09 23:01:55,055] {logging_mixin.py:109} INFO - [2024-07-09 23:01:55,055] {dag.py:2935} INFO - Setting next_dagrun for task2_file_stg to None
[2024-07-09 23:01:55,069] {processor.py:171} INFO - Processing /opt/airflow/dags/task2_file_stg.py took 0.328 seconds
[2024-07-09 23:02:25,181] {processor.py:163} INFO - Started process (PID=510) to work on /opt/airflow/dags/task2_file_stg.py
[2024-07-09 23:02:25,184] {processor.py:642} INFO - Processing file /opt/airflow/dags/task2_file_stg.py for tasks to queue
[2024-07-09 23:02:25,185] {logging_mixin.py:109} INFO - [2024-07-09 23:02:25,185] {dagbag.py:500} INFO - Filling up the DagBag from /opt/airflow/dags/task2_file_stg.py
[2024-07-09 23:02:25,250] {processor.py:654} INFO - DAG(s) dict_keys(['task2_file_stg']) retrieved from /opt/airflow/dags/task2_file_stg.py
[2024-07-09 23:02:25,439] {logging_mixin.py:109} INFO - [2024-07-09 23:02:25,439] {dag.py:2396} INFO - Sync 1 DAGs
[2024-07-09 23:02:25,455] {logging_mixin.py:109} INFO - [2024-07-09 23:02:25,455] {dag.py:2935} INFO - Setting next_dagrun for task2_file_stg to None
[2024-07-09 23:02:25,470] {processor.py:171} INFO - Processing /opt/airflow/dags/task2_file_stg.py took 0.292 seconds
