[2024-07-16 21:42:43,327] {taskinstance.py:1032} INFO - Dependencies all met for <TaskInstance: load_stg_to_dds.load_data_dds manual__2024-07-16T21:42:42.087525+00:00 [queued]>
[2024-07-16 21:42:43,337] {taskinstance.py:1032} INFO - Dependencies all met for <TaskInstance: load_stg_to_dds.load_data_dds manual__2024-07-16T21:42:42.087525+00:00 [queued]>
[2024-07-16 21:42:43,337] {taskinstance.py:1238} INFO - 
--------------------------------------------------------------------------------
[2024-07-16 21:42:43,338] {taskinstance.py:1239} INFO - Starting attempt 1 of 1
[2024-07-16 21:42:43,338] {taskinstance.py:1240} INFO - 
--------------------------------------------------------------------------------
[2024-07-16 21:42:43,350] {taskinstance.py:1259} INFO - Executing <Task(_PythonDecoratedOperator): load_data_dds> on 2024-07-16 21:42:42.087525+00:00
[2024-07-16 21:42:43,353] {standard_task_runner.py:52} INFO - Started process 27902 to run task
[2024-07-16 21:42:43,357] {standard_task_runner.py:76} INFO - Running: ['airflow', 'tasks', 'run', 'load_stg_to_dds', 'load_data_dds', 'manual__2024-07-16T21:42:42.087525+00:00', '--job-id', '45', '--raw', '--subdir', 'DAGS_FOLDER/load_stg_to_dds.py', '--cfg-path', '/tmp/tmpb7l5qjys', '--error-file', '/tmp/tmptlpqisx4']
[2024-07-16 21:42:43,362] {standard_task_runner.py:77} INFO - Job 45: Subtask load_data_dds
[2024-07-16 21:42:43,446] {logging_mixin.py:109} INFO - Running <TaskInstance: load_stg_to_dds.load_data_dds manual__2024-07-16T21:42:42.087525+00:00 [running]> on host 676d07ac814a
[2024-07-16 21:42:43,536] {taskinstance.py:1426} INFO - Exporting the following env vars:
AIRFLOW_CTX_DAG_OWNER=airflow
AIRFLOW_CTX_DAG_ID=load_stg_to_dds
AIRFLOW_CTX_TASK_ID=load_data_dds
AIRFLOW_CTX_EXECUTION_DATE=2024-07-16T21:42:42.087525+00:00
AIRFLOW_CTX_DAG_RUN_ID=manual__2024-07-16T21:42:42.087525+00:00
[2024-07-16 21:42:43,846] {python.py:175} INFO - Done. Returned value was: None
[2024-07-16 21:42:43,863] {taskinstance.py:1277} INFO - Marking task as SUCCESS. dag_id=load_stg_to_dds, task_id=load_data_dds, execution_date=20240716T214242, start_date=20240716T214243, end_date=20240716T214243
[2024-07-16 21:42:43,908] {local_task_job.py:154} INFO - Task exited with return code 0
[2024-07-16 21:42:43,943] {local_task_job.py:264} INFO - 0 downstream tasks scheduled from follow-on schedule check
