[2024-08-14 11:41:28,028] {taskinstance.py:1032} INFO - Dependencies all met for <TaskInstance: extract_stg.extract_people manual__2024-08-14T11:41:24.767930+00:00 [queued]>
[2024-08-14 11:41:28,041] {taskinstance.py:1032} INFO - Dependencies all met for <TaskInstance: extract_stg.extract_people manual__2024-08-14T11:41:24.767930+00:00 [queued]>
[2024-08-14 11:41:28,042] {taskinstance.py:1238} INFO - 
--------------------------------------------------------------------------------
[2024-08-14 11:41:28,042] {taskinstance.py:1239} INFO - Starting attempt 1 of 1
[2024-08-14 11:41:28,043] {taskinstance.py:1240} INFO - 
--------------------------------------------------------------------------------
[2024-08-14 11:41:28,055] {taskinstance.py:1259} INFO - Executing <Task(_PythonDecoratedOperator): extract_people> on 2024-08-14 11:41:24.767930+00:00
[2024-08-14 11:41:28,058] {standard_task_runner.py:52} INFO - Started process 26086 to run task
[2024-08-14 11:41:28,064] {standard_task_runner.py:76} INFO - Running: ['airflow', 'tasks', 'run', 'extract_stg', 'extract_people', 'manual__2024-08-14T11:41:24.767930+00:00', '--job-id', '69', '--raw', '--subdir', 'DAGS_FOLDER/extract_file_stg.py', '--cfg-path', '/tmp/tmpn9pko448', '--error-file', '/tmp/tmpnq2fs439']
[2024-08-14 11:41:28,068] {standard_task_runner.py:77} INFO - Job 69: Subtask extract_people
[2024-08-14 11:41:28,181] {logging_mixin.py:109} INFO - Running <TaskInstance: extract_stg.extract_people manual__2024-08-14T11:41:24.767930+00:00 [running]> on host 915f51171463
[2024-08-14 11:41:28,269] {taskinstance.py:1426} INFO - Exporting the following env vars:
AIRFLOW_CTX_DAG_OWNER=airflow
AIRFLOW_CTX_DAG_ID=extract_stg
AIRFLOW_CTX_TASK_ID=extract_people
AIRFLOW_CTX_EXECUTION_DATE=2024-08-14T11:41:24.767930+00:00
AIRFLOW_CTX_DAG_RUN_ID=manual__2024-08-14T11:41:24.767930+00:00
[2024-08-14 11:41:37,686] {python.py:175} INFO - Done. Returned value was: None
[2024-08-14 11:41:37,702] {taskinstance.py:1277} INFO - Marking task as SUCCESS. dag_id=extract_stg, task_id=extract_people, execution_date=20240814T114124, start_date=20240814T114128, end_date=20240814T114137
[2024-08-14 11:41:37,761] {local_task_job.py:154} INFO - Task exited with return code 0
[2024-08-14 11:41:37,804] {local_task_job.py:264} INFO - 1 downstream tasks scheduled from follow-on schedule check
