[2024-08-14 14:05:02,289] {taskinstance.py:1032} INFO - Dependencies all met for <TaskInstance: load_stg_to_dds2.load_data_dds manual__2024-08-14T14:05:01.152919+00:00 [queued]>
[2024-08-14 14:05:02,302] {taskinstance.py:1032} INFO - Dependencies all met for <TaskInstance: load_stg_to_dds2.load_data_dds manual__2024-08-14T14:05:01.152919+00:00 [queued]>
[2024-08-14 14:05:02,303] {taskinstance.py:1238} INFO - 
--------------------------------------------------------------------------------
[2024-08-14 14:05:02,303] {taskinstance.py:1239} INFO - Starting attempt 1 of 1
[2024-08-14 14:05:02,304] {taskinstance.py:1240} INFO - 
--------------------------------------------------------------------------------
[2024-08-14 14:05:02,316] {taskinstance.py:1259} INFO - Executing <Task(_PythonDecoratedOperator): load_data_dds> on 2024-08-14 14:05:01.152919+00:00
[2024-08-14 14:05:02,320] {standard_task_runner.py:52} INFO - Started process 30991 to run task
[2024-08-14 14:05:02,324] {standard_task_runner.py:76} INFO - Running: ['airflow', 'tasks', 'run', 'load_stg_to_dds2', 'load_data_dds', 'manual__2024-08-14T14:05:01.152919+00:00', '--job-id', '95', '--raw', '--subdir', 'DAGS_FOLDER/load_stg_to_dds2.py', '--cfg-path', '/tmp/tmppcemm2wy', '--error-file', '/tmp/tmpi5r4i__7']
[2024-08-14 14:05:02,329] {standard_task_runner.py:77} INFO - Job 95: Subtask load_data_dds
[2024-08-14 14:05:02,401] {logging_mixin.py:109} INFO - Running <TaskInstance: load_stg_to_dds2.load_data_dds manual__2024-08-14T14:05:01.152919+00:00 [running]> on host 915f51171463
[2024-08-14 14:05:02,472] {taskinstance.py:1426} INFO - Exporting the following env vars:
AIRFLOW_CTX_DAG_OWNER=airflow
AIRFLOW_CTX_DAG_ID=load_stg_to_dds2
AIRFLOW_CTX_TASK_ID=load_data_dds
AIRFLOW_CTX_EXECUTION_DATE=2024-08-14T14:05:01.152919+00:00
AIRFLOW_CTX_DAG_RUN_ID=manual__2024-08-14T14:05:01.152919+00:00
[2024-08-14 14:07:11,795] {python.py:175} INFO - Done. Returned value was: None
[2024-08-14 14:07:11,818] {taskinstance.py:1277} INFO - Marking task as SUCCESS. dag_id=load_stg_to_dds2, task_id=load_data_dds, execution_date=20240814T140501, start_date=20240814T140502, end_date=20240814T140711
[2024-08-14 14:07:11,886] {local_task_job.py:154} INFO - Task exited with return code 0
[2024-08-14 14:07:11,941] {local_task_job.py:264} INFO - 0 downstream tasks scheduled from follow-on schedule check
