[2024-08-14 13:49:24,719] {taskinstance.py:1032} INFO - Dependencies all met for <TaskInstance: load_stg_to_dds2.load_data_dds manual__2024-08-14T13:49:23.259693+00:00 [queued]>
[2024-08-14 13:49:24,734] {taskinstance.py:1032} INFO - Dependencies all met for <TaskInstance: load_stg_to_dds2.load_data_dds manual__2024-08-14T13:49:23.259693+00:00 [queued]>
[2024-08-14 13:49:24,735] {taskinstance.py:1238} INFO - 
--------------------------------------------------------------------------------
[2024-08-14 13:49:24,736] {taskinstance.py:1239} INFO - Starting attempt 1 of 1
[2024-08-14 13:49:24,737] {taskinstance.py:1240} INFO - 
--------------------------------------------------------------------------------
[2024-08-14 13:49:24,751] {taskinstance.py:1259} INFO - Executing <Task(_PythonDecoratedOperator): load_data_dds> on 2024-08-14 13:49:23.259693+00:00
[2024-08-14 13:49:24,755] {standard_task_runner.py:52} INFO - Started process 30323 to run task
[2024-08-14 13:49:24,758] {standard_task_runner.py:76} INFO - Running: ['airflow', 'tasks', 'run', 'load_stg_to_dds2', 'load_data_dds', 'manual__2024-08-14T13:49:23.259693+00:00', '--job-id', '91', '--raw', '--subdir', 'DAGS_FOLDER/load_stg_to_dds2.py', '--cfg-path', '/tmp/tmpnjrtdxdf', '--error-file', '/tmp/tmp4mxmb7jo']
[2024-08-14 13:49:24,766] {standard_task_runner.py:77} INFO - Job 91: Subtask load_data_dds
[2024-08-14 13:49:24,841] {logging_mixin.py:109} INFO - Running <TaskInstance: load_stg_to_dds2.load_data_dds manual__2024-08-14T13:49:23.259693+00:00 [running]> on host 915f51171463
[2024-08-14 13:49:24,918] {taskinstance.py:1426} INFO - Exporting the following env vars:
AIRFLOW_CTX_DAG_OWNER=airflow
AIRFLOW_CTX_DAG_ID=load_stg_to_dds2
AIRFLOW_CTX_TASK_ID=load_data_dds
AIRFLOW_CTX_EXECUTION_DATE=2024-08-14T13:49:23.259693+00:00
AIRFLOW_CTX_DAG_RUN_ID=manual__2024-08-14T13:49:23.259693+00:00
[2024-08-14 13:50:38,660] {python.py:175} INFO - Done. Returned value was: None
[2024-08-14 13:50:38,674] {taskinstance.py:1277} INFO - Marking task as SUCCESS. dag_id=load_stg_to_dds2, task_id=load_data_dds, execution_date=20240814T134923, start_date=20240814T134924, end_date=20240814T135038
[2024-08-14 13:50:38,710] {local_task_job.py:154} INFO - Task exited with return code 0
[2024-08-14 13:50:38,745] {local_task_job.py:264} INFO - 0 downstream tasks scheduled from follow-on schedule check
