[2024-07-18 22:53:24,152] {taskinstance.py:1032} INFO - Dependencies all met for <TaskInstance: load_stg_to_dds.load_data_dds manual__2024-07-18T22:53:22.510576+00:00 [queued]>
[2024-07-18 22:53:24,165] {taskinstance.py:1032} INFO - Dependencies all met for <TaskInstance: load_stg_to_dds.load_data_dds manual__2024-07-18T22:53:22.510576+00:00 [queued]>
[2024-07-18 22:53:24,166] {taskinstance.py:1238} INFO - 
--------------------------------------------------------------------------------
[2024-07-18 22:53:24,167] {taskinstance.py:1239} INFO - Starting attempt 1 of 1
[2024-07-18 22:53:24,168] {taskinstance.py:1240} INFO - 
--------------------------------------------------------------------------------
[2024-07-18 22:53:24,180] {taskinstance.py:1259} INFO - Executing <Task(_PythonDecoratedOperator): load_data_dds> on 2024-07-18 22:53:22.510576+00:00
[2024-07-18 22:53:24,185] {standard_task_runner.py:52} INFO - Started process 43884 to run task
[2024-07-18 22:53:24,190] {standard_task_runner.py:76} INFO - Running: ['airflow', 'tasks', 'run', 'load_stg_to_dds', 'load_data_dds', 'manual__2024-07-18T22:53:22.510576+00:00', '--job-id', '56', '--raw', '--subdir', 'DAGS_FOLDER/load_stg_to_dds.py', '--cfg-path', '/tmp/tmpmbqth9u8', '--error-file', '/tmp/tmpgluma8zr']
[2024-07-18 22:53:24,195] {standard_task_runner.py:77} INFO - Job 56: Subtask load_data_dds
[2024-07-18 22:53:24,291] {logging_mixin.py:109} INFO - Running <TaskInstance: load_stg_to_dds.load_data_dds manual__2024-07-18T22:53:22.510576+00:00 [running]> on host 676d07ac814a
[2024-07-18 22:53:24,364] {taskinstance.py:1426} INFO - Exporting the following env vars:
AIRFLOW_CTX_DAG_OWNER=airflow
AIRFLOW_CTX_DAG_ID=load_stg_to_dds
AIRFLOW_CTX_TASK_ID=load_data_dds
AIRFLOW_CTX_EXECUTION_DATE=2024-07-18T22:53:22.510576+00:00
AIRFLOW_CTX_DAG_RUN_ID=manual__2024-07-18T22:53:22.510576+00:00
[2024-07-18 22:53:27,872] {python.py:175} INFO - Done. Returned value was: None
[2024-07-18 22:53:27,887] {taskinstance.py:1277} INFO - Marking task as SUCCESS. dag_id=load_stg_to_dds, task_id=load_data_dds, execution_date=20240718T225322, start_date=20240718T225324, end_date=20240718T225327
[2024-07-18 22:53:27,918] {local_task_job.py:154} INFO - Task exited with return code 0
[2024-07-18 22:53:27,958] {local_task_job.py:264} INFO - 0 downstream tasks scheduled from follow-on schedule check
